[ 2018-03-01T22:15:06+08:00 ] ::1 ::1 GET /myo2o/public/index.php/admin/category/index.html
[ sql ] [ DB ] CONNECT:[ UseTime:0.017179s ] mysql:dbname=o2o;host=localhost;port=3306;charset=utf8
[ sql ] [ SQL ] SHOW COLUMNS FROM `o2o_category` [ RunTime:0.005224s ]
[ sql ] [ SQL ] SELECT COUNT(*) AS tp_count FROM `o2o_category` WHERE  `parent_id` = 0  AND `status` <> -1 LIMIT 1 [ RunTime:0.002800s ]
[ sql ] [ SQL ] SELECT * FROM `o2o_category` WHERE  `parent_id` = 0  AND `status` <> -1 ORDER BY `listorder`  desc,`id`  desc LIMIT 0,15 [ RunTime:0.000699s ]

---------------------------------------------------------------
[ 2018-03-01T22:15:10+08:00 ] ::1 ::1 GET /myo2o/public/index.php/admin/city/index.html
[ sql ] [ DB ] CONNECT:[ UseTime:0.011706s ] mysql:dbname=o2o;host=localhost;port=3306;charset=utf8
[ sql ] [ SQL ] SHOW COLUMNS FROM `o2o_city` [ RunTime:0.003076s ]
[ sql ] [ SQL ] SELECT * FROM `o2o_city` WHERE  `status` = 0  AND `parent_id` = 0 ORDER BY `id`  desc [ RunTime:0.000366s ]

---------------------------------------------------------------
[ 2018-03-01T22:15:13+08:00 ] ::1 ::1 GET /myo2o/public/index.php/admin/bis/index.html
[ sql ] [ DB ] CONNECT:[ UseTime:0.002303s ] mysql:dbname=o2o;host=localhost;port=3306;charset=utf8
[ sql ] [ SQL ] SHOW COLUMNS FROM `o2o_bis` [ RunTime:0.003287s ]
[ sql ] [ SQL ] SELECT COUNT(*) AS tp_count FROM `o2o_bis` WHERE  `status` = 1 LIMIT 1 [ RunTime:0.000380s ]
[ sql ] [ SQL ] SELECT * FROM `o2o_bis` WHERE  `status` = 1 ORDER BY `id`  desc LIMIT 0,15 [ RunTime:0.000359s ]

---------------------------------------------------------------
[ 2018-03-01T22:15:14+08:00 ] ::1 ::1 GET /myo2o/public/index.php/admin/bis/apply.html
[ sql ] [ DB ] CONNECT:[ UseTime:0.002140s ] mysql:dbname=o2o;host=localhost;port=3306;charset=utf8
[ sql ] [ SQL ] SHOW COLUMNS FROM `o2o_bis` [ RunTime:0.003075s ]
[ sql ] [ SQL ] SELECT COUNT(*) AS tp_count FROM `o2o_bis` WHERE  `status` = 0 LIMIT 1 [ RunTime:0.000310s ]
[ sql ] [ SQL ] SELECT * FROM `o2o_bis` WHERE  `status` = 0 ORDER BY `id`  desc LIMIT 0,15 [ RunTime:0.000334s ]

---------------------------------------------------------------
[ 2018-03-01T22:16:44+08:00 ] ::1 ::1 GET /myo2o/public/index.php/bis/register/index.html
[ sql ] [ DB ] CONNECT:[ UseTime:0.002100s ] mysql:dbname=o2o;host=localhost;port=3306;charset=utf8
[ sql ] [ SQL ] SHOW COLUMNS FROM `o2o_city` [ RunTime:0.003256s ]
[ sql ] [ SQL ] SELECT * FROM `o2o_city` WHERE  `status` = 0  AND `parent_id` = 0 ORDER BY `id`  desc [ RunTime:0.000433s ]
[ sql ] [ SQL ] SHOW COLUMNS FROM `o2o_category` [ RunTime:0.003421s ]
[ sql ] [ SQL ] SELECT * FROM `o2o_category` WHERE  `status` = 1  AND `parent_id` = 0 ORDER BY `id`  desc [ RunTime:0.000379s ]

---------------------------------------------------------------
[ 2018-03-01T22:17:35+08:00 ] ::1 ::1 GET /myo2o/public/index.php/bis/register/index.html
[ sql ] [ DB ] CONNECT:[ UseTime:0.002449s ] mysql:dbname=o2o;host=localhost;port=3306;charset=utf8
[ sql ] [ SQL ] SHOW COLUMNS FROM `o2o_city` [ RunTime:0.003310s ]
[ sql ] [ SQL ] SELECT * FROM `o2o_city` WHERE  `status` = 0  AND `parent_id` = 0 ORDER BY `id`  desc [ RunTime:0.000277s ]
[ sql ] [ SQL ] SHOW COLUMNS FROM `o2o_category` [ RunTime:0.002918s ]
[ sql ] [ SQL ] SELECT * FROM `o2o_category` WHERE  `status` = 1  AND `parent_id` = 0 ORDER BY `id`  desc [ RunTime:0.000235s ]

---------------------------------------------------------------
