[ 2018-03-02T11:15:04+08:00 ] ::1 ::1 GET /myo2o/public/index.php/admin/index/index
[ error ] [0]致命错误: Class 'PHPMailer' not found[C:\Apache24\htdocs\myo2o\extend\phpmailer\Email.php:19]

---------------------------------------------------------------
[ 2018-03-02T11:21:08+08:00 ] ::1 ::1 GET /myo2o/public/index.php/admin/index/index
[ error ] [0]致命错误: Class 'PHPMailer\PHPMailer' not found[C:\Apache24\htdocs\myo2o\extend\phpmailer\Email.php:18]

---------------------------------------------------------------
[ 2018-03-02T11:24:49+08:00 ] ::1 ::1 GET /myo2o/public/index.php/admin/index/index
[ error ] [0]致命错误: Class 'PHPMailer\PHPMailer' not found[C:\Apache24\htdocs\myo2o\extend\phpmailer\Email.php:18]

---------------------------------------------------------------
[ 2018-03-02T11:24:51+08:00 ] ::1 ::1 GET /myo2o/public/index.php/admin/index/index
[ error ] [0]致命错误: Class 'PHPMailer\PHPMailer' not found[C:\Apache24\htdocs\myo2o\extend\phpmailer\Email.php:18]

---------------------------------------------------------------
[ 2018-03-02T11:27:33+08:00 ] ::1 ::1 GET /myo2o/public/index.php/admin/index/index
[ error ] [0]致命错误: Class 'PHPMailer\PHPMailer\PHPMailer' not found[C:\Apache24\htdocs\myo2o\extend\phpmailer\Email.php:17]

---------------------------------------------------------------
[ 2018-03-02T11:36:22+08:00 ] ::1 ::1 GET /myo2o/public/index.php/admin/index/index
[ error ] [0]致命错误: Class 'PHPMailer\Email' not found[C:\Apache24\htdocs\myo2o\application\admin\controller\Index.php:8]

---------------------------------------------------------------
[ 2018-03-02T11:36:49+08:00 ] ::1 ::1 GET /myo2o/public/index.php/admin/index/index
[ error ] [0]致命错误: Class 'app\admin\controller\PHPMailer\PHPMailer\Email' not found[C:\Apache24\htdocs\myo2o\application\admin\controller\Index.php:8]

---------------------------------------------------------------
[ 2018-03-02T11:37:14+08:00 ] ::1 ::1 GET /myo2o/public/index.php/admin/index/index
[ error ] [0]致命错误: Class 'PHPMailer\PHPMailer\Email' not found[C:\Apache24\htdocs\myo2o\application\admin\controller\Index.php:8]

---------------------------------------------------------------
[ 2018-03-02T11:38:56+08:00 ] ::1 ::1 GET /myo2o/public/index.php/admin/index/index
[ error ] [0]致命错误: Class 'PHPMailer\PHPMailer\Email' not found[C:\Apache24\htdocs\myo2o\application\admin\controller\Index.php:8]

---------------------------------------------------------------
[ 2018-03-02T11:38:58+08:00 ] ::1 ::1 GET /myo2o/public/index.php/admin/index/index
[ error ] [0]致命错误: Class 'PHPMailer\PHPMailer\Email' not found[C:\Apache24\htdocs\myo2o\application\admin\controller\Index.php:8]

---------------------------------------------------------------
[ 2018-03-02T11:39:44+08:00 ] ::1 ::1 GET /myo2o/public/index.php/admin/index/index
[ error ] [0]致命错误: Class 'PHPMailer\PHPMailer\Email' not found[C:\Apache24\htdocs\myo2o\application\admin\controller\Index.php:8]

---------------------------------------------------------------
[ 2018-03-02T11:40:38+08:00 ] ::1 ::1 GET /myo2o/public/index.php/admin/index/index
[ error ] [0]致命错误: Class 'PHPMailer\PHPMailer\Email' not found[C:\Apache24\htdocs\myo2o\application\admin\controller\Index.php:8]

---------------------------------------------------------------
[ 2018-03-02T11:40:58+08:00 ] ::1 ::1 GET /myo2o/public/index.php/admin/index/index
[ error ] [0]致命错误: Class 'PHPMailer\PHPMailer\Email' not found[C:\Apache24\htdocs\myo2o\application\admin\controller\Index.php:8]

---------------------------------------------------------------
[ 2018-03-02T11:48:05+08:00 ] ::1 ::1 GET /myo2o/public/index.php/admin/index/index
[ error ] [0]致命错误: Class 'PHPMailer\PHPMailer\Email' not found[C:\Apache24\htdocs\myo2o\application\admin\controller\Index.php:8]

---------------------------------------------------------------
[ 2018-03-02T11:48:08+08:00 ] ::1 ::1 GET /myo2o/public/index.php/admin/index/index
[ error ] [0]致命错误: Class 'PHPMailer\PHPMailer\Email' not found[C:\Apache24\htdocs\myo2o\application\admin\controller\Index.php:8]

---------------------------------------------------------------
[ 2018-03-02T11:49:46+08:00 ] ::1 ::1 GET /myo2o/public/index.php/admin/index/index
[ error ] [0]致命错误: Class 'PHPMailer\Exception' not found[C:\Apache24\htdocs\myo2o\extend\PHPMailer\PHPMailer.php:1726]

---------------------------------------------------------------
[ 2018-03-02T12:00:19+08:00 ] ::1 ::1 GET /myo2o/public/index.php/admin/index/index
[ error ] [1]Maximum execution time of 30 seconds exceeded[C:\Apache24\htdocs\myo2o\extend\PHPMailer\SMTP.php:1125]

---------------------------------------------------------------
[ 2018-03-02T12:17:33+08:00 ] ::1 ::1 GET /myo2o/public/index.php/admin/index/index
[ error ] [1]Maximum execution time of 30 seconds exceeded[C:\Apache24\htdocs\myo2o\extend\PHPMailer\SMTP.php:1125]

---------------------------------------------------------------
[ 2018-03-02T12:28:04+08:00 ] ::1 ::1 POST /myo2o/public/index.php/admin/city/save.html
[ error ] [10501]SQLSTATE[23000]: Integrity constraint violation: 1062 Duplicate entry '' for key 'uname'[C:\Apache24\htdocs\myo2o\thinkphp\library\think\db\Connection.php:405]

---------------------------------------------------------------
[ 2018-03-02T12:40:38+08:00 ] ::1 ::1 POST /myo2o/public/index.php/bis/register/add.html
[ error ] [10501]SQLSTATE[01000]: Warning: 1265 Data truncated for column 'open_time' at row 1[C:\Apache24\htdocs\myo2o\thinkphp\library\think\db\Connection.php:405]

---------------------------------------------------------------
[ 2018-03-02T12:50:20+08:00 ] ::1 ::1 POST /myo2o/public/index.php/bis/register/add.html
[ error ] [10501]SQLSTATE[01000]: Warning: 1265 Data truncated for column 'open_time' at row 1[C:\Apache24\htdocs\myo2o\thinkphp\library\think\db\Connection.php:405]

---------------------------------------------------------------
[ 2018-03-02T12:50:39+08:00 ] ::1 ::1 POST /myo2o/public/index.php/bis/register/add.html
[ error ] [10501]SQLSTATE[01000]: Warning: 1265 Data truncated for column 'open_time' at row 1[C:\Apache24\htdocs\myo2o\thinkphp\library\think\db\Connection.php:405]

---------------------------------------------------------------
[ 2018-03-02T13:39:26+08:00 ] ::1 ::1 POST /myo2o/public/index.php/bis/register/add.html
[ error ] [2]Illegal string offset 'status'[C:\Apache24\htdocs\myo2o\application\bis\controller\Register.php:32]

---------------------------------------------------------------
[ 2018-03-02T13:45:09+08:00 ] ::1 ::1 POST /myo2o/public/index.php/bis/register/add.html
[ error ] [0]数据表字段不存在:[is_main][C:\Apache24\htdocs\myo2o\thinkphp\library\think\db\Builder.php:95]

---------------------------------------------------------------
[ 2018-03-02T14:00:43+08:00 ] ::1 ::1 GET /myo2o/public/index.php/admin/index/index
[ error ] [1]Maximum execution time of 30 seconds exceeded[C:\Apache24\htdocs\myo2o\extend\PHPMailer\SMTP.php:1125]

---------------------------------------------------------------
[ 2018-03-02T14:12:48+08:00 ] ::1 ::1 GET /myo2o/public/index.php/admin/index/index
[ error ] [1]Maximum execution time of 30 seconds exceeded[C:\Apache24\htdocs\myo2o\extend\PHPMailer\SMTP.php:1125]

---------------------------------------------------------------
[ 2018-03-02T14:17:19+08:00 ] ::1 ::1 GET /myo2o/public/index.php/admin/index/index
[ error ] [1]Maximum execution time of 30 seconds exceeded[C:\Apache24\htdocs\myo2o\extend\PHPMailer\SMTP.php:1125]

---------------------------------------------------------------
[ 2018-03-02T14:43:10+08:00 ] ::1 ::1 GET /myo2o/public/index.php/admin/index/index
[ error ] [1]Maximum execution time of 30 seconds exceeded[C:\Apache24\htdocs\myo2o\extend\PHPMailer\SMTP.php:1125]

---------------------------------------------------------------
[ 2018-03-02T14:46:34+08:00 ] ::1 ::1 GET /myo2o/public/index.php/admin/index/index
[ error ] [1]Maximum execution time of 30 seconds exceeded[C:\Apache24\htdocs\myo2o\extend\PHPMailer\SMTP.php:1125]

---------------------------------------------------------------
[ 2018-03-02T15:54:53+08:00 ] ::1 ::1 GET /myo2o/public/index.php/bis/location/add.html
[ error ] [0]method not exist:think\db\Query->getNormalCitysByParentId[C:\Apache24\htdocs\myo2o\thinkphp\library\think\db\Query.php:91]

---------------------------------------------------------------
[ 2018-03-02T15:55:08+08:00 ] ::1 ::1 GET /myo2o/public/index.php/bis/deal/add.html
[ error ] [0]method not exist:think\db\Query->getNormalCitysByParentId[C:\Apache24\htdocs\myo2o\thinkphp\library\think\db\Query.php:91]

---------------------------------------------------------------
[ 2018-03-02T15:55:51+08:00 ] ::1 ::1 GET /myo2o/public/index.php/bis/deal/add.html
[ error ] [0]method not exist:think\db\Query->getNormalCitysByParentId[C:\Apache24\htdocs\myo2o\thinkphp\library\think\db\Query.php:91]

---------------------------------------------------------------
[ 2018-03-02T16:14:11+08:00 ] ::1 ::1 GET /myo2o/public/index.php/admin/deal/apply.html
[ error ] [0]method not exist:think\db\Query->getNormalCitys[C:\Apache24\htdocs\myo2o\thinkphp\library\think\db\Query.php:91]

---------------------------------------------------------------
