[ 2018-03-04T10:40:18+08:00 ] ::1 ::1 POST /myo2o/public/index.php/bis/location/add.html
[ error ] [2]Illegal string offset 'status'[C:\Apache24\htdocs\myo2o\application\bis\controller\Location.php:27]

---------------------------------------------------------------
[ 2018-03-04T10:43:23+08:00 ] ::1 ::1 POST /myo2o/public/index.php/bis/location/add.html
[ error ] [0]致命错误: Cannot use object of type stdClass as array[C:\Apache24\htdocs\myo2o\application\bis\controller\Location.php:27]

---------------------------------------------------------------
[ 2018-03-04T10:43:50+08:00 ] ::1 ::1 POST /myo2o/public/index.php/bis/location/add.html
[ error ] [0]致命错误: Cannot use object of type stdClass as array[C:\Apache24\htdocs\myo2o\application\bis\controller\Location.php:27]

---------------------------------------------------------------
[ 2018-03-04T10:45:24+08:00 ] ::1 ::1 POST /myo2o/public/index.php/bis/location/add.html
[ error ] [0]数据表字段不存在:[api_address][C:\Apache24\htdocs\myo2o\thinkphp\library\think\db\Builder.php:95]

---------------------------------------------------------------
[ 2018-03-04T10:53:59+08:00 ] ::1 ::1 GET /myo2o/public/index.php/admin/bis/index.html
[ error ] [0]致命错误: Call to a member function appends() on array[C:\Apache24\htdocs\myo2o\application\common.php:73]

---------------------------------------------------------------
[ 2018-03-04T10:54:11+08:00 ] ::1 ::1 GET /myo2o/public/index.php/admin/bis/index.html
[ error ] [0]致命错误: Call to a member function appends() on array[C:\Apache24\htdocs\myo2o\application\common.php:73]

---------------------------------------------------------------
[ 2018-03-04T10:54:59+08:00 ] ::1 ::1 GET /myo2o/public/index.php/admin/bis/index.html
[ error ] [0]致命错误: Call to a member function appends() on array[C:\Apache24\htdocs\myo2o\application\common.php:73]

---------------------------------------------------------------
[ 2018-03-04T11:05:55+08:00 ] ::1 ::1 GET /myo2o/public/index.php/admin/city/index.html
[ error ] [0]致命错误: Call to a member function appends() on array[C:\Apache24\htdocs\myo2o\application\common.php:73]

---------------------------------------------------------------
[ 2018-03-04T11:06:04+08:00 ] ::1 ::1 GET /myo2o/public/index.php/admin/category/index.html
[ error ] [0]致命错误: Call to a member function appends() on array[C:\Apache24\htdocs\myo2o\application\common.php:73]

---------------------------------------------------------------
[ 2018-03-04T11:06:08+08:00 ] ::1 ::1 GET /myo2o/public/index.php/admin/city/index.html
[ error ] [0]致命错误: Call to a member function appends() on array[C:\Apache24\htdocs\myo2o\application\common.php:73]

---------------------------------------------------------------
[ 2018-03-04T11:06:18+08:00 ] ::1 ::1 GET /myo2o/public/index.php/admin/city/index.html
[ error ] [0]致命错误: Call to a member function appends() on array[C:\Apache24\htdocs\myo2o\application\common.php:73]

---------------------------------------------------------------
[ 2018-03-04T11:17:16+08:00 ] ::1 ::1 GET /myo2o/public/index.php/admin/category/index.html
[ error ] [2]Missing argument 1 for pagination(), called in C:\Apache24\htdocs\myo2o\runtime\temp\7bd15f3d3c6fb895bcd7b3fb03bca913.php on line 69 and defined[C:\Apache24\htdocs\myo2o\application\common.php:67]

---------------------------------------------------------------
[ 2018-03-04T11:18:24+08:00 ] ::1 ::1 GET /myo2o/public/index.php/admin/category/index.html
[ error ] [2]Missing argument 1 for pagination(), called in C:\Apache24\htdocs\myo2o\runtime\temp\7bd15f3d3c6fb895bcd7b3fb03bca913.php on line 69 and defined[C:\Apache24\htdocs\myo2o\application\common.php:67]

---------------------------------------------------------------
[ 2018-03-04T12:47:33+08:00 ] ::1 ::1 GET /myo2o/public/index.php/admin/deal/apply.html
[ error ] [0]method not exist:think\db\Query->getNormalCitys[C:\Apache24\htdocs\myo2o\thinkphp\library\think\db\Query.php:91]

---------------------------------------------------------------
[ 2018-03-04T12:47:35+08:00 ] ::1 ::1 GET /myo2o/public/index.php/admin/deal/apply.html
[ error ] [0]method not exist:think\db\Query->getNormalCitys[C:\Apache24\htdocs\myo2o\thinkphp\library\think\db\Query.php:91]

---------------------------------------------------------------
[ 2018-03-04T12:47:36+08:00 ] ::1 ::1 GET /myo2o/public/index.php/admin/deal/index.html
[ error ] [0]method not exist:think\db\Query->getNormalCitys[C:\Apache24\htdocs\myo2o\thinkphp\library\think\db\Query.php:91]

---------------------------------------------------------------
[ 2018-03-04T12:47:53+08:00 ] ::1 ::1 GET /myo2o/public/index.php/admin/deal/apply.html
[ error ] [0]method not exist:think\db\Query->getNormalCitys[C:\Apache24\htdocs\myo2o\thinkphp\library\think\db\Query.php:91]

---------------------------------------------------------------
[ 2018-03-04T12:52:51+08:00 ] ::1 ::1 GET /myo2o/public/index.php/admin/deal/apply.html
[ error ] [0]method not exist:think\db\Query->getNormalCitys[C:\Apache24\htdocs\myo2o\thinkphp\library\think\db\Query.php:91]

---------------------------------------------------------------
[ 2018-03-04T14:53:06+08:00 ] ::1 ::1 GET /myo2o/public/index.php/admin/user/index.html
[ error ] [0]语法解析错误: syntax error, unexpected '?>'[C:\Apache24\htdocs\myo2o\runtime\temp\1d3ef7c9ddd5b4db4e3bda129d2c2506.php:60]

---------------------------------------------------------------
[ 2018-03-04T14:54:48+08:00 ] ::1 ::1 GET /myo2o/public/index.php/admin/user/index.html
[ error ] [0]语法解析错误: syntax error, unexpected '?>'[C:\Apache24\htdocs\myo2o\runtime\temp\1d3ef7c9ddd5b4db4e3bda129d2c2506.php:60]

---------------------------------------------------------------
[ 2018-03-04T15:06:24+08:00 ] ::1 ::1 GET /myo2o/public/index.php/index/index/index.html
[ error ] [0]method not exist:think\db\Query->getNormalCitys[C:\Apache24\htdocs\myo2o\thinkphp\library\think\db\Query.php:91]

---------------------------------------------------------------
[ 2018-03-04T15:30:14+08:00 ] ::1 ::1 GET /myo2o/public/index.php/index/index/index.html
[ error ] [0]method not exist:think\db\Query->getNormalCitys[C:\Apache24\htdocs\myo2o\thinkphp\library\think\db\Query.php:91]

---------------------------------------------------------------
[ 2018-03-04T15:31:44+08:00 ] ::1 ::1 GET /myo2o/public/index.php/index/index/index.html
[ error ] [8]未定义数组索引: is_default[C:\Apache24\htdocs\myo2o\application\index\controller\Base.php:29]

---------------------------------------------------------------
[ 2018-03-04T15:39:26+08:00 ] ::1 ::1 GET /myo2o/public/index.php/index/index/index.html
[ error ] [8]未定义数组索引: uname[C:\Apache24\htdocs\myo2o\application\index\controller\Base.php:30]

---------------------------------------------------------------
[ 2018-03-04T16:17:23+08:00 ] ::1 ::1 GET /myo2o/public/index.php/bis/location/index.html
[ error ] [0]类的属性不存在:app\common\model\BisAccount->data[C:\Apache24\htdocs\myo2o\thinkphp\library\think\Model.php:424]

---------------------------------------------------------------
[ 2018-03-04T16:17:49+08:00 ] ::1 ::1 GET /myo2o/public/index.php/bis/location/index.html
[ error ] [0]类的属性不存在:app\common\model\BisAccount->data[C:\Apache24\htdocs\myo2o\thinkphp\library\think\Model.php:424]

---------------------------------------------------------------
[ 2018-03-04T16:18:04+08:00 ] ::1 ::1 GET /myo2o/public/index.php/bis/location/index.html
[ error ] [0]类的属性不存在:app\common\model\BisAccount->data[C:\Apache24\htdocs\myo2o\thinkphp\library\think\Model.php:424]

---------------------------------------------------------------
[ 2018-03-04T16:34:05+08:00 ] ::1 ::1 GET /myo2o/public/index.php/bis/location/index.html
[ error ] [2]Missing argument 1 for think\db\Query::where()[C:\Apache24\htdocs\myo2o\thinkphp\library\think\db\Query.php:848]

---------------------------------------------------------------
[ 2018-03-04T16:54:29+08:00 ] ::1 ::1 POST /myo2o/public/index.php/bis/deal/add.html
[ error ] [8]未定义数组索引: location_ids[C:\Apache24\htdocs\myo2o\application\bis\controller\Deal.php:21]

---------------------------------------------------------------
[ 2018-03-04T17:10:22+08:00 ] ::1 ::1 GET /myo2o/public/index.php/bis/deal/index.html
[ error ] [8]未定义数组下标: 0[C:\Apache24\htdocs\myo2o\thinkphp\library\think\db\Builder.php:277]

---------------------------------------------------------------
[ 2018-03-04T17:10:33+08:00 ] ::1 ::1 GET /myo2o/public/index.php/bis/deal/index.html
[ error ] [8]未定义数组下标: 0[C:\Apache24\htdocs\myo2o\thinkphp\library\think\db\Builder.php:277]

---------------------------------------------------------------
[ 2018-03-04T17:11:12+08:00 ] ::1 ::1 GET /myo2o/public/index.php/bis/deal/index.html
[ error ] [8]未定义变量: bises[C:\Apache24\htdocs\myo2o\runtime\temp\bb36a7e8a090d1ceb64c27470489ee4a.php:51]

---------------------------------------------------------------
[ 2018-03-04T17:11:16+08:00 ] ::1 ::1 GET /myo2o/public/index.php/bis/deal/index.html
[ error ] [8]未定义变量: bises[C:\Apache24\htdocs\myo2o\runtime\temp\bb36a7e8a090d1ceb64c27470489ee4a.php:51]

---------------------------------------------------------------
