[ 2018-03-06T11:24:58+08:00 ] ::1 ::1 GET /myo2o/public/index.php/index/user/register.html
[ log ] localhost/myo2o/public/index.php/index/user/register.html [运行时间：0.467698s][吞吐率：2.14req/s] [内存消耗：1,734.88kb] [文件加载：46]
[ info ] [ LANG ] C:\Apache24\htdocs\myo2o\thinkphp\lang\zh-cn.php
[ info ] [ ROUTE ] array (
  'type' => 'module',
  'module' => 
  array (
    0 => 'index',
    1 => 'user',
    2 => 'register',
  ),
)
[ info ] [ HEADER ] array (
  'host' => 'localhost',
  'connection' => 'keep-alive',
  'upgrade-insecure-requests' => '1',
  'user-agent' => 'Mozilla/5.0 (Windows NT 10.0; Win64; x64) AppleWebKit/537.36 (KHTML, like Gecko) Chrome/64.0.3282.186 Safari/537.36',
  'accept' => 'text/html,application/xhtml+xml,application/xml;q=0.9,image/webp,image/apng,*/*;q=0.8',
  'accept-encoding' => 'gzip, deflate, br',
  'accept-language' => 'zh-CN,zh;q=0.9',
  'cookie' => 'pgv_pvi=6268656640; Huiskin=green; Hm_lvt_080836300300be57b7f34f4b3e97d911=1519964715,1520048305,1520132030,1520219091',
)
[ info ] [ PARAM ] array (
)
[ info ] [ RUN ] app\index\controller\User->register[ C:\Apache24\htdocs\myo2o\application\index\controller\User.php ]
[ info ] [ VIEW ] C:\Apache24\htdocs\myo2o\public/../application/index\view\user\register.html [ array (
) ]
[ info ] [ LOG ] INIT File

---------------------------------------------------------------
[ 2018-03-06T11:24:58+08:00 ] ::1 ::1 GET /myo2o/public/index.php/captcha.html
[ log ] localhost/myo2o/public/index.php/captcha.html [运行时间：0.068400s][吞吐率：14.62req/s] [内存消耗：1,394.21kb] [文件加载：39]
[ info ] [ LANG ] C:\Apache24\htdocs\myo2o\thinkphp\lang\zh-cn.php
[ info ] [ ROUTE ] array (
  'type' => 'method',
  'method' => 
  array (
    0 => '\\think\\captcha\\CaptchaController',
    1 => 'index',
  ),
)
[ info ] [ HEADER ] array (
  'host' => 'localhost',
  'connection' => 'keep-alive',
  'user-agent' => 'Mozilla/5.0 (Windows NT 10.0; Win64; x64) AppleWebKit/537.36 (KHTML, like Gecko) Chrome/64.0.3282.186 Safari/537.36',
  'accept' => 'image/webp,image/apng,image/*,*/*;q=0.8',
  'referer' => 'http://localhost/myo2o/public/index.php/index/user/register.html',
  'accept-encoding' => 'gzip, deflate, br',
  'accept-language' => 'zh-CN,zh;q=0.9',
  'cookie' => 'pgv_pvi=6268656640; Huiskin=green; Hm_lvt_080836300300be57b7f34f4b3e97d911=1519964715,1520048305,1520132030,1520219091',
)
[ info ] [ PARAM ] array (
  'id' => NULL,
)
[ info ] [ RUN ] think\captcha\CaptchaController->index[ C:\Apache24\htdocs\myo2o\vendor\topthink\think-captcha\src\CaptchaController.php ]
[ info ] [ SESSION ] INIT array (
  'id' => '',
  'var_session_id' => '',
  'prefix' => 'think',
  'type' => '',
  'auto_start' => true,
)
[ info ] [ LOG ] INIT File

---------------------------------------------------------------
[ 2018-03-06T11:25:45+08:00 ] ::1 ::1 GET /myo2o/public/index.php/bis/index/index.html
[ log ] localhost/myo2o/public/index.php/bis/index/index.html [运行时间：0.075855s][吞吐率：13.18req/s] [内存消耗：1,749.13kb] [文件加载：50]
[ info ] [ LANG ] C:\Apache24\htdocs\myo2o\thinkphp\lang\zh-cn.php
[ info ] [ ROUTE ] array (
  'type' => 'module',
  'module' => 
  array (
    0 => 'bis',
    1 => 'index',
    2 => 'index',
  ),
)
[ info ] [ HEADER ] array (
  'host' => 'localhost',
  'connection' => 'keep-alive',
  'upgrade-insecure-requests' => '1',
  'user-agent' => 'Mozilla/5.0 (Windows NT 10.0; Win64; x64) AppleWebKit/537.36 (KHTML, like Gecko) Chrome/64.0.3282.186 Safari/537.36',
  'accept' => 'text/html,application/xhtml+xml,application/xml;q=0.9,image/webp,image/apng,*/*;q=0.8',
  'accept-encoding' => 'gzip, deflate, br',
  'accept-language' => 'zh-CN,zh;q=0.9',
  'cookie' => 'pgv_pvi=6268656640; Huiskin=green; Hm_lvt_080836300300be57b7f34f4b3e97d911=1519964715,1520048305,1520132030,1520219091; PHPSESSID=pom9ntoq852g8nkq16qiqtcu05',
)
[ info ] [ PARAM ] array (
)
[ info ] [ SESSION ] INIT array (
  'id' => '',
  'var_session_id' => '',
  'prefix' => 'think',
  'type' => '',
  'auto_start' => true,
)
[ info ] [ LOG ] INIT File

---------------------------------------------------------------
[ 2018-03-06T11:25:45+08:00 ] ::1 ::1 GET /myo2o/public/index.php/bis/login/index.html
[ log ] localhost/myo2o/public/index.php/bis/login/index.html [运行时间：0.042954s][吞吐率：23.28req/s] [内存消耗：1,738.25kb] [文件加载：48]
[ info ] [ LANG ] C:\Apache24\htdocs\myo2o\thinkphp\lang\zh-cn.php
[ info ] [ ROUTE ] array (
  'type' => 'module',
  'module' => 
  array (
    0 => 'bis',
    1 => 'login',
    2 => 'index',
  ),
)
[ info ] [ HEADER ] array (
  'host' => 'localhost',
  'connection' => 'keep-alive',
  'upgrade-insecure-requests' => '1',
  'user-agent' => 'Mozilla/5.0 (Windows NT 10.0; Win64; x64) AppleWebKit/537.36 (KHTML, like Gecko) Chrome/64.0.3282.186 Safari/537.36',
  'accept' => 'text/html,application/xhtml+xml,application/xml;q=0.9,image/webp,image/apng,*/*;q=0.8',
  'accept-encoding' => 'gzip, deflate, br',
  'accept-language' => 'zh-CN,zh;q=0.9',
  'cookie' => 'pgv_pvi=6268656640; Huiskin=green; Hm_lvt_080836300300be57b7f34f4b3e97d911=1519964715,1520048305,1520132030,1520219091; PHPSESSID=pom9ntoq852g8nkq16qiqtcu05',
)
[ info ] [ PARAM ] array (
)
[ info ] [ RUN ] app\bis\controller\Login->index[ C:\Apache24\htdocs\myo2o\application\bis\controller\Login.php ]
[ info ] [ SESSION ] INIT array (
  'id' => '',
  'var_session_id' => '',
  'prefix' => 'think',
  'type' => '',
  'auto_start' => true,
)
[ info ] [ VIEW ] C:\Apache24\htdocs\myo2o\public/../application/bis\view\login\index.html [ array (
) ]
[ info ] [ LOG ] INIT File

---------------------------------------------------------------
[ 2018-03-06T11:25:48+08:00 ] ::1 ::1 GET /myo2o/public/index.php/bis/register/index.html
[ log ] localhost/myo2o/public/index.php/bis/register/index.html [运行时间：0.168259s][吞吐率：5.94req/s] [内存消耗：2,728.38kb] [文件加载：58]
[ info ] [ LANG ] C:\Apache24\htdocs\myo2o\thinkphp\lang\zh-cn.php
[ info ] [ ROUTE ] array (
  'type' => 'module',
  'module' => 
  array (
    0 => 'bis',
    1 => 'register',
    2 => 'index',
  ),
)
[ info ] [ HEADER ] array (
  'host' => 'localhost',
  'connection' => 'keep-alive',
  'upgrade-insecure-requests' => '1',
  'user-agent' => 'Mozilla/5.0 (Windows NT 10.0; Win64; x64) AppleWebKit/537.36 (KHTML, like Gecko) Chrome/64.0.3282.186 Safari/537.36',
  'accept' => 'text/html,application/xhtml+xml,application/xml;q=0.9,image/webp,image/apng,*/*;q=0.8',
  'referer' => 'http://localhost/myo2o/public/index.php/bis/login/index.html',
  'accept-encoding' => 'gzip, deflate, br',
  'accept-language' => 'zh-CN,zh;q=0.9',
  'cookie' => 'pgv_pvi=6268656640; Huiskin=green; Hm_lvt_080836300300be57b7f34f4b3e97d911=1519964715,1520048305,1520132030,1520219091; PHPSESSID=pom9ntoq852g8nkq16qiqtcu05',
)
[ info ] [ PARAM ] array (
)
[ info ] [ RUN ] app\bis\controller\Register->index[ C:\Apache24\htdocs\myo2o\application\bis\controller\Register.php ]
[ info ] [ DB ] INIT mysql
[ info ] [ VIEW ] C:\Apache24\htdocs\myo2o\public/../application/bis\view\register\index.html [ array (
  0 => 'citys',
  1 => 'categorys',
) ]
[ info ] [ LOG ] INIT File

---------------------------------------------------------------
[ 2018-03-06T11:27:21+08:00 ] ::1 ::1 GET /myo2o/public/index.php/index/index/index.html
[ log ] localhost/myo2o/public/index.php/index/index/index.html [运行时间：0.142718s][吞吐率：7.01req/s] [内存消耗：2,765.65kb] [文件加载：59]
[ info ] [ LANG ] C:\Apache24\htdocs\myo2o\thinkphp\lang\zh-cn.php
[ info ] [ ROUTE ] array (
  'type' => 'module',
  'module' => 
  array (
    0 => 'index',
    1 => 'index',
    2 => 'index',
  ),
)
[ info ] [ HEADER ] array (
  'host' => 'localhost',
  'connection' => 'keep-alive',
  'upgrade-insecure-requests' => '1',
  'user-agent' => 'Mozilla/5.0 (Windows NT 10.0; Win64; x64) AppleWebKit/537.36 (KHTML, like Gecko) Chrome/64.0.3282.186 Safari/537.36',
  'accept' => 'text/html,application/xhtml+xml,application/xml;q=0.9,image/webp,image/apng,*/*;q=0.8',
  'accept-encoding' => 'gzip, deflate, br',
  'accept-language' => 'zh-CN,zh;q=0.9',
  'cookie' => 'pgv_pvi=6268656640; Huiskin=green; Hm_lvt_080836300300be57b7f34f4b3e97d911=1519964715,1520048305,1520132030,1520219091; PHPSESSID=pom9ntoq852g8nkq16qiqtcu05',
)
[ info ] [ PARAM ] array (
)
[ info ] [ DB ] INIT mysql
[ info ] [ SESSION ] INIT array (
  'id' => '',
  'var_session_id' => '',
  'prefix' => 'think',
  'type' => '',
  'auto_start' => true,
)
[ info ] [ RUN ] app\index\controller\Index->index[ C:\Apache24\htdocs\myo2o\application\index\controller\Index.php ]
[ info ] [ VIEW ] C:\Apache24\htdocs\myo2o\public/../application/index\view\index\index.html [ array (
  0 => 'citys',
  1 => 'city',
  2 => 'cats',
  3 => 'controler',
  4 => 'user',
  5 => 'title',
  6 => 'datas',
  7 => 'meishicates',
  8 => 'controller',
) ]
[ info ] [ LOG ] INIT File

---------------------------------------------------------------
[ 2018-03-06T11:27:24+08:00 ] ::1 ::1 GET /myo2o/public/index.php/index/user/login.html
[ log ] localhost/myo2o/public/index.php/index/user/login.html [运行时间：0.039168s][吞吐率：25.53req/s] [内存消耗：1,737.82kb] [文件加载：46]
[ info ] [ LANG ] C:\Apache24\htdocs\myo2o\thinkphp\lang\zh-cn.php
[ info ] [ ROUTE ] array (
  'type' => 'module',
  'module' => 
  array (
    0 => 'index',
    1 => 'user',
    2 => 'login',
  ),
)
[ info ] [ HEADER ] array (
  'host' => 'localhost',
  'connection' => 'keep-alive',
  'upgrade-insecure-requests' => '1',
  'user-agent' => 'Mozilla/5.0 (Windows NT 10.0; Win64; x64) AppleWebKit/537.36 (KHTML, like Gecko) Chrome/64.0.3282.186 Safari/537.36',
  'accept' => 'text/html,application/xhtml+xml,application/xml;q=0.9,image/webp,image/apng,*/*;q=0.8',
  'referer' => 'http://localhost/myo2o/public/index.php/index/index/index.html',
  'accept-encoding' => 'gzip, deflate, br',
  'accept-language' => 'zh-CN,zh;q=0.9',
  'cookie' => 'pgv_pvi=6268656640; Huiskin=green; Hm_lvt_080836300300be57b7f34f4b3e97d911=1519964715,1520048305,1520132030,1520219091; PHPSESSID=pom9ntoq852g8nkq16qiqtcu05',
)
[ info ] [ PARAM ] array (
)
[ info ] [ RUN ] app\index\controller\User->login[ C:\Apache24\htdocs\myo2o\application\index\controller\User.php ]
[ info ] [ SESSION ] INIT array (
  'id' => '',
  'var_session_id' => '',
  'prefix' => 'think',
  'type' => '',
  'auto_start' => true,
)
[ info ] [ VIEW ] C:\Apache24\htdocs\myo2o\public/../application/index\view\user\login.html [ array (
) ]
[ info ] [ LOG ] INIT File

---------------------------------------------------------------
[ 2018-03-06T11:27:25+08:00 ] ::1 ::1 GET /myo2o/public/index.php/index/user/register.html
[ log ] localhost/myo2o/public/index.php/index/user/register.html [运行时间：0.030015s][吞吐率：33.32req/s] [内存消耗：1,735.48kb] [文件加载：46]
[ info ] [ LANG ] C:\Apache24\htdocs\myo2o\thinkphp\lang\zh-cn.php
[ info ] [ ROUTE ] array (
  'type' => 'module',
  'module' => 
  array (
    0 => 'index',
    1 => 'user',
    2 => 'register',
  ),
)
[ info ] [ HEADER ] array (
  'host' => 'localhost',
  'connection' => 'keep-alive',
  'upgrade-insecure-requests' => '1',
  'user-agent' => 'Mozilla/5.0 (Windows NT 10.0; Win64; x64) AppleWebKit/537.36 (KHTML, like Gecko) Chrome/64.0.3282.186 Safari/537.36',
  'accept' => 'text/html,application/xhtml+xml,application/xml;q=0.9,image/webp,image/apng,*/*;q=0.8',
  'referer' => 'http://localhost/myo2o/public/index.php/index/user/login.html',
  'accept-encoding' => 'gzip, deflate, br',
  'accept-language' => 'zh-CN,zh;q=0.9',
  'cookie' => 'pgv_pvi=6268656640; Huiskin=green; Hm_lvt_080836300300be57b7f34f4b3e97d911=1519964715,1520048305,1520132030,1520219091; PHPSESSID=pom9ntoq852g8nkq16qiqtcu05',
)
[ info ] [ PARAM ] array (
)
[ info ] [ RUN ] app\index\controller\User->register[ C:\Apache24\htdocs\myo2o\application\index\controller\User.php ]
[ info ] [ VIEW ] C:\Apache24\htdocs\myo2o\public/../application/index\view\user\register.html [ array (
) ]
[ info ] [ LOG ] INIT File

---------------------------------------------------------------
[ 2018-03-06T11:27:25+08:00 ] ::1 ::1 GET /myo2o/public/index.php/captcha.html
[ log ] localhost/myo2o/public/index.php/captcha.html [运行时间：0.027469s][吞吐率：36.40req/s] [内存消耗：1,394.82kb] [文件加载：39]
[ info ] [ LANG ] C:\Apache24\htdocs\myo2o\thinkphp\lang\zh-cn.php
[ info ] [ ROUTE ] array (
  'type' => 'method',
  'method' => 
  array (
    0 => '\\think\\captcha\\CaptchaController',
    1 => 'index',
  ),
)
[ info ] [ HEADER ] array (
  'host' => 'localhost',
  'connection' => 'keep-alive',
  'user-agent' => 'Mozilla/5.0 (Windows NT 10.0; Win64; x64) AppleWebKit/537.36 (KHTML, like Gecko) Chrome/64.0.3282.186 Safari/537.36',
  'accept' => 'image/webp,image/apng,image/*,*/*;q=0.8',
  'referer' => 'http://localhost/myo2o/public/index.php/index/user/register.html',
  'accept-encoding' => 'gzip, deflate, br',
  'accept-language' => 'zh-CN,zh;q=0.9',
  'cookie' => 'pgv_pvi=6268656640; Huiskin=green; Hm_lvt_080836300300be57b7f34f4b3e97d911=1519964715,1520048305,1520132030,1520219091; PHPSESSID=pom9ntoq852g8nkq16qiqtcu05',
)
[ info ] [ PARAM ] array (
  'id' => NULL,
)
[ info ] [ RUN ] think\captcha\CaptchaController->index[ C:\Apache24\htdocs\myo2o\vendor\topthink\think-captcha\src\CaptchaController.php ]
[ info ] [ SESSION ] INIT array (
  'id' => '',
  'var_session_id' => '',
  'prefix' => 'think',
  'type' => '',
  'auto_start' => true,
)
[ info ] [ LOG ] INIT File

---------------------------------------------------------------
[ 2018-03-06T11:27:28+08:00 ] ::1 ::1 GET /myo2o/public/index.php/index/user/login.html
[ log ] localhost/myo2o/public/index.php/index/user/login.html [运行时间：0.027024s][吞吐率：37.00req/s] [内存消耗：1,737.82kb] [文件加载：46]
[ info ] [ LANG ] C:\Apache24\htdocs\myo2o\thinkphp\lang\zh-cn.php
[ info ] [ ROUTE ] array (
  'type' => 'module',
  'module' => 
  array (
    0 => 'index',
    1 => 'user',
    2 => 'login',
  ),
)
[ info ] [ HEADER ] array (
  'host' => 'localhost',
  'connection' => 'keep-alive',
  'upgrade-insecure-requests' => '1',
  'user-agent' => 'Mozilla/5.0 (Windows NT 10.0; Win64; x64) AppleWebKit/537.36 (KHTML, like Gecko) Chrome/64.0.3282.186 Safari/537.36',
  'accept' => 'text/html,application/xhtml+xml,application/xml;q=0.9,image/webp,image/apng,*/*;q=0.8',
  'referer' => 'http://localhost/myo2o/public/index.php/index/index/index.html',
  'accept-encoding' => 'gzip, deflate, br',
  'accept-language' => 'zh-CN,zh;q=0.9',
  'cookie' => 'pgv_pvi=6268656640; Huiskin=green; Hm_lvt_080836300300be57b7f34f4b3e97d911=1519964715,1520048305,1520132030,1520219091; PHPSESSID=pom9ntoq852g8nkq16qiqtcu05',
)
[ info ] [ PARAM ] array (
)
[ info ] [ RUN ] app\index\controller\User->login[ C:\Apache24\htdocs\myo2o\application\index\controller\User.php ]
[ info ] [ SESSION ] INIT array (
  'id' => '',
  'var_session_id' => '',
  'prefix' => 'think',
  'type' => '',
  'auto_start' => true,
)
[ info ] [ VIEW ] C:\Apache24\htdocs\myo2o\public/../application/index\view\user\login.html [ array (
) ]
[ info ] [ LOG ] INIT File

---------------------------------------------------------------
[ 2018-03-06T11:27:29+08:00 ] ::1 ::1 GET /myo2o/public/index.php/index/index/index.html
[ log ] localhost/myo2o/public/index.php/index/index/index.html [运行时间：0.057303s][吞吐率：17.45req/s] [内存消耗：2,765.74kb] [文件加载：59]
[ info ] [ LANG ] C:\Apache24\htdocs\myo2o\thinkphp\lang\zh-cn.php
[ info ] [ ROUTE ] array (
  'type' => 'module',
  'module' => 
  array (
    0 => 'index',
    1 => 'index',
    2 => 'index',
  ),
)
[ info ] [ HEADER ] array (
  'host' => 'localhost',
  'connection' => 'keep-alive',
  'upgrade-insecure-requests' => '1',
  'user-agent' => 'Mozilla/5.0 (Windows NT 10.0; Win64; x64) AppleWebKit/537.36 (KHTML, like Gecko) Chrome/64.0.3282.186 Safari/537.36',
  'accept' => 'text/html,application/xhtml+xml,application/xml;q=0.9,image/webp,image/apng,*/*;q=0.8',
  'accept-encoding' => 'gzip, deflate, br',
  'accept-language' => 'zh-CN,zh;q=0.9',
  'cookie' => 'pgv_pvi=6268656640; Huiskin=green; Hm_lvt_080836300300be57b7f34f4b3e97d911=1519964715,1520048305,1520132030,1520219091; PHPSESSID=pom9ntoq852g8nkq16qiqtcu05',
)
[ info ] [ PARAM ] array (
)
[ info ] [ DB ] INIT mysql
[ info ] [ SESSION ] INIT array (
  'id' => '',
  'var_session_id' => '',
  'prefix' => 'think',
  'type' => '',
  'auto_start' => true,
)
[ info ] [ RUN ] app\index\controller\Index->index[ C:\Apache24\htdocs\myo2o\application\index\controller\Index.php ]
[ info ] [ VIEW ] C:\Apache24\htdocs\myo2o\public/../application/index\view\index\index.html [ array (
  0 => 'citys',
  1 => 'city',
  2 => 'cats',
  3 => 'controler',
  4 => 'user',
  5 => 'title',
  6 => 'datas',
  7 => 'meishicates',
  8 => 'controller',
) ]
[ info ] [ LOG ] INIT File

---------------------------------------------------------------
[ 2018-03-06T13:14:57+08:00 ] ::1 ::1 GET /myo2o/public/index.php/bis/index/index
[ log ] localhost/myo2o/public/index.php/bis/index/index [运行时间：0.441712s][吞吐率：2.26req/s] [内存消耗：1,749.59kb] [文件加载：50]
[ info ] [ LANG ] C:\Apache24\htdocs\myo2o\thinkphp\lang\zh-cn.php
[ info ] [ ROUTE ] array (
  'type' => 'module',
  'module' => 
  array (
    0 => 'bis',
    1 => 'index',
    2 => 'index',
  ),
)
[ info ] [ HEADER ] array (
  'host' => 'localhost',
  'connection' => 'keep-alive',
  'upgrade-insecure-requests' => '1',
  'user-agent' => 'Mozilla/5.0 (Windows NT 10.0; Win64; x64) AppleWebKit/537.36 (KHTML, like Gecko) Chrome/64.0.3282.186 Safari/537.36',
  'accept' => 'text/html,application/xhtml+xml,application/xml;q=0.9,image/webp,image/apng,*/*;q=0.8',
  'accept-encoding' => 'gzip, deflate, br',
  'accept-language' => 'zh-CN,zh;q=0.9',
  'cookie' => 'pgv_pvi=6268656640; Huiskin=green; Hm_lvt_080836300300be57b7f34f4b3e97d911=1519964715,1520048305,1520132030,1520219091; PHPSESSID=pom9ntoq852g8nkq16qiqtcu05',
)
[ info ] [ PARAM ] array (
)
[ info ] [ SESSION ] INIT array (
  'id' => '',
  'var_session_id' => '',
  'prefix' => 'think',
  'type' => '',
  'auto_start' => true,
)
[ info ] [ LOG ] INIT File

---------------------------------------------------------------
[ 2018-03-06T13:14:57+08:00 ] ::1 ::1 GET /myo2o/public/index.php/bis/login/index.html
[ log ] localhost/myo2o/public/index.php/bis/login/index.html [运行时间：0.042497s][吞吐率：23.53req/s] [内存消耗：1,738.77kb] [文件加载：48]
[ info ] [ LANG ] C:\Apache24\htdocs\myo2o\thinkphp\lang\zh-cn.php
[ info ] [ ROUTE ] array (
  'type' => 'module',
  'module' => 
  array (
    0 => 'bis',
    1 => 'login',
    2 => 'index',
  ),
)
[ info ] [ HEADER ] array (
  'host' => 'localhost',
  'connection' => 'keep-alive',
  'upgrade-insecure-requests' => '1',
  'user-agent' => 'Mozilla/5.0 (Windows NT 10.0; Win64; x64) AppleWebKit/537.36 (KHTML, like Gecko) Chrome/64.0.3282.186 Safari/537.36',
  'accept' => 'text/html,application/xhtml+xml,application/xml;q=0.9,image/webp,image/apng,*/*;q=0.8',
  'accept-encoding' => 'gzip, deflate, br',
  'accept-language' => 'zh-CN,zh;q=0.9',
  'cookie' => 'pgv_pvi=6268656640; Huiskin=green; Hm_lvt_080836300300be57b7f34f4b3e97d911=1519964715,1520048305,1520132030,1520219091; PHPSESSID=pom9ntoq852g8nkq16qiqtcu05',
)
[ info ] [ PARAM ] array (
)
[ info ] [ RUN ] app\bis\controller\Login->index[ C:\Apache24\htdocs\myo2o\application\bis\controller\Login.php ]
[ info ] [ SESSION ] INIT array (
  'id' => '',
  'var_session_id' => '',
  'prefix' => 'think',
  'type' => '',
  'auto_start' => true,
)
[ info ] [ VIEW ] C:\Apache24\htdocs\myo2o\public/../application/bis\view\login\index.html [ array (
) ]
[ info ] [ LOG ] INIT File

---------------------------------------------------------------
[ 2018-03-06T13:14:59+08:00 ] ::1 ::1 GET /myo2o/public/index.php/bis/register/index.html
[ log ] localhost/myo2o/public/index.php/bis/register/index.html [运行时间：0.162258s][吞吐率：6.16req/s] [内存消耗：2,728.37kb] [文件加载：58]
[ info ] [ LANG ] C:\Apache24\htdocs\myo2o\thinkphp\lang\zh-cn.php
[ info ] [ ROUTE ] array (
  'type' => 'module',
  'module' => 
  array (
    0 => 'bis',
    1 => 'register',
    2 => 'index',
  ),
)
[ info ] [ HEADER ] array (
  'host' => 'localhost',
  'connection' => 'keep-alive',
  'upgrade-insecure-requests' => '1',
  'user-agent' => 'Mozilla/5.0 (Windows NT 10.0; Win64; x64) AppleWebKit/537.36 (KHTML, like Gecko) Chrome/64.0.3282.186 Safari/537.36',
  'accept' => 'text/html,application/xhtml+xml,application/xml;q=0.9,image/webp,image/apng,*/*;q=0.8',
  'referer' => 'http://localhost/myo2o/public/index.php/bis/login/index.html',
  'accept-encoding' => 'gzip, deflate, br',
  'accept-language' => 'zh-CN,zh;q=0.9',
  'cookie' => 'pgv_pvi=6268656640; Huiskin=green; Hm_lvt_080836300300be57b7f34f4b3e97d911=1519964715,1520048305,1520132030,1520219091; PHPSESSID=pom9ntoq852g8nkq16qiqtcu05',
)
[ info ] [ PARAM ] array (
)
[ info ] [ RUN ] app\bis\controller\Register->index[ C:\Apache24\htdocs\myo2o\application\bis\controller\Register.php ]
[ info ] [ DB ] INIT mysql
[ info ] [ VIEW ] C:\Apache24\htdocs\myo2o\public/../application/bis\view\register\index.html [ array (
  0 => 'citys',
  1 => 'categorys',
) ]
[ info ] [ LOG ] INIT File

---------------------------------------------------------------
[ 2018-03-06T13:15:04+08:00 ] ::1 ::1 POST /myo2o/public/index.php/api/city/getcitysbyparentid.html
[ log ] localhost/myo2o/public/index.php/api/city/getcitysbyparentid.html [运行时间：0.077623s][吞吐率：12.88req/s] [内存消耗：2,610.73kb] [文件加载：56]
[ info ] [ LANG ] C:\Apache24\htdocs\myo2o\thinkphp\lang\zh-cn.php
[ info ] [ ROUTE ] array (
  'type' => 'module',
  'module' => 
  array (
    0 => 'api',
    1 => 'city',
    2 => 'getcitysbyparentid',
  ),
)
[ info ] [ HEADER ] array (
  'host' => 'localhost',
  'connection' => 'keep-alive',
  'content-length' => '4',
  'accept' => 'application/json, text/javascript, */*; q=0.01',
  'origin' => 'http://localhost',
  'x-requested-with' => 'XMLHttpRequest',
  'user-agent' => 'Mozilla/5.0 (Windows NT 10.0; Win64; x64) AppleWebKit/537.36 (KHTML, like Gecko) Chrome/64.0.3282.186 Safari/537.36',
  'content-type' => 'application/x-www-form-urlencoded; charset=UTF-8',
  'referer' => 'http://localhost/myo2o/public/index.php/bis/register/index.html',
  'accept-encoding' => 'gzip, deflate, br',
  'accept-language' => 'zh-CN,zh;q=0.9',
  'cookie' => 'pgv_pvi=6268656640; Huiskin=green; Hm_lvt_080836300300be57b7f34f4b3e97d911=1519964715,1520048305,1520132030,1520219091; PHPSESSID=pom9ntoq852g8nkq16qiqtcu05',
)
[ info ] [ PARAM ] array (
  'id' => '6',
)
[ info ] [ RUN ] app\api\controller\City->getCitysByParentId[ C:\Apache24\htdocs\myo2o\application\api\controller\City.php ]
[ info ] [ DB ] INIT mysql
[ info ] [ LOG ] INIT File

---------------------------------------------------------------
[ 2018-03-06T13:15:36+08:00 ] ::1 ::1 POST /myo2o/public/index.php/api/category/getcategorybyparentid.html
[ log ] localhost/myo2o/public/index.php/api/category/getcategorybyparentid.html [运行时间：0.047327s][吞吐率：21.13req/s] [内存消耗：2,616.00kb] [文件加载：56]
[ info ] [ LANG ] C:\Apache24\htdocs\myo2o\thinkphp\lang\zh-cn.php
[ info ] [ ROUTE ] array (
  'type' => 'module',
  'module' => 
  array (
    0 => 'api',
    1 => 'category',
    2 => 'getcategorybyparentid',
  ),
)
[ info ] [ HEADER ] array (
  'host' => 'localhost',
  'connection' => 'keep-alive',
  'content-length' => '4',
  'accept' => 'application/json, text/javascript, */*; q=0.01',
  'origin' => 'http://localhost',
  'x-requested-with' => 'XMLHttpRequest',
  'user-agent' => 'Mozilla/5.0 (Windows NT 10.0; Win64; x64) AppleWebKit/537.36 (KHTML, like Gecko) Chrome/64.0.3282.186 Safari/537.36',
  'content-type' => 'application/x-www-form-urlencoded; charset=UTF-8',
  'referer' => 'http://localhost/myo2o/public/index.php/bis/register/index.html',
  'accept-encoding' => 'gzip, deflate, br',
  'accept-language' => 'zh-CN,zh;q=0.9',
  'cookie' => 'pgv_pvi=6268656640; Huiskin=green; Hm_lvt_080836300300be57b7f34f4b3e97d911=1519964715,1520048305,1520132030,1520219091; PHPSESSID=pom9ntoq852g8nkq16qiqtcu05',
)
[ info ] [ PARAM ] array (
  'id' => '4',
)
[ info ] [ RUN ] app\api\controller\Category->getCategoryByParentId[ C:\Apache24\htdocs\myo2o\application\api\controller\Category.php ]
[ info ] [ DB ] INIT mysql
[ info ] [ LOG ] INIT File

---------------------------------------------------------------
[ 2018-03-06T13:16:15+08:00 ] ::1 ::1 POST /myo2o/public/index.php/bis/register/add.html
[ log ] localhost/myo2o/public/index.php/bis/register/add.html [运行时间：11.819304s][吞吐率：0.08req/s] [内存消耗：2,643.72kb] [文件加载：59]
[ info ] [ LANG ] C:\Apache24\htdocs\myo2o\thinkphp\lang\zh-cn.php
[ info ] [ ROUTE ] array (
  'type' => 'module',
  'module' => 
  array (
    0 => 'bis',
    1 => 'register',
    2 => 'add',
  ),
)
[ info ] [ HEADER ] array (
  'host' => 'localhost',
  'connection' => 'keep-alive',
  'content-length' => '505',
  'cache-control' => 'max-age=0',
  'origin' => 'http://localhost',
  'upgrade-insecure-requests' => '1',
  'content-type' => 'application/x-www-form-urlencoded',
  'user-agent' => 'Mozilla/5.0 (Windows NT 10.0; Win64; x64) AppleWebKit/537.36 (KHTML, like Gecko) Chrome/64.0.3282.186 Safari/537.36',
  'accept' => 'text/html,application/xhtml+xml,application/xml;q=0.9,image/webp,image/apng,*/*;q=0.8',
  'referer' => 'http://localhost/myo2o/public/index.php/bis/register/index.html',
  'accept-encoding' => 'gzip, deflate, br',
  'accept-language' => 'zh-CN,zh;q=0.9',
  'cookie' => 'pgv_pvi=6268656640; Huiskin=green; Hm_lvt_080836300300be57b7f34f4b3e97d911=1519964715,1520048305,1520132030,1520219091; PHPSESSID=pom9ntoq852g8nkq16qiqtcu05',
)
[ info ] [ PARAM ] array (
  'name' => 'shuashuashua',
  'city_id' => '6',
  'se_city_id' => '7',
  'logo' => '',
  'licence_logo' => '',
  'bank_info' => '24382611356',
  'bank_name' => 'sfieoafioe',
  'bank_user' => 'ssss',
  'faren' => 'sss',
  'faren_tel' => '15645615615',
  'email' => '392771991@qq.com',
  'tel' => '5156156156',
  'contact' => 'sss',
  'category_id' => '4',
  'se_category_id' => 
  array (
    0 => '5',
  ),
  'address' => '湖北省十堰市房县一中',
  'open_time' => '24',
  'username' => 'LWA518',
  'password' => 'LWA518',
  'description' => '<p>sss</p>',
  'content' => '<p>少时诵诗书所所</p>',
)
[ info ] [ RUN ] app\bis\controller\Register->add[ C:\Apache24\htdocs\myo2o\application\bis\controller\Register.php ]
[ info ] [ DB ] INIT mysql
[ info ] [ VIEW ] C:\Apache24\htdocs\myo2o\thinkphp\tpl\dispatch_jump.tpl [ array (
  0 => 'code',
  1 => 'msg',
  2 => 'data',
  3 => 'url',
  4 => 'wait',
) ]
[ info ] [ LOG ] INIT File

---------------------------------------------------------------
[ 2018-03-06T13:17:11+08:00 ] ::1 ::1 POST /myo2o/public/index.php/api/category/getcategorybyparentid.html
[ log ] localhost/myo2o/public/index.php/api/category/getcategorybyparentid.html [运行时间：0.050747s][吞吐率：19.71req/s] [内存消耗：2,616.23kb] [文件加载：56]
[ info ] [ LANG ] C:\Apache24\htdocs\myo2o\thinkphp\lang\zh-cn.php
[ info ] [ ROUTE ] array (
  'type' => 'module',
  'module' => 
  array (
    0 => 'api',
    1 => 'category',
    2 => 'getcategorybyparentid',
  ),
)
[ info ] [ HEADER ] array (
  'host' => 'localhost',
  'connection' => 'keep-alive',
  'content-length' => '4',
  'accept' => 'application/json, text/javascript, */*; q=0.01',
  'origin' => 'http://localhost',
  'x-requested-with' => 'XMLHttpRequest',
  'user-agent' => 'Mozilla/5.0 (Windows NT 10.0; Win64; x64) AppleWebKit/537.36 (KHTML, like Gecko) Chrome/64.0.3282.186 Safari/537.36',
  'content-type' => 'application/x-www-form-urlencoded; charset=UTF-8',
  'referer' => 'http://localhost/myo2o/public/index.php/bis/register/index.html',
  'accept-encoding' => 'gzip, deflate, br',
  'accept-language' => 'zh-CN,zh;q=0.9',
  'cookie' => 'pgv_pvi=6268656640; Huiskin=green; Hm_lvt_080836300300be57b7f34f4b3e97d911=1519964715,1520048305,1520132030,1520219091; PHPSESSID=pom9ntoq852g8nkq16qiqtcu05',
)
[ info ] [ PARAM ] array (
  'id' => '2',
)
[ info ] [ RUN ] app\api\controller\Category->getCategoryByParentId[ C:\Apache24\htdocs\myo2o\application\api\controller\Category.php ]
[ info ] [ DB ] INIT mysql
[ info ] [ LOG ] INIT File

---------------------------------------------------------------
[ 2018-03-06T13:17:16+08:00 ] ::1 ::1 POST /myo2o/public/index.php/api/city/getcitysbyparentid.html
[ log ] localhost/myo2o/public/index.php/api/city/getcitysbyparentid.html [运行时间：0.048907s][吞吐率：20.45req/s] [内存消耗：2,610.72kb] [文件加载：56]
[ info ] [ LANG ] C:\Apache24\htdocs\myo2o\thinkphp\lang\zh-cn.php
[ info ] [ ROUTE ] array (
  'type' => 'module',
  'module' => 
  array (
    0 => 'api',
    1 => 'city',
    2 => 'getcitysbyparentid',
  ),
)
[ info ] [ HEADER ] array (
  'host' => 'localhost',
  'connection' => 'keep-alive',
  'content-length' => '4',
  'accept' => 'application/json, text/javascript, */*; q=0.01',
  'origin' => 'http://localhost',
  'x-requested-with' => 'XMLHttpRequest',
  'user-agent' => 'Mozilla/5.0 (Windows NT 10.0; Win64; x64) AppleWebKit/537.36 (KHTML, like Gecko) Chrome/64.0.3282.186 Safari/537.36',
  'content-type' => 'application/x-www-form-urlencoded; charset=UTF-8',
  'referer' => 'http://localhost/myo2o/public/index.php/bis/register/index.html',
  'accept-encoding' => 'gzip, deflate, br',
  'accept-language' => 'zh-CN,zh;q=0.9',
  'cookie' => 'pgv_pvi=6268656640; Huiskin=green; Hm_lvt_080836300300be57b7f34f4b3e97d911=1519964715,1520048305,1520132030,1520219091; PHPSESSID=pom9ntoq852g8nkq16qiqtcu05',
)
[ info ] [ PARAM ] array (
  'id' => '4',
)
[ info ] [ RUN ] app\api\controller\City->getCitysByParentId[ C:\Apache24\htdocs\myo2o\application\api\controller\City.php ]
[ info ] [ DB ] INIT mysql
[ info ] [ LOG ] INIT File

---------------------------------------------------------------
[ 2018-03-06T13:17:37+08:00 ] ::1 ::1 POST /myo2o/public/index.php/bis/register/add.html
[ log ] localhost/myo2o/public/index.php/bis/register/add.html [运行时间：12.778185s][吞吐率：0.08req/s] [内存消耗：3,443.73kb] [文件加载：65]
[ info ] [ LANG ] C:\Apache24\htdocs\myo2o\thinkphp\lang\zh-cn.php
[ info ] [ ROUTE ] array (
  'type' => 'module',
  'module' => 
  array (
    0 => 'bis',
    1 => 'register',
    2 => 'add',
  ),
)
[ info ] [ HEADER ] array (
  'host' => 'localhost',
  'connection' => 'keep-alive',
  'content-length' => '387',
  'cache-control' => 'max-age=0',
  'origin' => 'http://localhost',
  'upgrade-insecure-requests' => '1',
  'content-type' => 'application/x-www-form-urlencoded',
  'user-agent' => 'Mozilla/5.0 (Windows NT 10.0; Win64; x64) AppleWebKit/537.36 (KHTML, like Gecko) Chrome/64.0.3282.186 Safari/537.36',
  'accept' => 'text/html,application/xhtml+xml,application/xml;q=0.9,image/webp,image/apng,*/*;q=0.8',
  'referer' => 'http://localhost/myo2o/public/index.php/bis/register/index.html',
  'accept-encoding' => 'gzip, deflate, br',
  'accept-language' => 'zh-CN,zh;q=0.9',
  'cookie' => 'pgv_pvi=6268656640; Huiskin=green; Hm_lvt_080836300300be57b7f34f4b3e97d911=1519964715,1520048305,1520132030,1520219091; PHPSESSID=pom9ntoq852g8nkq16qiqtcu05',
)
[ info ] [ PARAM ] array (
  'name' => 'SSSOWOWO',
  'city_id' => '4',
  'se_city_id' => '5',
  'logo' => '',
  'licence_logo' => '',
  'bank_info' => '24382611356',
  'bank_name' => 'sfieoafioe',
  'bank_user' => 'ssss',
  'faren' => 'sss',
  'faren_tel' => '15645615615',
  'email' => '392771991@qq.com',
  'tel' => '5156156156',
  'contact' => 'sss',
  'category_id' => '2',
  'se_category_id' => 
  array (
    0 => '10',
  ),
  'address' => '湖北省十堰市房县一中',
  'open_time' => '24',
  'username' => 'LLLWWWAAA',
  'password' => 'LWA3715235',
)
[ info ] [ RUN ] app\bis\controller\Register->add[ C:\Apache24\htdocs\myo2o\application\bis\controller\Register.php ]
[ info ] [ DB ] INIT mysql
[ info ] [ VIEW ] C:\Apache24\htdocs\myo2o\thinkphp\tpl\dispatch_jump.tpl [ array (
  0 => 'code',
  1 => 'msg',
  2 => 'data',
  3 => 'url',
  4 => 'wait',
) ]
[ info ] [ LOG ] INIT File

---------------------------------------------------------------
[ 2018-03-06T13:17:41+08:00 ] ::1 ::1 GET /myo2o/public/index.php/bis/register/waiting.html?id=2
[ log ] localhost/myo2o/public/index.php/bis/register/waiting.html?id=2 [运行时间：0.080539s][吞吐率：12.42req/s] [内存消耗：2,646.10kb] [文件加载：57]
[ info ] [ LANG ] C:\Apache24\htdocs\myo2o\thinkphp\lang\zh-cn.php
[ info ] [ ROUTE ] array (
  'type' => 'module',
  'module' => 
  array (
    0 => 'bis',
    1 => 'register',
    2 => 'waiting',
  ),
)
[ info ] [ HEADER ] array (
  'host' => 'localhost',
  'connection' => 'keep-alive',
  'upgrade-insecure-requests' => '1',
  'user-agent' => 'Mozilla/5.0 (Windows NT 10.0; Win64; x64) AppleWebKit/537.36 (KHTML, like Gecko) Chrome/64.0.3282.186 Safari/537.36',
  'accept' => 'text/html,application/xhtml+xml,application/xml;q=0.9,image/webp,image/apng,*/*;q=0.8',
  'referer' => 'http://localhost/myo2o/public/index.php/bis/register/add.html',
  'accept-encoding' => 'gzip, deflate, br',
  'accept-language' => 'zh-CN,zh;q=0.9',
  'cookie' => 'pgv_pvi=6268656640; Huiskin=green; Hm_lvt_080836300300be57b7f34f4b3e97d911=1519964715,1520048305,1520132030,1520219091; PHPSESSID=pom9ntoq852g8nkq16qiqtcu05',
)
[ info ] [ PARAM ] array (
  'id' => '2',
)
[ info ] [ RUN ] app\bis\controller\Register->waiting[ C:\Apache24\htdocs\myo2o\application\bis\controller\Register.php ]
[ info ] [ DB ] INIT mysql
[ info ] [ VIEW ] C:\Apache24\htdocs\myo2o\public/../application/bis\view\register\waiting.html [ array (
  0 => 'detail',
) ]
[ info ] [ LOG ] INIT File

---------------------------------------------------------------
[ 2018-03-06T13:17:52+08:00 ] ::1 ::1 GET /myo2o/public/index.php/bis/register/waiting.html?id=2
[ log ] localhost/myo2o/public/index.php/bis/register/waiting.html?id=2 [运行时间：0.045752s][吞吐率：21.86req/s] [内存消耗：2,646.05kb] [文件加载：57]
[ info ] [ LANG ] C:\Apache24\htdocs\myo2o\thinkphp\lang\zh-cn.php
[ info ] [ ROUTE ] array (
  'type' => 'module',
  'module' => 
  array (
    0 => 'bis',
    1 => 'register',
    2 => 'waiting',
  ),
)
[ info ] [ HEADER ] array (
  'host' => 'localhost',
  'connection' => 'keep-alive',
  'upgrade-insecure-requests' => '1',
  'user-agent' => 'Mozilla/5.0 (Windows NT 10.0; Win64; x64) AppleWebKit/537.36 (KHTML, like Gecko) Chrome/64.0.3282.186 Safari/537.36',
  'accept' => 'text/html,application/xhtml+xml,application/xml;q=0.9,image/webp,image/apng,*/*;q=0.8',
  'referer' => 'https://mail.qq.com/',
  'accept-encoding' => 'gzip, deflate, br',
  'accept-language' => 'zh-CN,zh;q=0.9',
  'cookie' => 'pgv_pvi=6268656640; Huiskin=green; Hm_lvt_080836300300be57b7f34f4b3e97d911=1519964715,1520048305,1520132030,1520219091; PHPSESSID=pom9ntoq852g8nkq16qiqtcu05',
)
[ info ] [ PARAM ] array (
  'id' => '2',
)
[ info ] [ RUN ] app\bis\controller\Register->waiting[ C:\Apache24\htdocs\myo2o\application\bis\controller\Register.php ]
[ info ] [ DB ] INIT mysql
[ info ] [ VIEW ] C:\Apache24\htdocs\myo2o\public/../application/bis\view\register\waiting.html [ array (
  0 => 'detail',
) ]
[ info ] [ LOG ] INIT File

---------------------------------------------------------------
[ 2018-03-06T14:15:45+08:00 ] ::1 ::1 GET /myo2o/public/index.php/bis/index/index
[ log ] localhost/myo2o/public/index.php/bis/index/index [运行时间：0.041569s][吞吐率：24.06req/s] [内存消耗：1,749.59kb] [文件加载：50]
[ info ] [ LANG ] C:\Apache24\htdocs\myo2o\thinkphp\lang\zh-cn.php
[ info ] [ ROUTE ] array (
  'type' => 'module',
  'module' => 
  array (
    0 => 'bis',
    1 => 'index',
    2 => 'index',
  ),
)
[ info ] [ HEADER ] array (
  'host' => 'localhost',
  'connection' => 'keep-alive',
  'upgrade-insecure-requests' => '1',
  'user-agent' => 'Mozilla/5.0 (Windows NT 10.0; Win64; x64) AppleWebKit/537.36 (KHTML, like Gecko) Chrome/64.0.3282.186 Safari/537.36',
  'accept' => 'text/html,application/xhtml+xml,application/xml;q=0.9,image/webp,image/apng,*/*;q=0.8',
  'accept-encoding' => 'gzip, deflate, br',
  'accept-language' => 'zh-CN,zh;q=0.9',
  'cookie' => 'pgv_pvi=6268656640; Huiskin=green; Hm_lvt_080836300300be57b7f34f4b3e97d911=1519964715,1520048305,1520132030,1520219091; PHPSESSID=pom9ntoq852g8nkq16qiqtcu05',
)
[ info ] [ PARAM ] array (
)
[ info ] [ SESSION ] INIT array (
  'id' => '',
  'var_session_id' => '',
  'prefix' => 'think',
  'type' => '',
  'auto_start' => true,
)
[ info ] [ LOG ] INIT File

---------------------------------------------------------------
[ 2018-03-06T14:15:45+08:00 ] ::1 ::1 GET /myo2o/public/index.php/bis/login/index.html
[ log ] localhost/myo2o/public/index.php/bis/login/index.html [运行时间：0.032957s][吞吐率：30.34req/s] [内存消耗：1,738.77kb] [文件加载：48]
[ info ] [ LANG ] C:\Apache24\htdocs\myo2o\thinkphp\lang\zh-cn.php
[ info ] [ ROUTE ] array (
  'type' => 'module',
  'module' => 
  array (
    0 => 'bis',
    1 => 'login',
    2 => 'index',
  ),
)
[ info ] [ HEADER ] array (
  'host' => 'localhost',
  'connection' => 'keep-alive',
  'upgrade-insecure-requests' => '1',
  'user-agent' => 'Mozilla/5.0 (Windows NT 10.0; Win64; x64) AppleWebKit/537.36 (KHTML, like Gecko) Chrome/64.0.3282.186 Safari/537.36',
  'accept' => 'text/html,application/xhtml+xml,application/xml;q=0.9,image/webp,image/apng,*/*;q=0.8',
  'accept-encoding' => 'gzip, deflate, br',
  'accept-language' => 'zh-CN,zh;q=0.9',
  'cookie' => 'pgv_pvi=6268656640; Huiskin=green; Hm_lvt_080836300300be57b7f34f4b3e97d911=1519964715,1520048305,1520132030,1520219091; PHPSESSID=pom9ntoq852g8nkq16qiqtcu05',
)
[ info ] [ PARAM ] array (
)
[ info ] [ RUN ] app\bis\controller\Login->index[ C:\Apache24\htdocs\myo2o\application\bis\controller\Login.php ]
[ info ] [ SESSION ] INIT array (
  'id' => '',
  'var_session_id' => '',
  'prefix' => 'think',
  'type' => '',
  'auto_start' => true,
)
[ info ] [ VIEW ] C:\Apache24\htdocs\myo2o\public/../application/bis\view\login\index.html [ array (
) ]
[ info ] [ LOG ] INIT File

---------------------------------------------------------------
[ 2018-03-06T14:15:56+08:00 ] ::1 ::1 GET /myo2o/public/index.php/admin/index/index.html
[ log ] localhost/myo2o/public/index.php/admin/index/index.html [运行时间：0.055186s][吞吐率：18.12req/s] [内存消耗：1,741.10kb] [文件加载：48]
[ info ] [ LANG ] C:\Apache24\htdocs\myo2o\thinkphp\lang\zh-cn.php
[ info ] [ ROUTE ] array (
  'type' => 'module',
  'module' => 
  array (
    0 => 'admin',
    1 => 'index',
    2 => 'index',
  ),
)
[ info ] [ HEADER ] array (
  'host' => 'localhost',
  'connection' => 'keep-alive',
  'upgrade-insecure-requests' => '1',
  'user-agent' => 'Mozilla/5.0 (Windows NT 10.0; Win64; x64) AppleWebKit/537.36 (KHTML, like Gecko) Chrome/64.0.3282.186 Safari/537.36',
  'accept' => 'text/html,application/xhtml+xml,application/xml;q=0.9,image/webp,image/apng,*/*;q=0.8',
  'accept-encoding' => 'gzip, deflate, br',
  'accept-language' => 'zh-CN,zh;q=0.9',
  'cookie' => 'pgv_pvi=6268656640; Huiskin=green; Hm_lvt_080836300300be57b7f34f4b3e97d911=1519964715,1520048305,1520132030,1520219091; PHPSESSID=pom9ntoq852g8nkq16qiqtcu05',
)
[ info ] [ PARAM ] array (
)
[ info ] [ RUN ] app\admin\controller\Index->index[ C:\Apache24\htdocs\myo2o\application\admin\controller\Index.php ]
[ info ] [ VIEW ] C:\Apache24\htdocs\myo2o\public/../application/admin\view\index\index.html [ array (
) ]
[ info ] [ SESSION ] INIT array (
  'id' => '',
  'var_session_id' => '',
  'prefix' => 'think',
  'type' => '',
  'auto_start' => true,
)
[ info ] [ LOG ] INIT File

---------------------------------------------------------------
[ 2018-03-06T14:15:56+08:00 ] ::1 ::1 GET /myo2o/public/index.php/admin/index/welcome.html
[ log ] localhost/myo2o/public/index.php/admin/index/welcome.html [运行时间：0.054374s][吞吐率：18.39req/s] [内存消耗：1,676.29kb] [文件加载：47]
[ info ] [ LANG ] C:\Apache24\htdocs\myo2o\thinkphp\lang\zh-cn.php
[ info ] [ ROUTE ] array (
  'type' => 'module',
  'module' => 
  array (
    0 => 'admin',
    1 => 'index',
    2 => 'welcome',
  ),
)
[ info ] [ HEADER ] array (
  'host' => 'localhost',
  'connection' => 'keep-alive',
  'upgrade-insecure-requests' => '1',
  'user-agent' => 'Mozilla/5.0 (Windows NT 10.0; Win64; x64) AppleWebKit/537.36 (KHTML, like Gecko) Chrome/64.0.3282.186 Safari/537.36',
  'accept' => 'text/html,application/xhtml+xml,application/xml;q=0.9,image/webp,image/apng,*/*;q=0.8',
  'referer' => 'http://localhost/myo2o/public/index.php/admin/index/index.html',
  'accept-encoding' => 'gzip, deflate, br',
  'accept-language' => 'zh-CN,zh;q=0.9',
  'cookie' => 'pgv_pvi=6268656640; Huiskin=green; Hm_lvt_080836300300be57b7f34f4b3e97d911=1519964715,1520048305,1520132030,1520219091; PHPSESSID=pom9ntoq852g8nkq16qiqtcu05',
)
[ info ] [ PARAM ] array (
)
[ info ] [ RUN ] app\admin\controller\Index->welcome[ C:\Apache24\htdocs\myo2o\application\admin\controller\Index.php ]
[ info ] [ VIEW ] C:\Apache24\htdocs\myo2o\public/../application/admin\view\index\welcome.html [ array (
) ]
[ info ] [ LOG ] INIT File

---------------------------------------------------------------
[ 2018-03-06T14:15:59+08:00 ] ::1 ::1 GET /myo2o/public/index.php/admin/bis/apply.html
[ log ] localhost/myo2o/public/index.php/admin/bis/apply.html [运行时间：0.112318s][吞吐率：8.90req/s] [内存消耗：2,738.25kb] [文件加载：61]
[ info ] [ LANG ] C:\Apache24\htdocs\myo2o\thinkphp\lang\zh-cn.php
[ info ] [ ROUTE ] array (
  'type' => 'module',
  'module' => 
  array (
    0 => 'admin',
    1 => 'bis',
    2 => 'apply',
  ),
)
[ info ] [ HEADER ] array (
  'host' => 'localhost',
  'connection' => 'keep-alive',
  'upgrade-insecure-requests' => '1',
  'user-agent' => 'Mozilla/5.0 (Windows NT 10.0; Win64; x64) AppleWebKit/537.36 (KHTML, like Gecko) Chrome/64.0.3282.186 Safari/537.36',
  'accept' => 'text/html,application/xhtml+xml,application/xml;q=0.9,image/webp,image/apng,*/*;q=0.8',
  'referer' => 'http://localhost/myo2o/public/index.php/admin/index/index.html',
  'accept-encoding' => 'gzip, deflate, br',
  'accept-language' => 'zh-CN,zh;q=0.9',
  'cookie' => 'pgv_pvi=6268656640; Huiskin=green; PHPSESSID=pom9ntoq852g8nkq16qiqtcu05; Hm_lvt_080836300300be57b7f34f4b3e97d911=1520048305,1520132030,1520219091,1520316957; Hm_lpvt_080836300300be57b7f34f4b3e97d911=1520316957',
)
[ info ] [ PARAM ] array (
)
[ info ] [ RUN ] app\admin\controller\Bis->apply[ C:\Apache24\htdocs\myo2o\application\admin\controller\Bis.php ]
[ info ] [ DB ] INIT mysql
[ info ] [ VIEW ] C:\Apache24\htdocs\myo2o\public/../application/admin\view\bis\apply.html [ array (
  0 => 'bis',
) ]
[ info ] [ LOG ] INIT File

---------------------------------------------------------------
[ 2018-03-06T14:16:08+08:00 ] ::1 ::1 GET /myo2o/public/index.php/admin/bis/deleted.html
[ log ] localhost/myo2o/public/index.php/admin/bis/deleted.html [运行时间：0.062946s][吞吐率：15.89req/s] [内存消耗：2,631.87kb] [文件加载：57]
[ info ] [ LANG ] C:\Apache24\htdocs\myo2o\thinkphp\lang\zh-cn.php
[ info ] [ ROUTE ] array (
  'type' => 'module',
  'module' => 
  array (
    0 => 'admin',
    1 => 'bis',
    2 => 'deleted',
  ),
)
[ info ] [ HEADER ] array (
  'host' => 'localhost',
  'connection' => 'keep-alive',
  'upgrade-insecure-requests' => '1',
  'user-agent' => 'Mozilla/5.0 (Windows NT 10.0; Win64; x64) AppleWebKit/537.36 (KHTML, like Gecko) Chrome/64.0.3282.186 Safari/537.36',
  'accept' => 'text/html,application/xhtml+xml,application/xml;q=0.9,image/webp,image/apng,*/*;q=0.8',
  'referer' => 'http://localhost/myo2o/public/index.php/admin/index/index.html',
  'accept-encoding' => 'gzip, deflate, br',
  'accept-language' => 'zh-CN,zh;q=0.9',
  'cookie' => 'pgv_pvi=6268656640; Huiskin=green; PHPSESSID=pom9ntoq852g8nkq16qiqtcu05; Hm_lvt_080836300300be57b7f34f4b3e97d911=1520048305,1520132030,1520219091,1520316957; Hm_lpvt_080836300300be57b7f34f4b3e97d911=1520316957',
)
[ info ] [ PARAM ] array (
)
[ info ] [ RUN ] app\admin\controller\Bis->deleted[ C:\Apache24\htdocs\myo2o\application\admin\controller\Bis.php ]
[ info ] [ DB ] INIT mysql
[ info ] [ VIEW ] C:\Apache24\htdocs\myo2o\public/../application/admin\view\bis\deleted.html [ array (
  0 => 'bis',
) ]
[ info ] [ LOG ] INIT File

---------------------------------------------------------------
[ 2018-03-06T14:16:08+08:00 ] ::1 ::1 GET /myo2o/public/index.php/admin/bis/index.html
[ log ] localhost/myo2o/public/index.php/admin/bis/index.html [运行时间：0.064082s][吞吐率：15.60req/s] [内存消耗：2,698.86kb] [文件加载：58]
[ info ] [ LANG ] C:\Apache24\htdocs\myo2o\thinkphp\lang\zh-cn.php
[ info ] [ ROUTE ] array (
  'type' => 'module',
  'module' => 
  array (
    0 => 'admin',
    1 => 'bis',
    2 => 'index',
  ),
)
[ info ] [ HEADER ] array (
  'host' => 'localhost',
  'connection' => 'keep-alive',
  'upgrade-insecure-requests' => '1',
  'user-agent' => 'Mozilla/5.0 (Windows NT 10.0; Win64; x64) AppleWebKit/537.36 (KHTML, like Gecko) Chrome/64.0.3282.186 Safari/537.36',
  'accept' => 'text/html,application/xhtml+xml,application/xml;q=0.9,image/webp,image/apng,*/*;q=0.8',
  'referer' => 'http://localhost/myo2o/public/index.php/admin/index/index.html',
  'accept-encoding' => 'gzip, deflate, br',
  'accept-language' => 'zh-CN,zh;q=0.9',
  'cookie' => 'pgv_pvi=6268656640; Huiskin=green; PHPSESSID=pom9ntoq852g8nkq16qiqtcu05; Hm_lvt_080836300300be57b7f34f4b3e97d911=1520048305,1520132030,1520219091,1520316957; Hm_lpvt_080836300300be57b7f34f4b3e97d911=1520316957',
)
[ info ] [ PARAM ] array (
)
[ info ] [ RUN ] app\admin\controller\Bis->index[ C:\Apache24\htdocs\myo2o\application\admin\controller\Bis.php ]
[ info ] [ DB ] INIT mysql
[ info ] [ VIEW ] C:\Apache24\htdocs\myo2o\public/../application/admin\view\bis\index.html [ array (
  0 => 'bis',
) ]
[ info ] [ LOG ] INIT File

---------------------------------------------------------------
[ 2018-03-06T14:22:45+08:00 ] ::1 ::1 GET /myo2o/public/index.php/index/index/index
[ log ] localhost/myo2o/public/index.php/index/index/index [运行时间：0.130705s][吞吐率：7.65req/s] [内存消耗：2,765.86kb] [文件加载：59]
[ info ] [ LANG ] C:\Apache24\htdocs\myo2o\thinkphp\lang\zh-cn.php
[ info ] [ ROUTE ] array (
  'type' => 'module',
  'module' => 
  array (
    0 => 'index',
    1 => 'index',
    2 => 'index',
  ),
)
[ info ] [ HEADER ] array (
  'host' => 'localhost',
  'connection' => 'keep-alive',
  'upgrade-insecure-requests' => '1',
  'user-agent' => 'Mozilla/5.0 (Windows NT 10.0; Win64; x64) AppleWebKit/537.36 (KHTML, like Gecko) Chrome/64.0.3282.186 Safari/537.36',
  'accept' => 'text/html,application/xhtml+xml,application/xml;q=0.9,image/webp,image/apng,*/*;q=0.8',
  'accept-encoding' => 'gzip, deflate, br',
  'accept-language' => 'zh-CN,zh;q=0.9',
  'cookie' => 'pgv_pvi=6268656640; Huiskin=green; PHPSESSID=pom9ntoq852g8nkq16qiqtcu05; Hm_lvt_080836300300be57b7f34f4b3e97d911=1520048305,1520132030,1520219091,1520316957; Hm_lpvt_080836300300be57b7f34f4b3e97d911=1520316957',
)
[ info ] [ PARAM ] array (
)
[ info ] [ DB ] INIT mysql
[ info ] [ SESSION ] INIT array (
  'id' => '',
  'var_session_id' => '',
  'prefix' => 'think',
  'type' => '',
  'auto_start' => true,
)
[ info ] [ RUN ] app\index\controller\Index->index[ C:\Apache24\htdocs\myo2o\application\index\controller\Index.php ]
[ info ] [ VIEW ] C:\Apache24\htdocs\myo2o\public/../application/index\view\index\index.html [ array (
  0 => 'citys',
  1 => 'city',
  2 => 'cats',
  3 => 'controler',
  4 => 'user',
  5 => 'title',
  6 => 'datas',
  7 => 'meishicates',
  8 => 'controller',
) ]
[ info ] [ LOG ] INIT File

---------------------------------------------------------------
