[ 2018-03-08T11:38:08+08:00 ] ::1 ::1 GET /myo2o/public/index.php/index/detail/index.html?id=1
[ error ] [8]未定义数组索引: xpoint[C:\Apache24\htdocs\myo2o\runtime\temp\ad70a03ba28b0a48f1715603bd181154.php:264]

---------------------------------------------------------------
[ 2018-03-08T11:38:53+08:00 ] ::1 ::1 GET /myo2o/public/index.php/index/detail/index.html?id=1
[ error ] [8]未定义数组索引: xpoint[C:\Apache24\htdocs\myo2o\runtime\temp\ad70a03ba28b0a48f1715603bd181154.php:264]

---------------------------------------------------------------
[ 2018-03-08T11:38:54+08:00 ] ::1 ::1 GET /myo2o/public/index.php/index/detail/index.html?id=1
[ error ] [8]未定义数组索引: xpoint[C:\Apache24\htdocs\myo2o\runtime\temp\ad70a03ba28b0a48f1715603bd181154.php:264]

---------------------------------------------------------------
[ 2018-03-08T11:38:55+08:00 ] ::1 ::1 GET /myo2o/public/index.php/index/detail/index.html?id=1
[ error ] [8]未定义数组索引: xpoint[C:\Apache24\htdocs\myo2o\runtime\temp\ad70a03ba28b0a48f1715603bd181154.php:264]

---------------------------------------------------------------
[ 2018-03-08T11:39:31+08:00 ] ::1 ::1 GET /myo2o/public/index.php/index/detail/index.html?id=1
[ error ] [8]未定义数组索引: xpoint[C:\Apache24\htdocs\myo2o\runtime\temp\ad70a03ba28b0a48f1715603bd181154.php:265]

---------------------------------------------------------------
[ 2018-03-08T11:39:32+08:00 ] ::1 ::1 GET /myo2o/public/index.php/index/detail/index.html?id=1
[ error ] [8]未定义数组索引: xpoint[C:\Apache24\htdocs\myo2o\runtime\temp\ad70a03ba28b0a48f1715603bd181154.php:265]

---------------------------------------------------------------
[ 2018-03-08T11:39:32+08:00 ] ::1 ::1 GET /myo2o/public/index.php/index/detail/index.html?id=1
[ error ] [8]未定义数组索引: xpoint[C:\Apache24\htdocs\myo2o\runtime\temp\ad70a03ba28b0a48f1715603bd181154.php:265]

---------------------------------------------------------------
[ 2018-03-08T11:39:32+08:00 ] ::1 ::1 GET /myo2o/public/index.php/index/detail/index.html?id=1
[ error ] [8]未定义数组索引: xpoint[C:\Apache24\htdocs\myo2o\runtime\temp\ad70a03ba28b0a48f1715603bd181154.php:265]

---------------------------------------------------------------
[ 2018-03-08T11:39:33+08:00 ] ::1 ::1 GET /myo2o/public/index.php/index/detail/index.html?id=1
[ error ] [8]未定义数组索引: xpoint[C:\Apache24\htdocs\myo2o\runtime\temp\ad70a03ba28b0a48f1715603bd181154.php:265]

---------------------------------------------------------------
[ 2018-03-08T11:39:33+08:00 ] ::1 ::1 GET /myo2o/public/index.php/index/detail/index.html?id=1
[ error ] [8]未定义数组索引: xpoint[C:\Apache24\htdocs\myo2o\runtime\temp\ad70a03ba28b0a48f1715603bd181154.php:265]

---------------------------------------------------------------
[ 2018-03-08T11:39:33+08:00 ] ::1 ::1 GET /myo2o/public/index.php/index/detail/index.html?id=1
[ error ] [8]未定义数组索引: xpoint[C:\Apache24\htdocs\myo2o\runtime\temp\ad70a03ba28b0a48f1715603bd181154.php:265]

---------------------------------------------------------------
[ 2018-03-08T11:39:33+08:00 ] ::1 ::1 GET /myo2o/public/index.php/index/detail/index.html?id=1
[ error ] [8]未定义数组索引: xpoint[C:\Apache24\htdocs\myo2o\runtime\temp\ad70a03ba28b0a48f1715603bd181154.php:265]

---------------------------------------------------------------
[ 2018-03-08T11:39:34+08:00 ] ::1 ::1 GET /myo2o/public/index.php/index/detail/index.html?id=1
[ error ] [8]未定义数组索引: xpoint[C:\Apache24\htdocs\myo2o\runtime\temp\ad70a03ba28b0a48f1715603bd181154.php:265]

---------------------------------------------------------------
[ 2018-03-08T11:42:19+08:00 ] ::1 ::1 GET /myo2o/public/index.php/index/detail/index.html?id=1
[ error ] [8]未定义数组索引: xpoint[C:\Apache24\htdocs\myo2o\runtime\temp\ad70a03ba28b0a48f1715603bd181154.php:264]

---------------------------------------------------------------
[ 2018-03-08T11:42:28+08:00 ] ::1 ::1 GET /myo2o/public/index.php/index/detail/index.html?id=1
[ error ] [8]未定义数组索引: xpoint[C:\Apache24\htdocs\myo2o\runtime\temp\ad70a03ba28b0a48f1715603bd181154.php:264]

---------------------------------------------------------------
[ 2018-03-08T11:45:16+08:00 ] ::1 ::1 GET /myo2o/public/index.php/index/detail/index.html?id=1
[ error ] [8]Trying to get property of non-object[C:\Apache24\htdocs\myo2o\runtime\temp\ad70a03ba28b0a48f1715603bd181154.php:264]

---------------------------------------------------------------
[ 2018-03-08T11:45:40+08:00 ] ::1 ::1 GET /myo2o/public/index.php/index/detail/index.html?id=1
[ error ] [8]未定义数组索引: xpoint[C:\Apache24\htdocs\myo2o\runtime\temp\ad70a03ba28b0a48f1715603bd181154.php:264]

---------------------------------------------------------------
[ 2018-03-08T11:50:12+08:00 ] ::1 ::1 GET /myo2o/public/index.php/index/detail/index.html?id=1
[ error ] [8]Use of undefined constant data - assumed 'data'[C:\Apache24\htdocs\myo2o\application\index\controller\Detail.php:22]

---------------------------------------------------------------
[ 2018-03-08T11:50:28+08:00 ] ::1 ::1 GET /myo2o/public/index.php/index/detail/index.html?id=1
[ error ] [8]未定义数组索引: data[C:\Apache24\htdocs\myo2o\application\index\controller\Detail.php:22]

---------------------------------------------------------------
[ 2018-03-08T11:50:29+08:00 ] ::1 ::1 GET /myo2o/public/index.php/index/detail/index.html?id=1
[ error ] [8]未定义数组索引: data[C:\Apache24\htdocs\myo2o\application\index\controller\Detail.php:22]

---------------------------------------------------------------
[ 2018-03-08T11:51:03+08:00 ] ::1 ::1 GET /myo2o/public/index.php/index/detail/index.html?id=1
[ error ] [8]未定义数组索引: xpoint[C:\Apache24\htdocs\myo2o\application\index\controller\Detail.php:22]

---------------------------------------------------------------
[ 2018-03-08T11:51:04+08:00 ] ::1 ::1 GET /myo2o/public/index.php/index/detail/index.html?id=1
[ error ] [8]未定义数组索引: xpoint[C:\Apache24\htdocs\myo2o\application\index\controller\Detail.php:22]

---------------------------------------------------------------
[ 2018-03-08T11:53:25+08:00 ] ::1 ::1 GET /myo2o/public/index.php/index/detail/index.html?id=1
[ error ] [8]Use of undefined constant xpoint - assumed 'xpoint'[C:\Apache24\htdocs\myo2o\runtime\temp\ad70a03ba28b0a48f1715603bd181154.php:264]

---------------------------------------------------------------
[ 2018-03-08T11:53:46+08:00 ] ::1 ::1 GET /myo2o/public/index.php/index/detail/index.html?id=1
[ error ] [8]未定义数组索引: ypoint[C:\Apache24\htdocs\myo2o\runtime\temp\ad70a03ba28b0a48f1715603bd181154.php:264]

---------------------------------------------------------------
[ 2018-03-08T12:58:26+08:00 ] ::1 ::1 GET /myo2o/public/index.php/index/index/index.html?city=hubei
[ error ] [8]未定义数组索引: uname[C:\Apache24\htdocs\myo2o\application\index\controller\Base.php:30]

---------------------------------------------------------------
[ 2018-03-08T13:09:17+08:00 ] ::1 ::1 GET /myo2o/public/index.php/index/index/index.html?city=hubei
[ error ] [0]类的属性不存在:app\Common\model\City->uname[C:\Apache24\htdocs\myo2o\thinkphp\library\think\Model.php:424]

---------------------------------------------------------------
[ 2018-03-08T13:12:02+08:00 ] ::1 ::1 GET /myo2o/public/index.php/index/index/index.html
[ error ] [0]类的属性不存在:app\Common\model\City->uname[C:\Apache24\htdocs\myo2o\thinkphp\library\think\Model.php:424]

---------------------------------------------------------------
[ 2018-03-08T13:25:22+08:00 ] ::1 ::1 GET /myo2o/public/index.php/index/index/index.html
[ error ] [0]类的属性不存在:app\Common\model\City->uname[C:\Apache24\htdocs\myo2o\thinkphp\library\think\Model.php:424]

---------------------------------------------------------------
[ 2018-03-08T13:57:31+08:00 ] ::1 ::1 GET /myo2o/public/index.php/index/index/index.html?city=4
[ error ] [8]未定义数组下标: 0[C:\Apache24\htdocs\myo2o\thinkphp\library\think\db\Builder.php:277]

---------------------------------------------------------------
[ 2018-03-08T14:02:18+08:00 ] ::1 ::1 GET /myo2o/public/index.php/index/index/index.html?city=4
[ error ] [0]语法解析错误: syntax error, unexpected ';', expecting ']'[C:\Apache24\htdocs\myo2o\application\common\model\City.php:64]

---------------------------------------------------------------
[ 2018-03-08T14:02:30+08:00 ] ::1 ::1 GET /myo2o/public/index.php/index/index/index.html?city=4
[ error ] [8]未定义数组下标: 0[C:\Apache24\htdocs\myo2o\thinkphp\library\think\db\Builder.php:277]

---------------------------------------------------------------
[ 2018-03-08T14:04:20+08:00 ] ::1 ::1 GET /myo2o/public/index.php/index/index/index.html?city=4
[ error ] [8]未定义变量: defaultCityId[C:\Apache24\htdocs\myo2o\application\index\controller\Base.php:35]

---------------------------------------------------------------
[ 2018-03-08T14:06:44+08:00 ] ::1 ::1 GET /myo2o/public/index.php/index/index/index.html?city=4
[ error ] [8]未定义变量: defaultCityId[C:\Apache24\htdocs\myo2o\application\index\controller\Base.php:35]

---------------------------------------------------------------
[ 2018-03-08T15:05:48+08:00 ] ::1 ::1 GET /myo2o/public/index.php/index/index/index.html?city=8
[ error ] [8]未定义变量: featured[C:\Apache24\htdocs\myo2o\runtime\temp\cb1e786125517150da771cdf54bf54fa.php:116]

---------------------------------------------------------------
[ 2018-03-08T17:09:16+08:00 ] ::1 ::1 GET /myo2o/public/index.php/admin/bis/detail.html?id=1
[ error ] [8]Trying to get property of non-object[C:\Apache24\htdocs\myo2o\application\common.php:103]

---------------------------------------------------------------
[ 2018-03-08T17:13:12+08:00 ] ::1 ::1 GET /myo2o/public/index.php/admin/bis/detail.html?id=1
[ error ] [8]Trying to get property of non-object[C:\Apache24\htdocs\myo2o\application\common.php:103]

---------------------------------------------------------------
[ 2018-03-08T17:14:03+08:00 ] ::1 ::1 GET /myo2o/public/index.php/admin/bis/detail.html?id=1
[ error ] [8]Trying to get property of non-object[C:\Apache24\htdocs\myo2o\application\common.php:103]

---------------------------------------------------------------
[ 2018-03-08T17:16:40+08:00 ] ::1 ::1 GET /myo2o/public/index.php/admin/bis/detail.html?id=1
[ error ] [8]Trying to get property of non-object[C:\Apache24\htdocs\myo2o\application\common.php:103]

---------------------------------------------------------------
[ 2018-03-08T17:20:46+08:00 ] ::1 ::1 GET /myo2o/public/index.php/admin/bis/detail.html?id=1
[ error ] [8]Trying to get property of non-object[C:\Apache24\htdocs\myo2o\application\common.php:103]

---------------------------------------------------------------
