[ 2018-03-08T11:21:49+08:00 ] ::1 ::1 GET /myo2o/public/index.php/index/lists/index.html?id=1
[ log ] o2o-log-list-id1

---------------------------------------------------------------
[ 2018-03-08T11:21:55+08:00 ] ::1 ::1 GET /myo2o/public/index.php/index/lists/index.html?id=2
[ log ] o2o-log-list-id2

---------------------------------------------------------------
[ 2018-03-08T11:21:58+08:00 ] ::1 ::1 GET /myo2o/public/index.php/index/lists/index.html?id=3
[ log ] o2o-log-list-id3

---------------------------------------------------------------
[ 2018-03-08T11:22:27+08:00 ] ::1 ::1 GET /myo2o/public/index.php/index/lists/index.html?id=5
[ log ] o2o-log-list-id5

---------------------------------------------------------------
[ 2018-03-08T11:22:34+08:00 ] ::1 ::1 GET /myo2o/public/index.php/index/lists/index.html?id=6
[ log ] o2o-log-list-id6

---------------------------------------------------------------
[ 2018-03-08T11:22:37+08:00 ] ::1 ::1 GET /myo2o/public/index.php/index/lists/index.html?id=5
[ log ] o2o-log-list-id5

---------------------------------------------------------------
[ 2018-03-08T11:22:38+08:00 ] ::1 ::1 GET /myo2o/public/index.php/index/lists/index.html?id=3
[ log ] o2o-log-list-id3

---------------------------------------------------------------
[ 2018-03-08T11:22:39+08:00 ] ::1 ::1 GET /myo2o/public/index.php/index/lists/index.html?id=2
[ log ] o2o-log-list-id2

---------------------------------------------------------------
[ 2018-03-08T11:22:40+08:00 ] ::1 ::1 GET /myo2o/public/index.php/index/lists/index.html?id=1
[ log ] o2o-log-list-id1

---------------------------------------------------------------
[ 2018-03-08T11:22:52+08:00 ] ::1 ::1 GET /myo2o/public/index.php/index/lists/index.html?id=9
[ log ] o2o-log-list-id9

---------------------------------------------------------------
[ 2018-03-08T11:23:20+08:00 ] ::1 ::1 GET /myo2o/public/index.php/index/lists/index.html?id=1
[ log ] o2o-log-list-id1

---------------------------------------------------------------
[ 2018-03-08T11:23:22+08:00 ] ::1 ::1 GET /myo2o/public/index.php/index/lists/index.html?id=9
[ log ] o2o-log-list-id9

---------------------------------------------------------------
[ 2018-03-08T12:19:13+08:00 ] ::1 ::1 GET /myo2o/public/index.php/index/lists/index.html?id=14
[ log ] o2o-log-list-id14

---------------------------------------------------------------
[ 2018-03-08T12:19:16+08:00 ] ::1 ::1 GET /myo2o/public/index.php/index/lists/index.html?id=14&order_sales=1
[ log ] o2o-log-list-id14

---------------------------------------------------------------
[ 2018-03-08T12:19:16+08:00 ] ::1 ::1 GET /myo2o/public/index.php/index/lists/index.html?id=14&order_price=1
[ log ] o2o-log-list-id14

---------------------------------------------------------------
[ 2018-03-08T12:19:17+08:00 ] ::1 ::1 GET /myo2o/public/index.php/index/lists/index.html?id=14&order_time=1
[ log ] o2o-log-list-id14

---------------------------------------------------------------
[ 2018-03-08T12:19:27+08:00 ] ::1 ::1 GET /myo2o/public/index.php/index/lists/index.html?id=8
[ log ] o2o-log-list-id8

---------------------------------------------------------------
[ 2018-03-08T12:19:38+08:00 ] ::1 ::1 GET /myo2o/public/index.php/index/lists/index.html?id=8
[ log ] o2o-log-list-id8

---------------------------------------------------------------
[ 2018-03-08T12:20:10+08:00 ] ::1 ::1 GET /myo2o/public/index.php/index/lists/index.html?id=8
[ log ] o2o-log-list-id8

---------------------------------------------------------------
[ 2018-03-08T12:20:12+08:00 ] ::1 ::1 GET /myo2o/public/index.php/index/lists/index.html?id=2
[ log ] o2o-log-list-id2

---------------------------------------------------------------
[ 2018-03-08T12:20:13+08:00 ] ::1 ::1 GET /myo2o/public/index.php/index/lists/index.html?id=3
[ log ] o2o-log-list-id3

---------------------------------------------------------------
[ 2018-03-08T12:20:14+08:00 ] ::1 ::1 GET /myo2o/public/index.php/index/lists/index.html?id=5
[ log ] o2o-log-list-id5

---------------------------------------------------------------
[ 2018-03-08T12:20:14+08:00 ] ::1 ::1 GET /myo2o/public/index.php/index/lists/index.html?id=6
[ log ] o2o-log-list-id6

---------------------------------------------------------------
[ 2018-03-08T12:20:15+08:00 ] ::1 ::1 GET /myo2o/public/index.php/index/lists/index.html?id=16
[ log ] o2o-log-list-id16

---------------------------------------------------------------
[ 2018-03-08T12:20:16+08:00 ] ::1 ::1 GET /myo2o/public/index.php/index/lists/index.html?id=15
[ log ] o2o-log-list-id15

---------------------------------------------------------------
[ 2018-03-08T12:20:17+08:00 ] ::1 ::1 GET /myo2o/public/index.php/index/lists/index.html?id=15&order_sales=1
[ log ] o2o-log-list-id15

---------------------------------------------------------------
[ 2018-03-08T12:20:17+08:00 ] ::1 ::1 GET /myo2o/public/index.php/index/lists/index.html?id=15&order_price=1
[ log ] o2o-log-list-id15

---------------------------------------------------------------
[ 2018-03-08T12:20:18+08:00 ] ::1 ::1 GET /myo2o/public/index.php/index/lists/index.html?id=15&order_time=1
[ log ] o2o-log-list-id15

---------------------------------------------------------------
[ 2018-03-08T12:24:14+08:00 ] ::1 ::1 GET /myo2o/public/index.php/index/lists/index.html?id=1
[ log ] o2o-log-list-id1

---------------------------------------------------------------
[ 2018-03-08T12:24:19+08:00 ] ::1 ::1 GET /myo2o/public/index.php/index/lists/index.html?id=2
[ log ] o2o-log-list-id2

---------------------------------------------------------------
[ 2018-03-08T12:24:23+08:00 ] ::1 ::1 GET /myo2o/public/index.php/index/lists/index.html?id=22
[ log ] o2o-log-list-id22

---------------------------------------------------------------
[ 2018-03-08T12:24:25+08:00 ] ::1 ::1 GET /myo2o/public/index.php/index/lists/index.html?id=1
[ log ] o2o-log-list-id1

---------------------------------------------------------------
[ 2018-03-08T12:27:39+08:00 ] ::1 ::1 GET /myo2o/public/index.php/index/lists/index.html?id=12
[ log ] o2o-log-list-id12

---------------------------------------------------------------
[ 2018-03-08T12:31:12+08:00 ] ::1 ::1 GET /myo2o/public/index.php/index/lists/index.html?id=11
[ log ] o2o-log-list-id11

---------------------------------------------------------------
[ 2018-03-08T12:31:13+08:00 ] ::1 ::1 GET /myo2o/public/index.php/index/lists/index.html?id=10
[ log ] o2o-log-list-id10

---------------------------------------------------------------
[ 2018-03-08T12:31:14+08:00 ] ::1 ::1 GET /myo2o/public/index.php/index/lists/index.html?id=9
[ log ] o2o-log-list-id9

---------------------------------------------------------------
[ 2018-03-08T12:31:14+08:00 ] ::1 ::1 GET /myo2o/public/index.php/index/lists/index.html?id=8
[ log ] o2o-log-list-id8

---------------------------------------------------------------
[ 2018-03-08T12:45:10+08:00 ] ::1 ::1 GET /myo2o/public/index.php/index/lists/index.html?id=22
[ log ] o2o-log-list-id22

---------------------------------------------------------------
[ 2018-03-08T12:45:24+08:00 ] ::1 ::1 GET /myo2o/public/index.php/index/lists/index.html?id=22
[ log ] o2o-log-list-id22

---------------------------------------------------------------
[ 2018-03-08T12:45:31+08:00 ] ::1 ::1 GET /myo2o/public/index.php/index/lists/index.html?id=13
[ log ] o2o-log-list-id13

---------------------------------------------------------------
[ 2018-03-08T15:19:25+08:00 ] ::1 ::1 GET /myo2o/public/index.php/index/lists/index.html?id=1
[ log ] o2o-log-list-id1

---------------------------------------------------------------
[ 2018-03-08T15:19:32+08:00 ] ::1 ::1 GET /myo2o/public/index.php/index/lists/index.html?id=8
[ log ] o2o-log-list-id8

---------------------------------------------------------------
[ 2018-03-08T15:19:42+08:00 ] ::1 ::1 GET /myo2o/public/index.php/index/lists/index.html?id=1
[ log ] o2o-log-list-id1

---------------------------------------------------------------
[ 2018-03-08T15:19:47+08:00 ] ::1 ::1 GET /myo2o/public/index.php/index/lists/index.html?id=8
[ log ] o2o-log-list-id8

---------------------------------------------------------------
[ 2018-03-08T15:19:48+08:00 ] ::1 ::1 GET /myo2o/public/index.php/index/lists/index.html?id=9
[ log ] o2o-log-list-id9

---------------------------------------------------------------
[ 2018-03-08T15:19:52+08:00 ] ::1 ::1 GET /myo2o/public/index.php/index/lists/index.html
[ log ] o2o-log-list-id0

---------------------------------------------------------------
[ 2018-03-08T15:19:55+08:00 ] ::1 ::1 GET /myo2o/public/index.php/index/lists/index.html?id=1
[ log ] o2o-log-list-id1

---------------------------------------------------------------
[ 2018-03-08T15:32:19+08:00 ] ::1 ::1 GET /myo2o/public/index.php/index/lists/index.html?id=1
[ log ] o2o-log-list-id1

---------------------------------------------------------------
[ 2018-03-08T15:32:22+08:00 ] ::1 ::1 GET /myo2o/public/index.php/index/lists/index.html?id=2
[ log ] o2o-log-list-id2

---------------------------------------------------------------
[ 2018-03-08T15:32:23+08:00 ] ::1 ::1 GET /myo2o/public/index.php/index/lists/index.html?id=1
[ log ] o2o-log-list-id1

---------------------------------------------------------------
[ 2018-03-08T15:32:25+08:00 ] ::1 ::1 GET /myo2o/public/index.php/index/lists/index.html?id=8
[ log ] o2o-log-list-id8

---------------------------------------------------------------
[ 2018-03-08T15:32:26+08:00 ] ::1 ::1 GET /myo2o/public/index.php/index/lists/index.html?id=9
[ log ] o2o-log-list-id9

---------------------------------------------------------------
[ 2018-03-08T15:32:27+08:00 ] ::1 ::1 GET /myo2o/public/index.php/index/lists/index.html?id=10
[ log ] o2o-log-list-id10

---------------------------------------------------------------
[ 2018-03-08T15:32:28+08:00 ] ::1 ::1 GET /myo2o/public/index.php/index/lists/index.html?id=11
[ log ] o2o-log-list-id11

---------------------------------------------------------------
[ 2018-03-08T15:32:28+08:00 ] ::1 ::1 GET /myo2o/public/index.php/index/lists/index.html?id=12
[ log ] o2o-log-list-id12

---------------------------------------------------------------
[ 2018-03-08T15:32:29+08:00 ] ::1 ::1 GET /myo2o/public/index.php/index/lists/index.html?id=13
[ log ] o2o-log-list-id13

---------------------------------------------------------------
[ 2018-03-08T15:32:30+08:00 ] ::1 ::1 GET /myo2o/public/index.php/index/lists/index.html?id=14
[ log ] o2o-log-list-id14

---------------------------------------------------------------
[ 2018-03-08T15:32:35+08:00 ] ::1 ::1 GET /myo2o/public/index.php/index/lists/index.html?id=8
[ log ] o2o-log-list-id8

---------------------------------------------------------------
[ 2018-03-08T16:53:35+08:00 ] ::1 ::1 GET /myo2o/public/index.php/index/lists/index.html?id=8
[ log ] o2o-log-list-id8

---------------------------------------------------------------
[ 2018-03-08T16:53:37+08:00 ] ::1 ::1 GET /myo2o/public/index.php/index/lists/index.html?id=9
[ log ] o2o-log-list-id9

---------------------------------------------------------------
[ 2018-03-08T16:53:37+08:00 ] ::1 ::1 GET /myo2o/public/index.php/index/lists/index.html?id=10
[ log ] o2o-log-list-id10

---------------------------------------------------------------
[ 2018-03-08T16:53:38+08:00 ] ::1 ::1 GET /myo2o/public/index.php/index/lists/index.html?id=11
[ log ] o2o-log-list-id11

---------------------------------------------------------------
[ 2018-03-08T16:53:38+08:00 ] ::1 ::1 GET /myo2o/public/index.php/index/lists/index.html?id=12
[ log ] o2o-log-list-id12

---------------------------------------------------------------
[ 2018-03-08T16:53:39+08:00 ] ::1 ::1 GET /myo2o/public/index.php/index/lists/index.html?id=13
[ log ] o2o-log-list-id13

---------------------------------------------------------------
[ 2018-03-08T16:53:39+08:00 ] ::1 ::1 GET /myo2o/public/index.php/index/lists/index.html?id=14
[ log ] o2o-log-list-id14

---------------------------------------------------------------
[ 2018-03-08T16:53:40+08:00 ] ::1 ::1 GET /myo2o/public/index.php/index/lists/index.html?id=14
[ log ] o2o-log-list-id14

---------------------------------------------------------------
[ 2018-03-08T16:53:42+08:00 ] ::1 ::1 GET /myo2o/public/index.php/index/lists/index.html
[ log ] o2o-log-list-id0

---------------------------------------------------------------
