[ 2018-03-11T12:18:55+08:00 ] 172.27.0.5 117.152.205.211 GET /myo2o/public/index.php/bis/index/index
[ log ] 119.27.190.162/myo2o/public/index.php/bis/index/index [运行时间：0.036674s][吞吐率：27.27req/s] [内存消耗：1,478.11kb] [文件加载：50]
[ info ] [ LANG ] /var/www/html/myo2o/thinkphp/lang/zh-cn.php
[ info ] [ ROUTE ] array (
  'type' => 'module',
  'module' => 
  array (
    0 => 'bis',
    1 => 'index',
    2 => 'index',
  ),
)
[ info ] [ HEADER ] array (
  'host' => '119.27.190.162',
  'connection' => 'keep-alive',
  'upgrade-insecure-requests' => '1',
  'user-agent' => 'Mozilla/5.0 (Windows NT 10.0; Win64; x64) AppleWebKit/537.36 (KHTML, like Gecko) Chrome/65.0.3325.146 Safari/537.36',
  'accept' => 'text/html,application/xhtml+xml,application/xml;q=0.9,image/webp,image/apng,*/*;q=0.8',
  'referer' => 'http://119.27.190.162/',
  'accept-encoding' => 'gzip, deflate',
  'accept-language' => 'zh-CN,zh;q=0.9',
  'cookie' => 'Hm_lvt_080836300300be57b7f34f4b3e97d911=1520588017',
)
[ info ] [ PARAM ] array (
)
[ info ] [ SESSION ] INIT array (
  'id' => '',
  'var_session_id' => '',
  'prefix' => 'think',
  'type' => '',
  'auto_start' => true,
)
[ info ] [ LOG ] INIT File

---------------------------------------------------------------
[ 2018-03-11T12:18:55+08:00 ] 172.27.0.5 117.152.205.211 GET /myo2o/public/index.php/bis/login/index.html
[ log ] 119.27.190.162/myo2o/public/index.php/bis/login/index.html [运行时间：0.013424s][吞吐率：74.49req/s] [内存消耗：1,473.62kb] [文件加载：48]
[ info ] [ LANG ] /var/www/html/myo2o/thinkphp/lang/zh-cn.php
[ info ] [ ROUTE ] array (
  'type' => 'module',
  'module' => 
  array (
    0 => 'bis',
    1 => 'login',
    2 => 'index',
  ),
)
[ info ] [ HEADER ] array (
  'host' => '119.27.190.162',
  'connection' => 'keep-alive',
  'upgrade-insecure-requests' => '1',
  'user-agent' => 'Mozilla/5.0 (Windows NT 10.0; Win64; x64) AppleWebKit/537.36 (KHTML, like Gecko) Chrome/65.0.3325.146 Safari/537.36',
  'accept' => 'text/html,application/xhtml+xml,application/xml;q=0.9,image/webp,image/apng,*/*;q=0.8',
  'referer' => 'http://119.27.190.162/',
  'accept-encoding' => 'gzip, deflate',
  'accept-language' => 'zh-CN,zh;q=0.9',
  'cookie' => 'Hm_lvt_080836300300be57b7f34f4b3e97d911=1520588017; PHPSESSID=9rkm8je37hqp8b48rjdb5pb5ul',
)
[ info ] [ PARAM ] array (
)
[ info ] [ RUN ] app\bis\controller\Login->index[ /var/www/html/myo2o/application/bis/controller/Login.php ]
[ info ] [ SESSION ] INIT array (
  'id' => '',
  'var_session_id' => '',
  'prefix' => 'think',
  'type' => '',
  'auto_start' => true,
)
[ info ] [ VIEW ] /var/www/html/myo2o/public/../application/bis/view/login/index.html [ array (
) ]
[ info ] [ LOG ] INIT File

---------------------------------------------------------------
[ 2018-03-11T12:18:56+08:00 ] 172.27.0.5 117.152.205.211 GET /myo2o/public/index.php/bis/register/index.html
[ log ] 119.27.190.162/myo2o/public/index.php/bis/register/index.html [运行时间：0.152484s][吞吐率：6.56req/s] [内存消耗：2,323.24kb] [文件加载：58]
[ info ] [ LANG ] /var/www/html/myo2o/thinkphp/lang/zh-cn.php
[ info ] [ ROUTE ] array (
  'type' => 'module',
  'module' => 
  array (
    0 => 'bis',
    1 => 'register',
    2 => 'index',
  ),
)
[ info ] [ HEADER ] array (
  'host' => '119.27.190.162',
  'connection' => 'keep-alive',
  'upgrade-insecure-requests' => '1',
  'user-agent' => 'Mozilla/5.0 (Windows NT 10.0; Win64; x64) AppleWebKit/537.36 (KHTML, like Gecko) Chrome/65.0.3325.146 Safari/537.36',
  'accept' => 'text/html,application/xhtml+xml,application/xml;q=0.9,image/webp,image/apng,*/*;q=0.8',
  'referer' => 'http://119.27.190.162/myo2o/public/index.php/bis/login/index.html',
  'accept-encoding' => 'gzip, deflate',
  'accept-language' => 'zh-CN,zh;q=0.9',
  'cookie' => 'Hm_lvt_080836300300be57b7f34f4b3e97d911=1520588017; PHPSESSID=9rkm8je37hqp8b48rjdb5pb5ul',
)
[ info ] [ PARAM ] array (
)
[ info ] [ RUN ] app\bis\controller\Register->index[ /var/www/html/myo2o/application/bis/controller/Register.php ]
[ info ] [ DB ] INIT mysql
[ info ] [ VIEW ] /var/www/html/myo2o/public/../application/bis/view/register/index.html [ array (
  0 => 'citys',
  1 => 'categorys',
) ]
[ info ] [ LOG ] INIT File

---------------------------------------------------------------
[ 2018-03-11T12:19:05+08:00 ] 172.27.0.5 117.152.205.211 POST /myo2o/public/index.php/api/city/getCitysByParentId.html
[ log ] 119.27.190.162/myo2o/public/index.php/api/city/getCitysByParentId.html [运行时间：0.021228s][吞吐率：47.11req/s] [内存消耗：2,216.51kb] [文件加载：56]
[ info ] [ LANG ] /var/www/html/myo2o/thinkphp/lang/zh-cn.php
[ info ] [ ROUTE ] array (
  'type' => 'module',
  'module' => 
  array (
    0 => 'api',
    1 => 'city',
    2 => 'getCitysByParentId',
  ),
)
[ info ] [ HEADER ] array (
  'host' => '119.27.190.162',
  'connection' => 'keep-alive',
  'content-length' => '4',
  'accept' => 'application/json, text/javascript, */*; q=0.01',
  'origin' => 'http://119.27.190.162',
  'x-requested-with' => 'XMLHttpRequest',
  'user-agent' => 'Mozilla/5.0 (Windows NT 10.0; Win64; x64) AppleWebKit/537.36 (KHTML, like Gecko) Chrome/65.0.3325.146 Safari/537.36',
  'content-type' => 'application/x-www-form-urlencoded; charset=UTF-8',
  'referer' => 'http://119.27.190.162/myo2o/public/index.php/bis/register/index.html',
  'accept-encoding' => 'gzip, deflate',
  'accept-language' => 'zh-CN,zh;q=0.9',
  'cookie' => 'Hm_lvt_080836300300be57b7f34f4b3e97d911=1520588017; PHPSESSID=9rkm8je37hqp8b48rjdb5pb5ul',
)
[ info ] [ PARAM ] array (
  'id' => '5',
)
[ info ] [ RUN ] app\api\controller\City->getCitysByParentId[ /var/www/html/myo2o/application/api/controller/City.php ]
[ info ] [ DB ] INIT mysql
[ info ] [ LOG ] INIT File

---------------------------------------------------------------
[ 2018-03-11T12:19:07+08:00 ] 172.27.0.5 117.152.205.211 POST /myo2o/public/index.php/api/city/getCitysByParentId.html
[ log ] 119.27.190.162/myo2o/public/index.php/api/city/getCitysByParentId.html [运行时间：0.025715s][吞吐率：38.89req/s] [内存消耗：2,216.51kb] [文件加载：56]
[ info ] [ LANG ] /var/www/html/myo2o/thinkphp/lang/zh-cn.php
[ info ] [ ROUTE ] array (
  'type' => 'module',
  'module' => 
  array (
    0 => 'api',
    1 => 'city',
    2 => 'getCitysByParentId',
  ),
)
[ info ] [ HEADER ] array (
  'host' => '119.27.190.162',
  'connection' => 'keep-alive',
  'content-length' => '4',
  'accept' => 'application/json, text/javascript, */*; q=0.01',
  'origin' => 'http://119.27.190.162',
  'x-requested-with' => 'XMLHttpRequest',
  'user-agent' => 'Mozilla/5.0 (Windows NT 10.0; Win64; x64) AppleWebKit/537.36 (KHTML, like Gecko) Chrome/65.0.3325.146 Safari/537.36',
  'content-type' => 'application/x-www-form-urlencoded; charset=UTF-8',
  'referer' => 'http://119.27.190.162/myo2o/public/index.php/bis/register/index.html',
  'accept-encoding' => 'gzip, deflate',
  'accept-language' => 'zh-CN,zh;q=0.9',
  'cookie' => 'Hm_lvt_080836300300be57b7f34f4b3e97d911=1520588017; PHPSESSID=9rkm8je37hqp8b48rjdb5pb5ul',
)
[ info ] [ PARAM ] array (
  'id' => '1',
)
[ info ] [ RUN ] app\api\controller\City->getCitysByParentId[ /var/www/html/myo2o/application/api/controller/City.php ]
[ info ] [ DB ] INIT mysql
[ info ] [ LOG ] INIT File

---------------------------------------------------------------
[ 2018-03-11T12:19:11+08:00 ] 172.27.0.5 117.152.205.211 POST /myo2o/public/index.php/api/image/upload.html
[ log ] 119.27.190.162/myo2o/public/index.php/api/image/upload.html [运行时间：0.052399s][吞吐率：19.08req/s] [内存消耗：1,460.26kb] [文件加载：48]
[ info ] [ LANG ] /var/www/html/myo2o/thinkphp/lang/zh-cn.php
[ info ] [ ROUTE ] array (
  'type' => 'module',
  'module' => 
  array (
    0 => 'api',
    1 => 'image',
    2 => 'upload',
  ),
)
[ info ] [ HEADER ] array (
  'host' => '119.27.190.162',
  'connection' => 'keep-alive',
  'content-length' => '6993',
  'accept' => 'application/json, text/javascript, */*; q=0.01',
  'origin' => 'http://119.27.190.162',
  'x-requested-with' => 'XMLHttpRequest',
  'user-agent' => 'Mozilla/5.0 (Windows NT 10.0; Win64; x64) AppleWebKit/537.36 (KHTML, like Gecko) Chrome/65.0.3325.146 Safari/537.36',
  'content-type' => 'multipart/form-data; boundary=----WebKitFormBoundaryOAa8kpePQcSEbXqk',
  'referer' => 'http://119.27.190.162/myo2o/public/index.php/bis/register/index.html',
  'accept-encoding' => 'gzip, deflate',
  'accept-language' => 'zh-CN,zh;q=0.9',
  'cookie' => 'Hm_lvt_080836300300be57b7f34f4b3e97d911=1520588017; PHPSESSID=9rkm8je37hqp8b48rjdb5pb5ul',
)
[ info ] [ PARAM ] array (
)
[ info ] [ RUN ] app\api\controller\Image->upload[ /var/www/html/myo2o/application/api/controller/Image.php ]
[ info ] [ LOG ] INIT File

---------------------------------------------------------------
[ 2018-03-11T14:49:35+08:00 ] 172.27.0.5 14.17.3.65 GET /myo2o/public/index.php/bis/login/index.html
[ log ] 119.27.190.162/myo2o/public/index.php/bis/login/index.html [运行时间：0.015961s][吞吐率：62.65req/s] [内存消耗：1,469.63kb] [文件加载：48]
[ info ] [ LANG ] /var/www/html/myo2o/thinkphp/lang/zh-cn.php
[ info ] [ ROUTE ] array (
  'type' => 'module',
  'module' => 
  array (
    0 => 'bis',
    1 => 'login',
    2 => 'index',
  ),
)
[ info ] [ HEADER ] array (
  'host' => '119.27.190.162',
  'accept-encoding' => 'deflate, gzip',
  'accept' => '*/*',
  'accept-language' => 'zh-cn',
  'user-agent' => 'Mozilla/5.0 (iPhone; CPU iPhone OS 9_3_4 like Mac OS X) AppleWebKit/601.1.46 (KHTML, like Gecko) Mobile/13G35 QQ/6.5.3.410 V1_IPH_SQ_6.5.3_1_APP_A Pixel/750 Core/UIWebView NetType/2G Mem/117',
  'connection' => 'Close',
)
[ info ] [ PARAM ] array (
)
[ info ] [ RUN ] app\bis\controller\Login->index[ /var/www/html/myo2o/application/bis/controller/Login.php ]
[ info ] [ SESSION ] INIT array (
  'id' => '',
  'var_session_id' => '',
  'prefix' => 'think',
  'type' => '',
  'auto_start' => true,
)
[ info ] [ VIEW ] /var/www/html/myo2o/public/../application/bis/view/login/index.html [ array (
) ]
[ info ] [ LOG ] INIT File

---------------------------------------------------------------
