[ 2018-02-08T20:18:35+08:00 ] 127.0.0.1 127.0.0.1 GET /myo2o/public/index.php?s=admin/index/index
[ log ] localhost/myo2o/public/index.php?s=admin/index/index [运行时间：0.077004s][吞吐率：12.99req/s] [内存消耗：1,329.20kb] [文件加载：40]
[ info ] [ LANG ] E:\nginx\nginx-1.12.2\nginx-1.12.2\html\myo2o\thinkphp\lang\zh-cn.php
[ info ] [ ROUTE ] array (
  'type' => 'module',
  'module' => 
  array (
    0 => 'admin',
    1 => 'index',
    2 => 'index',
  ),
)
[ info ] [ HEADER ] array (
  'cookie' => 'pgv_pvi=1896228864; pgv_si=s8942211072',
  'accept-language' => 'zh-CN,zh;q=0.9',
  'accept-encoding' => 'gzip, deflate, br',
  'accept' => 'text/html,application/xhtml+xml,application/xml;q=0.9,image/webp,image/apng,*/*;q=0.8',
  'user-agent' => 'Mozilla/5.0 (Windows NT 6.1; Win64; x64) AppleWebKit/537.36 (KHTML, like Gecko) Chrome/64.0.3282.140 Safari/537.36',
  'upgrade-insecure-requests' => '1',
  'connection' => 'keep-alive',
  'host' => 'localhost',
  'content-length' => '',
  'content-type' => '',
)
[ info ] [ PARAM ] array (
)
[ info ] [ RUN ] app\admin\controller\Index->index[ E:\nginx\nginx-1.12.2\nginx-1.12.2\html\myo2o\application\admin\controller\Index.php ]
[ info ] [ VIEW ] E:\nginx\nginx-1.12.2\nginx-1.12.2\html\myo2o\public/../application/admin\view\index\index.html [ array (
) ]
[ info ] [ LOG ] INIT File

---------------------------------------------------------------
[ 2018-02-08T20:19:06+08:00 ] 127.0.0.1 127.0.0.1 GET /myo2o/public/index.php?admin/index/index
[ log ] localhost/myo2o/public/index.php?admin/index/index [运行时间：2.324133s][吞吐率：0.43req/s] [内存消耗：1,859.59kb] [文件加载：45]
[ info ] [ LANG ] E:\nginx\nginx-1.12.2\nginx-1.12.2\html\myo2o\thinkphp\lang\zh-cn.php
[ info ] [ ROUTE ] array (
  'type' => 'module',
  'module' => 
  array (
    0 => '',
    1 => NULL,
    2 => NULL,
  ),
)
[ info ] [ HEADER ] array (
  'cookie' => 'pgv_pvi=1896228864; pgv_si=s8942211072',
  'accept-language' => 'zh-CN,zh;q=0.9',
  'accept-encoding' => 'gzip, deflate, br',
  'accept' => 'text/html,application/xhtml+xml,application/xml;q=0.9,image/webp,image/apng,*/*;q=0.8',
  'user-agent' => 'Mozilla/5.0 (Windows NT 6.1; Win64; x64) AppleWebKit/537.36 (KHTML, like Gecko) Chrome/64.0.3282.140 Safari/537.36',
  'upgrade-insecure-requests' => '1',
  'connection' => 'keep-alive',
  'host' => 'localhost',
  'content-length' => '',
  'content-type' => '',
)
[ info ] [ PARAM ] array (
  'admin/index/index' => '',
)
[ info ] [ DB ] INIT mysql
[ info ] [ LOG ] INIT File

---------------------------------------------------------------
[ 2018-02-08T20:19:14+08:00 ] 127.0.0.1 127.0.0.1 GET /myo2o/public/index.php?s=admin/index/index
[ log ] localhost/myo2o/public/index.php?s=admin/index/index [运行时间：0.065004s][吞吐率：15.38req/s] [内存消耗：1,183.58kb] [文件加载：38]
[ info ] [ LANG ] E:\nginx\nginx-1.12.2\nginx-1.12.2\html\myo2o\thinkphp\lang\zh-cn.php
[ info ] [ ROUTE ] array (
  'type' => 'module',
  'module' => 
  array (
    0 => 'admin',
    1 => 'index',
    2 => 'index',
  ),
)
[ info ] [ HEADER ] array (
  'cookie' => 'pgv_pvi=1896228864; pgv_si=s8942211072',
  'accept-language' => 'zh-CN,zh;q=0.9',
  'accept-encoding' => 'gzip, deflate, br',
  'accept' => 'text/html,application/xhtml+xml,application/xml;q=0.9,image/webp,image/apng,*/*;q=0.8',
  'user-agent' => 'Mozilla/5.0 (Windows NT 6.1; Win64; x64) AppleWebKit/537.36 (KHTML, like Gecko) Chrome/64.0.3282.140 Safari/537.36',
  'upgrade-insecure-requests' => '1',
  'connection' => 'keep-alive',
  'host' => 'localhost',
  'content-length' => '',
  'content-type' => '',
)
[ info ] [ PARAM ] array (
)
[ info ] [ RUN ] app\admin\controller\Index->index[ E:\nginx\nginx-1.12.2\nginx-1.12.2\html\myo2o\application\admin\controller\Index.php ]
[ info ] [ VIEW ] E:\nginx\nginx-1.12.2\nginx-1.12.2\html\myo2o\public/../application/admin\view\index\index.html [ array (
) ]
[ info ] [ LOG ] INIT File

---------------------------------------------------------------
[ 2018-02-08T20:26:12+08:00 ] 127.0.0.1 127.0.0.1 GET /myo2o/public/index.php?s=admin/index/index
[ log ] localhost/myo2o/public/index.php?s=admin/index/index [运行时间：0.039003s][吞吐率：25.64req/s] [内存消耗：1,183.66kb] [文件加载：38]
[ info ] [ LANG ] E:\nginx\nginx-1.12.2\nginx-1.12.2\html\myo2o\thinkphp\lang\zh-cn.php
[ info ] [ ROUTE ] array (
  'type' => 'module',
  'module' => 
  array (
    0 => 'admin',
    1 => 'index',
    2 => 'index',
  ),
)
[ info ] [ HEADER ] array (
  'cookie' => 'pgv_pvi=1896228864; pgv_si=s8942211072',
  'accept-language' => 'zh-CN,zh;q=0.9',
  'accept-encoding' => 'gzip, deflate, br',
  'accept' => 'text/html,application/xhtml+xml,application/xml;q=0.9,image/webp,image/apng,*/*;q=0.8',
  'user-agent' => 'Mozilla/5.0 (Windows NT 6.1; Win64; x64) AppleWebKit/537.36 (KHTML, like Gecko) Chrome/64.0.3282.140 Safari/537.36',
  'upgrade-insecure-requests' => '1',
  'cache-control' => 'max-age=0',
  'connection' => 'keep-alive',
  'host' => 'localhost',
  'content-length' => '',
  'content-type' => '',
)
[ info ] [ PARAM ] array (
)
[ info ] [ RUN ] app\admin\controller\Index->index[ E:\nginx\nginx-1.12.2\nginx-1.12.2\html\myo2o\application\admin\controller\Index.php ]
[ info ] [ VIEW ] E:\nginx\nginx-1.12.2\nginx-1.12.2\html\myo2o\public/../application/admin\view\index\index.html [ array (
) ]
[ info ] [ LOG ] INIT File

---------------------------------------------------------------
