[ 2018-02-10T13:07:16+08:00 ] 127.0.0.1 127.0.0.1 GET /myo2o/public/index.php?s=admin/index/index
[ log ] localhost/myo2o/public/index.php?s=admin/index/index [运行时间：0.414023s][吞吐率：2.42req/s] [内存消耗：1,183.56kb] [文件加载：38]
[ info ] [ LANG ] E:\nginx\nginx-1.12.2\nginx-1.12.2\html\myo2o\thinkphp\lang\zh-cn.php
[ info ] [ ROUTE ] array (
  'type' => 'module',
  'module' => 
  array (
    0 => 'admin',
    1 => 'index',
    2 => 'index',
  ),
)
[ info ] [ HEADER ] array (
  'cookie' => 'pgv_pvi=1896228864',
  'accept-language' => 'zh-CN,zh;q=0.9',
  'accept-encoding' => 'gzip, deflate, br',
  'accept' => 'text/html,application/xhtml+xml,application/xml;q=0.9,image/webp,image/apng,*/*;q=0.8',
  'user-agent' => 'Mozilla/5.0 (Windows NT 6.1; Win64; x64) AppleWebKit/537.36 (KHTML, like Gecko) Chrome/64.0.3282.140 Safari/537.36',
  'upgrade-insecure-requests' => '1',
  'connection' => 'keep-alive',
  'host' => 'localhost',
  'content-length' => '',
  'content-type' => '',
)
[ info ] [ PARAM ] array (
)
[ info ] [ RUN ] app\admin\controller\Index->index[ E:\nginx\nginx-1.12.2\nginx-1.12.2\html\myo2o\application\admin\controller\Index.php ]
[ info ] [ VIEW ] E:\nginx\nginx-1.12.2\nginx-1.12.2\html\myo2o\public/../application/admin\view\index\index.html [ array (
) ]
[ info ] [ LOG ] INIT File

---------------------------------------------------------------
[ 2018-02-10T13:08:35+08:00 ] 127.0.0.1 127.0.0.1 GET /myo2o/public/index.php?s=admin/index/index
[ log ] localhost/myo2o/public/index.php?s=admin/index/index [运行时间：0.033001s][吞吐率：30.30req/s] [内存消耗：1,183.66kb] [文件加载：38]
[ info ] [ LANG ] E:\nginx\nginx-1.12.2\nginx-1.12.2\html\myo2o\thinkphp\lang\zh-cn.php
[ info ] [ ROUTE ] array (
  'type' => 'module',
  'module' => 
  array (
    0 => 'admin',
    1 => 'index',
    2 => 'index',
  ),
)
[ info ] [ HEADER ] array (
  'cookie' => 'pgv_pvi=1896228864',
  'accept-language' => 'zh-CN,zh;q=0.9',
  'accept-encoding' => 'gzip, deflate, br',
  'accept' => 'text/html,application/xhtml+xml,application/xml;q=0.9,image/webp,image/apng,*/*;q=0.8',
  'user-agent' => 'Mozilla/5.0 (Windows NT 6.1; Win64; x64) AppleWebKit/537.36 (KHTML, like Gecko) Chrome/64.0.3282.140 Safari/537.36',
  'upgrade-insecure-requests' => '1',
  'cache-control' => 'max-age=0',
  'connection' => 'keep-alive',
  'host' => 'localhost',
  'content-length' => '',
  'content-type' => '',
)
[ info ] [ PARAM ] array (
)
[ info ] [ RUN ] app\admin\controller\Index->index[ E:\nginx\nginx-1.12.2\nginx-1.12.2\html\myo2o\application\admin\controller\Index.php ]
[ info ] [ VIEW ] E:\nginx\nginx-1.12.2\nginx-1.12.2\html\myo2o\public/../application/admin\view\index\index.html [ array (
) ]
[ info ] [ LOG ] INIT File

---------------------------------------------------------------
[ 2018-02-10T13:08:48+08:00 ] 127.0.0.1 127.0.0.1 GET /myo2o/public/index.php?s=admin/index/index
[ log ] localhost/myo2o/public/index.php?s=admin/index/index [运行时间：0.031002s][吞吐率：32.26req/s] [内存消耗：1,183.66kb] [文件加载：38]
[ info ] [ LANG ] E:\nginx\nginx-1.12.2\nginx-1.12.2\html\myo2o\thinkphp\lang\zh-cn.php
[ info ] [ ROUTE ] array (
  'type' => 'module',
  'module' => 
  array (
    0 => 'admin',
    1 => 'index',
    2 => 'index',
  ),
)
[ info ] [ HEADER ] array (
  'cookie' => 'pgv_pvi=1896228864',
  'accept-language' => 'zh-CN,zh;q=0.9',
  'accept-encoding' => 'gzip, deflate, br',
  'accept' => 'text/html,application/xhtml+xml,application/xml;q=0.9,image/webp,image/apng,*/*;q=0.8',
  'user-agent' => 'Mozilla/5.0 (Windows NT 6.1; Win64; x64) AppleWebKit/537.36 (KHTML, like Gecko) Chrome/64.0.3282.140 Safari/537.36',
  'upgrade-insecure-requests' => '1',
  'cache-control' => 'max-age=0',
  'connection' => 'keep-alive',
  'host' => 'localhost',
  'content-length' => '',
  'content-type' => '',
)
[ info ] [ PARAM ] array (
)
[ info ] [ RUN ] app\admin\controller\Index->index[ E:\nginx\nginx-1.12.2\nginx-1.12.2\html\myo2o\application\admin\controller\Index.php ]
[ info ] [ VIEW ] E:\nginx\nginx-1.12.2\nginx-1.12.2\html\myo2o\public/../application/admin\view\index\index.html [ array (
) ]
[ info ] [ LOG ] INIT File

---------------------------------------------------------------
[ 2018-02-10T13:09:01+08:00 ] 127.0.0.1 127.0.0.1 GET /myo2o/public/index.php?s=admin/index/index
[ log ] localhost/myo2o/public/index.php?s=admin/index/index [运行时间：0.026001s][吞吐率：38.46req/s] [内存消耗：1,183.66kb] [文件加载：38]
[ info ] [ LANG ] E:\nginx\nginx-1.12.2\nginx-1.12.2\html\myo2o\thinkphp\lang\zh-cn.php
[ info ] [ ROUTE ] array (
  'type' => 'module',
  'module' => 
  array (
    0 => 'admin',
    1 => 'index',
    2 => 'index',
  ),
)
[ info ] [ HEADER ] array (
  'cookie' => 'pgv_pvi=1896228864',
  'accept-language' => 'zh-CN,zh;q=0.9',
  'accept-encoding' => 'gzip, deflate, br',
  'accept' => 'text/html,application/xhtml+xml,application/xml;q=0.9,image/webp,image/apng,*/*;q=0.8',
  'user-agent' => 'Mozilla/5.0 (Windows NT 6.1; Win64; x64) AppleWebKit/537.36 (KHTML, like Gecko) Chrome/64.0.3282.140 Safari/537.36',
  'upgrade-insecure-requests' => '1',
  'cache-control' => 'max-age=0',
  'connection' => 'keep-alive',
  'host' => 'localhost',
  'content-length' => '',
  'content-type' => '',
)
[ info ] [ PARAM ] array (
)
[ info ] [ RUN ] app\admin\controller\Index->index[ E:\nginx\nginx-1.12.2\nginx-1.12.2\html\myo2o\application\admin\controller\Index.php ]
[ info ] [ VIEW ] E:\nginx\nginx-1.12.2\nginx-1.12.2\html\myo2o\public/../application/admin\view\index\index.html [ array (
) ]
[ info ] [ LOG ] INIT File

---------------------------------------------------------------
[ 2018-02-10T13:10:08+08:00 ] 127.0.0.1 127.0.0.1 GET /myo2o/public/index.php?s=admin/index/index
[ log ] localhost/myo2o/public/index.php?s=admin/index/index [运行时间：0.052003s][吞吐率：19.23req/s] [内存消耗：1,183.66kb] [文件加载：38]
[ info ] [ LANG ] E:\nginx\nginx-1.12.2\nginx-1.12.2\html\myo2o\thinkphp\lang\zh-cn.php
[ info ] [ ROUTE ] array (
  'type' => 'module',
  'module' => 
  array (
    0 => 'admin',
    1 => 'index',
    2 => 'index',
  ),
)
[ info ] [ HEADER ] array (
  'cookie' => 'pgv_pvi=1896228864',
  'accept-language' => 'zh-CN,zh;q=0.9',
  'accept-encoding' => 'gzip, deflate, br',
  'accept' => 'text/html,application/xhtml+xml,application/xml;q=0.9,image/webp,image/apng,*/*;q=0.8',
  'user-agent' => 'Mozilla/5.0 (Windows NT 6.1; Win64; x64) AppleWebKit/537.36 (KHTML, like Gecko) Chrome/64.0.3282.140 Safari/537.36',
  'upgrade-insecure-requests' => '1',
  'cache-control' => 'max-age=0',
  'connection' => 'keep-alive',
  'host' => 'localhost',
  'content-length' => '',
  'content-type' => '',
)
[ info ] [ PARAM ] array (
)
[ info ] [ RUN ] app\admin\controller\Index->index[ E:\nginx\nginx-1.12.2\nginx-1.12.2\html\myo2o\application\admin\controller\Index.php ]
[ info ] [ VIEW ] E:\nginx\nginx-1.12.2\nginx-1.12.2\html\myo2o\public/../application/admin\view\index\index.html [ array (
) ]
[ info ] [ LOG ] INIT File

---------------------------------------------------------------
[ 2018-02-10T16:32:36+08:00 ] 127.0.0.1 127.0.0.1 GET /myo2o/public/index.php?s=admin/index/index
[ log ] localhost/myo2o/public/index.php?s=admin/index/index [运行时间：0.019001s][吞吐率：52.63req/s] [内存消耗：1,183.58kb] [文件加载：38]
[ info ] [ LANG ] E:\nginx\nginx-1.12.2\nginx-1.12.2\html\myo2o\thinkphp\lang\zh-cn.php
[ info ] [ ROUTE ] array (
  'type' => 'module',
  'module' => 
  array (
    0 => 'admin',
    1 => 'index',
    2 => 'index',
  ),
)
[ info ] [ HEADER ] array (
  'cookie' => 'pgv_pvi=1896228864',
  'accept-language' => 'zh-CN,zh;q=0.9',
  'accept-encoding' => 'gzip, deflate, br',
  'accept' => 'text/html,application/xhtml+xml,application/xml;q=0.9,image/webp,image/apng,*/*;q=0.8',
  'user-agent' => 'Mozilla/5.0 (Windows NT 6.1; Win64; x64) AppleWebKit/537.36 (KHTML, like Gecko) Chrome/64.0.3282.140 Safari/537.36',
  'upgrade-insecure-requests' => '1',
  'connection' => 'keep-alive',
  'host' => 'localhost',
  'content-length' => '',
  'content-type' => '',
)
[ info ] [ PARAM ] array (
)
[ info ] [ RUN ] app\admin\controller\Index->index[ E:\nginx\nginx-1.12.2\nginx-1.12.2\html\myo2o\application\admin\controller\Index.php ]
[ info ] [ VIEW ] E:\nginx\nginx-1.12.2\nginx-1.12.2\html\myo2o\public/../application/admin\view\index\index.html [ array (
) ]
[ info ] [ LOG ] INIT File

---------------------------------------------------------------
[ 2018-02-10T16:49:42+08:00 ] 127.0.0.1 127.0.0.1 GET /myo2o/public/index.php?s=index/user/login
[ log ] localhost/myo2o/public/index.php?s=index/user/login [运行时间：0.254015s][吞吐率：3.94req/s] [内存消耗：1,319.42kb] [文件加载：38]
[ info ] [ LANG ] E:\nginx\nginx-1.12.2\nginx-1.12.2\html\myo2o\thinkphp\lang\zh-cn.php
[ info ] [ ROUTE ] array (
  'type' => 'module',
  'module' => 
  array (
    0 => 'index',
    1 => 'user',
    2 => 'login',
  ),
)
[ info ] [ HEADER ] array (
  'cookie' => 'pgv_pvi=1896228864',
  'accept-language' => 'zh-CN,zh;q=0.9',
  'accept-encoding' => 'gzip, deflate, br',
  'accept' => 'text/html,application/xhtml+xml,application/xml;q=0.9,image/webp,image/apng,*/*;q=0.8',
  'user-agent' => 'Mozilla/5.0 (Windows NT 6.1; Win64; x64) AppleWebKit/537.36 (KHTML, like Gecko) Chrome/64.0.3282.140 Safari/537.36',
  'upgrade-insecure-requests' => '1',
  'connection' => 'keep-alive',
  'host' => 'localhost',
  'content-length' => '',
  'content-type' => '',
)
[ info ] [ PARAM ] array (
)
[ info ] [ RUN ] app\index\controller\User->login[ E:\nginx\nginx-1.12.2\nginx-1.12.2\html\myo2o\application\index\controller\User.php ]
[ info ] [ SESSION ] INIT array (
  'id' => '',
  'var_session_id' => '',
  'prefix' => 'think',
  'type' => '',
  'auto_start' => true,
)
[ info ] [ VIEW ] E:\nginx\nginx-1.12.2\nginx-1.12.2\html\myo2o\public/../application/index\view\user\login.html [ array (
) ]
[ info ] [ LOG ] INIT File

---------------------------------------------------------------
[ 2018-02-10T16:52:44+08:00 ] 127.0.0.1 127.0.0.1 GET /myo2o/public/index.php?s=admin/index/index
[ log ] localhost/myo2o/public/index.php?s=admin/index/index [运行时间：0.028002s][吞吐率：35.71req/s] [内存消耗：1,183.70kb] [文件加载：38]
[ info ] [ LANG ] E:\nginx\nginx-1.12.2\nginx-1.12.2\html\myo2o\thinkphp\lang\zh-cn.php
[ info ] [ ROUTE ] array (
  'type' => 'module',
  'module' => 
  array (
    0 => 'admin',
    1 => 'index',
    2 => 'index',
  ),
)
[ info ] [ HEADER ] array (
  'cookie' => 'pgv_pvi=1896228864; PHPSESSID=gbg4ptkp6e9a1m4p3srildkr27',
  'accept-language' => 'zh-CN,zh;q=0.9',
  'accept-encoding' => 'gzip, deflate, br',
  'accept' => 'text/html,application/xhtml+xml,application/xml;q=0.9,image/webp,image/apng,*/*;q=0.8',
  'user-agent' => 'Mozilla/5.0 (Windows NT 6.1; Win64; x64) AppleWebKit/537.36 (KHTML, like Gecko) Chrome/64.0.3282.140 Safari/537.36',
  'upgrade-insecure-requests' => '1',
  'cache-control' => 'max-age=0',
  'connection' => 'keep-alive',
  'host' => 'localhost',
  'content-length' => '',
  'content-type' => '',
)
[ info ] [ PARAM ] array (
)
[ info ] [ RUN ] app\admin\controller\Index->index[ E:\nginx\nginx-1.12.2\nginx-1.12.2\html\myo2o\application\admin\controller\Index.php ]
[ info ] [ VIEW ] E:\nginx\nginx-1.12.2\nginx-1.12.2\html\myo2o\public/../application/admin\view\index\index.html [ array (
) ]
[ info ] [ LOG ] INIT File

---------------------------------------------------------------
[ 2018-02-10T16:53:23+08:00 ] 127.0.0.1 127.0.0.1 GET /myo2o/public/index.php?s=index/user/login
[ log ] localhost/myo2o/public/index.php?s=index/user/login [运行时间：0.021001s][吞吐率：47.62req/s] [内存消耗：1,183.76kb] [文件加载：36]
[ info ] [ LANG ] E:\nginx\nginx-1.12.2\nginx-1.12.2\html\myo2o\thinkphp\lang\zh-cn.php
[ info ] [ ROUTE ] array (
  'type' => 'module',
  'module' => 
  array (
    0 => 'index',
    1 => 'user',
    2 => 'login',
  ),
)
[ info ] [ HEADER ] array (
  'cookie' => 'pgv_pvi=1896228864; PHPSESSID=gbg4ptkp6e9a1m4p3srildkr27',
  'accept-language' => 'zh-CN,zh;q=0.9',
  'accept-encoding' => 'gzip, deflate, br',
  'accept' => 'text/html,application/xhtml+xml,application/xml;q=0.9,image/webp,image/apng,*/*;q=0.8',
  'user-agent' => 'Mozilla/5.0 (Windows NT 6.1; Win64; x64) AppleWebKit/537.36 (KHTML, like Gecko) Chrome/64.0.3282.140 Safari/537.36',
  'upgrade-insecure-requests' => '1',
  'connection' => 'keep-alive',
  'host' => 'localhost',
  'content-length' => '',
  'content-type' => '',
)
[ info ] [ PARAM ] array (
)
[ info ] [ RUN ] app\index\controller\User->login[ E:\nginx\nginx-1.12.2\nginx-1.12.2\html\myo2o\application\index\controller\User.php ]
[ info ] [ SESSION ] INIT array (
  'id' => '',
  'var_session_id' => '',
  'prefix' => 'think',
  'type' => '',
  'auto_start' => true,
)
[ info ] [ VIEW ] E:\nginx\nginx-1.12.2\nginx-1.12.2\html\myo2o\public/../application/index\view\user\login.html [ array (
) ]
[ info ] [ LOG ] INIT File

---------------------------------------------------------------
[ 2018-02-10T16:57:35+08:00 ] 127.0.0.1 127.0.0.1 GET /myo2o/public/index.php?s=index/user/login
[ log ] localhost/myo2o/public/index.php?s=index/user/login [运行时间：0.044002s][吞吐率：22.73req/s] [内存消耗：1,183.76kb] [文件加载：36]
[ info ] [ LANG ] E:\nginx\nginx-1.12.2\nginx-1.12.2\html\myo2o\thinkphp\lang\zh-cn.php
[ info ] [ ROUTE ] array (
  'type' => 'module',
  'module' => 
  array (
    0 => 'index',
    1 => 'user',
    2 => 'login',
  ),
)
[ info ] [ HEADER ] array (
  'cookie' => 'pgv_pvi=1896228864; PHPSESSID=gbg4ptkp6e9a1m4p3srildkr27',
  'accept-language' => 'zh-CN,zh;q=0.9',
  'accept-encoding' => 'gzip, deflate, br',
  'accept' => 'text/html,application/xhtml+xml,application/xml;q=0.9,image/webp,image/apng,*/*;q=0.8',
  'user-agent' => 'Mozilla/5.0 (Windows NT 6.1; Win64; x64) AppleWebKit/537.36 (KHTML, like Gecko) Chrome/64.0.3282.140 Safari/537.36',
  'upgrade-insecure-requests' => '1',
  'connection' => 'keep-alive',
  'host' => 'localhost',
  'content-length' => '',
  'content-type' => '',
)
[ info ] [ PARAM ] array (
)
[ info ] [ RUN ] app\index\controller\User->login[ E:\nginx\nginx-1.12.2\nginx-1.12.2\html\myo2o\application\index\controller\User.php ]
[ info ] [ SESSION ] INIT array (
  'id' => '',
  'var_session_id' => '',
  'prefix' => 'think',
  'type' => '',
  'auto_start' => true,
)
[ info ] [ VIEW ] E:\nginx\nginx-1.12.2\nginx-1.12.2\html\myo2o\public/../application/index\view\user\login.html [ array (
) ]
[ info ] [ LOG ] INIT File

---------------------------------------------------------------
[ 2018-02-10T16:57:49+08:00 ] 127.0.0.1 127.0.0.1 GET /myo2o/public/index.php?s=admin/index/test
[ log ] localhost/myo2o/public/index.php?s=admin/index/test [运行时间：0.059003s][吞吐率：16.95req/s] [内存消耗：1,163.77kb] [文件加载：39]
[ info ] [ LANG ] E:\nginx\nginx-1.12.2\nginx-1.12.2\html\myo2o\thinkphp\lang\zh-cn.php
[ info ] [ ROUTE ] array (
  'type' => 'module',
  'module' => 
  array (
    0 => 'admin',
    1 => 'index',
    2 => 'test',
  ),
)
[ info ] [ HEADER ] array (
  'cookie' => 'pgv_pvi=1896228864; PHPSESSID=gbg4ptkp6e9a1m4p3srildkr27',
  'accept-language' => 'zh-CN,zh;q=0.9',
  'accept-encoding' => 'gzip, deflate, br',
  'accept' => 'text/html,application/xhtml+xml,application/xml;q=0.9,image/webp,image/apng,*/*;q=0.8',
  'user-agent' => 'Mozilla/5.0 (Windows NT 6.1; Win64; x64) AppleWebKit/537.36 (KHTML, like Gecko) Chrome/64.0.3282.140 Safari/537.36',
  'upgrade-insecure-requests' => '1',
  'connection' => 'keep-alive',
  'host' => 'localhost',
  'content-length' => '',
  'content-type' => '',
)
[ info ] [ PARAM ] array (
)
[ info ] [ RUN ] app\admin\controller\Index->test[ E:\nginx\nginx-1.12.2\nginx-1.12.2\html\myo2o\application\admin\controller\Index.php ]
[ info ] [ LOG ] INIT File

---------------------------------------------------------------
[ 2018-02-10T16:58:06+08:00 ] 127.0.0.1 127.0.0.1 GET /myo2o/public/index.php?s=admin/index/test
[ log ] localhost/myo2o/public/index.php?s=admin/index/test [运行时间：0.047003s][吞吐率：21.28req/s] [内存消耗：1,122.49kb] [文件加载：36]
[ info ] [ LANG ] E:\nginx\nginx-1.12.2\nginx-1.12.2\html\myo2o\thinkphp\lang\zh-cn.php
[ info ] [ ROUTE ] array (
  'type' => 'module',
  'module' => 
  array (
    0 => 'admin',
    1 => 'index',
    2 => 'test',
  ),
)
[ info ] [ HEADER ] array (
  'cookie' => 'pgv_pvi=1896228864; PHPSESSID=gbg4ptkp6e9a1m4p3srildkr27',
  'accept-language' => 'zh-CN,zh;q=0.9',
  'accept-encoding' => 'gzip, deflate, br',
  'accept' => 'text/html,application/xhtml+xml,application/xml;q=0.9,image/webp,image/apng,*/*;q=0.8',
  'user-agent' => 'Mozilla/5.0 (Windows NT 6.1; Win64; x64) AppleWebKit/537.36 (KHTML, like Gecko) Chrome/64.0.3282.140 Safari/537.36',
  'upgrade-insecure-requests' => '1',
  'cache-control' => 'max-age=0',
  'connection' => 'keep-alive',
  'host' => 'localhost',
  'content-length' => '',
  'content-type' => '',
)
[ info ] [ PARAM ] array (
)
[ info ] [ RUN ] app\admin\controller\Index->test[ E:\nginx\nginx-1.12.2\nginx-1.12.2\html\myo2o\application\admin\controller\Index.php ]
[ info ] [ LOG ] INIT File

---------------------------------------------------------------
[ 2018-02-10T16:58:26+08:00 ] 127.0.0.1 127.0.0.1 GET /myo2o/public/index.php?s=admin/index/welcome
[ log ] localhost/myo2o/public/index.php?s=admin/index/welcome [运行时间：0.032002s][吞吐率：31.25req/s] [内存消耗：1,122.41kb] [文件加载：36]
[ info ] [ LANG ] E:\nginx\nginx-1.12.2\nginx-1.12.2\html\myo2o\thinkphp\lang\zh-cn.php
[ info ] [ ROUTE ] array (
  'type' => 'module',
  'module' => 
  array (
    0 => 'admin',
    1 => 'index',
    2 => 'welcome',
  ),
)
[ info ] [ HEADER ] array (
  'cookie' => 'pgv_pvi=1896228864; PHPSESSID=gbg4ptkp6e9a1m4p3srildkr27',
  'accept-language' => 'zh-CN,zh;q=0.9',
  'accept-encoding' => 'gzip, deflate, br',
  'accept' => 'text/html,application/xhtml+xml,application/xml;q=0.9,image/webp,image/apng,*/*;q=0.8',
  'user-agent' => 'Mozilla/5.0 (Windows NT 6.1; Win64; x64) AppleWebKit/537.36 (KHTML, like Gecko) Chrome/64.0.3282.140 Safari/537.36',
  'upgrade-insecure-requests' => '1',
  'connection' => 'keep-alive',
  'host' => 'localhost',
  'content-length' => '',
  'content-type' => '',
)
[ info ] [ PARAM ] array (
)
[ info ] [ RUN ] app\admin\controller\Index->welcome[ E:\nginx\nginx-1.12.2\nginx-1.12.2\html\myo2o\application\admin\controller\Index.php ]
[ info ] [ LOG ] INIT File

---------------------------------------------------------------
[ 2018-02-10T16:58:39+08:00 ] 127.0.0.1 127.0.0.1 GET /myo2o/public/index.php?s=admin/index/index
[ log ] localhost/myo2o/public/index.php?s=admin/index/index [运行时间：0.029002s][吞吐率：34.48req/s] [内存消耗：1,183.18kb] [文件加载：38]
[ info ] [ LANG ] E:\nginx\nginx-1.12.2\nginx-1.12.2\html\myo2o\thinkphp\lang\zh-cn.php
[ info ] [ ROUTE ] array (
  'type' => 'module',
  'module' => 
  array (
    0 => 'admin',
    1 => 'index',
    2 => 'index',
  ),
)
[ info ] [ HEADER ] array (
  'cookie' => 'pgv_pvi=1896228864; PHPSESSID=gbg4ptkp6e9a1m4p3srildkr27',
  'accept-language' => 'zh-CN,zh;q=0.9',
  'accept-encoding' => 'gzip, deflate, br',
  'accept' => 'text/html,application/xhtml+xml,application/xml;q=0.9,image/webp,image/apng,*/*;q=0.8',
  'user-agent' => 'Mozilla/5.0 (Windows NT 6.1; Win64; x64) AppleWebKit/537.36 (KHTML, like Gecko) Chrome/64.0.3282.140 Safari/537.36',
  'upgrade-insecure-requests' => '1',
  'connection' => 'keep-alive',
  'host' => 'localhost',
  'content-length' => '',
  'content-type' => '',
)
[ info ] [ PARAM ] array (
)
[ info ] [ RUN ] app\admin\controller\Index->index[ E:\nginx\nginx-1.12.2\nginx-1.12.2\html\myo2o\application\admin\controller\Index.php ]
[ info ] [ VIEW ] E:\nginx\nginx-1.12.2\nginx-1.12.2\html\myo2o\public/../application/admin\view\index\index.html [ array (
) ]
[ info ] [ LOG ] INIT File

---------------------------------------------------------------
[ 2018-02-10T17:01:22+08:00 ] 127.0.0.1 127.0.0.1 GET /myo2o/public/index.php?s=admin/index/index
[ log ] localhost/myo2o/public/index.php?s=admin/index/index [运行时间：0.118007s][吞吐率：8.47req/s] [内存消耗：1,166.05kb] [文件加载：39]
[ info ] [ LANG ] E:\nginx\nginx-1.12.2\nginx-1.12.2\html\myo2o\thinkphp\lang\zh-cn.php
[ info ] [ ROUTE ] array (
  'type' => 'module',
  'module' => 
  array (
    0 => 'admin',
    1 => 'index',
    2 => 'index',
  ),
)
[ info ] [ HEADER ] array (
  'cookie' => 'pgv_pvi=1896228864; PHPSESSID=gbg4ptkp6e9a1m4p3srildkr27',
  'accept-language' => 'zh-CN,zh;q=0.9',
  'accept-encoding' => 'gzip, deflate, br',
  'accept' => 'text/html,application/xhtml+xml,application/xml;q=0.9,image/webp,image/apng,*/*;q=0.8',
  'user-agent' => 'Mozilla/5.0 (Windows NT 6.1; Win64; x64) AppleWebKit/537.36 (KHTML, like Gecko) Chrome/64.0.3282.140 Safari/537.36',
  'upgrade-insecure-requests' => '1',
  'cache-control' => 'max-age=0',
  'connection' => 'keep-alive',
  'host' => 'localhost',
  'content-length' => '',
  'content-type' => '',
)
[ info ] [ PARAM ] array (
)
[ info ] [ RUN ] app\admin\controller\Index->index[ E:\nginx\nginx-1.12.2\nginx-1.12.2\html\myo2o\application\admin\controller\Index.php ]
[ info ] [ VIEW ] E:\nginx\nginx-1.12.2\nginx-1.12.2\html\myo2o\public/../application/admin\view\index\index.html [ array (
) ]
[ info ] [ LOG ] INIT File

---------------------------------------------------------------
[ 2018-02-10T17:02:06+08:00 ] 127.0.0.1 127.0.0.1 GET /myo2o/public/index.php?s=admin/index/index
[ log ] localhost/myo2o/public/index.php?s=admin/index/index [运行时间：0.040003s][吞吐率：25.00req/s] [内存消耗：1,328.86kb] [文件加载：40]
[ info ] [ LANG ] E:\nginx\nginx-1.12.2\nginx-1.12.2\html\myo2o\thinkphp\lang\zh-cn.php
[ info ] [ ROUTE ] array (
  'type' => 'module',
  'module' => 
  array (
    0 => 'admin',
    1 => 'index',
    2 => 'index',
  ),
)
[ info ] [ HEADER ] array (
  'cookie' => 'pgv_pvi=1896228864; PHPSESSID=gbg4ptkp6e9a1m4p3srildkr27',
  'accept-language' => 'zh-CN,zh;q=0.9',
  'accept-encoding' => 'gzip, deflate, br',
  'accept' => 'text/html,application/xhtml+xml,application/xml;q=0.9,image/webp,image/apng,*/*;q=0.8',
  'user-agent' => 'Mozilla/5.0 (Windows NT 6.1; Win64; x64) AppleWebKit/537.36 (KHTML, like Gecko) Chrome/64.0.3282.140 Safari/537.36',
  'upgrade-insecure-requests' => '1',
  'cache-control' => 'max-age=0',
  'connection' => 'keep-alive',
  'host' => 'localhost',
  'content-length' => '',
  'content-type' => '',
)
[ info ] [ PARAM ] array (
)
[ info ] [ RUN ] app\admin\controller\Index->index[ E:\nginx\nginx-1.12.2\nginx-1.12.2\html\myo2o\application\admin\controller\Index.php ]
[ info ] [ VIEW ] E:\nginx\nginx-1.12.2\nginx-1.12.2\html\myo2o\public/../application/admin\view\index\index.html [ array (
) ]
[ info ] [ LOG ] INIT File

---------------------------------------------------------------
[ 2018-02-10T23:00:39+08:00 ] 127.0.0.1 127.0.0.1 GET /myo2o/public/index.php?s=admin/index/index
[ log ] localhost/myo2o/public/index.php?s=admin/index/index [运行时间：0.025001s][吞吐率：40.00req/s] [内存消耗：1,328.78kb] [文件加载：40]
[ info ] [ LANG ] E:\nginx\nginx-1.12.2\nginx-1.12.2\html\myo2o\thinkphp\lang\zh-cn.php
[ info ] [ ROUTE ] array (
  'type' => 'module',
  'module' => 
  array (
    0 => 'admin',
    1 => 'index',
    2 => 'index',
  ),
)
[ info ] [ HEADER ] array (
  'cookie' => 'pgv_pvi=1896228864; PHPSESSID=gbg4ptkp6e9a1m4p3srildkr27',
  'accept-language' => 'zh-CN,zh;q=0.9',
  'accept-encoding' => 'gzip, deflate, br',
  'accept' => 'text/html,application/xhtml+xml,application/xml;q=0.9,image/webp,image/apng,*/*;q=0.8',
  'user-agent' => 'Mozilla/5.0 (Windows NT 6.1; Win64; x64) AppleWebKit/537.36 (KHTML, like Gecko) Chrome/64.0.3282.140 Safari/537.36',
  'upgrade-insecure-requests' => '1',
  'connection' => 'keep-alive',
  'host' => 'localhost',
  'content-length' => '',
  'content-type' => '',
)
[ info ] [ PARAM ] array (
)
[ info ] [ RUN ] app\admin\controller\Index->index[ E:\nginx\nginx-1.12.2\nginx-1.12.2\html\myo2o\application\admin\controller\Index.php ]
[ info ] [ VIEW ] E:\nginx\nginx-1.12.2\nginx-1.12.2\html\myo2o\public/../application/admin\view\index\index.html [ array (
) ]
[ info ] [ LOG ] INIT File

---------------------------------------------------------------
[ 2018-02-10T23:06:59+08:00 ] 127.0.0.1 127.0.0.1 GET /myo2o/public/index.php?s=admin/index/index
[ log ] localhost/myo2o/public/index.php?s=admin/index/index [运行时间：0.041003s][吞吐率：24.39req/s] [内存消耗：1,183.26kb] [文件加载：38]
[ info ] [ LANG ] E:\nginx\nginx-1.12.2\nginx-1.12.2\html\myo2o\thinkphp\lang\zh-cn.php
[ info ] [ ROUTE ] array (
  'type' => 'module',
  'module' => 
  array (
    0 => 'admin',
    1 => 'index',
    2 => 'index',
  ),
)
[ info ] [ HEADER ] array (
  'cookie' => 'pgv_pvi=1896228864; PHPSESSID=gbg4ptkp6e9a1m4p3srildkr27',
  'accept-language' => 'zh-CN,zh;q=0.9',
  'accept-encoding' => 'gzip, deflate, br',
  'accept' => 'text/html,application/xhtml+xml,application/xml;q=0.9,image/webp,image/apng,*/*;q=0.8',
  'user-agent' => 'Mozilla/5.0 (Windows NT 6.1; Win64; x64) AppleWebKit/537.36 (KHTML, like Gecko) Chrome/64.0.3282.140 Safari/537.36',
  'upgrade-insecure-requests' => '1',
  'cache-control' => 'max-age=0',
  'connection' => 'keep-alive',
  'host' => 'localhost',
  'content-length' => '',
  'content-type' => '',
)
[ info ] [ PARAM ] array (
)
[ info ] [ RUN ] app\admin\controller\Index->index[ E:\nginx\nginx-1.12.2\nginx-1.12.2\html\myo2o\application\admin\controller\Index.php ]
[ info ] [ VIEW ] E:\nginx\nginx-1.12.2\nginx-1.12.2\html\myo2o\public/../application/admin\view\index\index.html [ array (
) ]
[ info ] [ LOG ] INIT File

---------------------------------------------------------------
[ 2018-02-10T23:18:34+08:00 ] 127.0.0.1 127.0.0.1 GET /myo2o/public/index.php?s=admin/index/index
[ log ] localhost/myo2o/public/index.php?s=admin/index/index [运行时间：0.048003s][吞吐率：20.83req/s] [内存消耗：1,328.57kb] [文件加载：40]
[ info ] [ LANG ] E:\nginx\nginx-1.12.2\nginx-1.12.2\html\myo2o\thinkphp\lang\zh-cn.php
[ info ] [ ROUTE ] array (
  'type' => 'module',
  'module' => 
  array (
    0 => 'admin',
    1 => 'index',
    2 => 'index',
  ),
)
[ info ] [ HEADER ] array (
  'cookie' => 'pgv_pvi=1896228864; PHPSESSID=gbg4ptkp6e9a1m4p3srildkr27',
  'accept-language' => 'zh-CN,zh;q=0.9',
  'accept-encoding' => 'gzip, deflate, br',
  'accept' => 'text/html,application/xhtml+xml,application/xml;q=0.9,image/webp,image/apng,*/*;q=0.8',
  'user-agent' => 'Mozilla/5.0 (Windows NT 6.1; Win64; x64) AppleWebKit/537.36 (KHTML, like Gecko) Chrome/64.0.3282.140 Safari/537.36',
  'upgrade-insecure-requests' => '1',
  'cache-control' => 'max-age=0',
  'connection' => 'keep-alive',
  'host' => 'localhost',
  'content-length' => '',
  'content-type' => '',
)
[ info ] [ PARAM ] array (
)
[ info ] [ RUN ] app\admin\controller\Index->index[ E:\nginx\nginx-1.12.2\nginx-1.12.2\html\myo2o\application\admin\controller\Index.php ]
[ info ] [ VIEW ] E:\nginx\nginx-1.12.2\nginx-1.12.2\html\myo2o\public/../application/admin\view\index\index.html [ array (
) ]
[ info ] [ LOG ] INIT File

---------------------------------------------------------------
[ 2018-02-10T23:19:18+08:00 ] 127.0.0.1 127.0.0.1 GET /myo2o/public/index.php?s=admin/index/index
[ log ] localhost/myo2o/public/index.php?s=admin/index/index [运行时间：0.031001s][吞吐率：32.26req/s] [内存消耗：1,328.57kb] [文件加载：40]
[ info ] [ LANG ] E:\nginx\nginx-1.12.2\nginx-1.12.2\html\myo2o\thinkphp\lang\zh-cn.php
[ info ] [ ROUTE ] array (
  'type' => 'module',
  'module' => 
  array (
    0 => 'admin',
    1 => 'index',
    2 => 'index',
  ),
)
[ info ] [ HEADER ] array (
  'cookie' => 'pgv_pvi=1896228864; PHPSESSID=gbg4ptkp6e9a1m4p3srildkr27',
  'accept-language' => 'zh-CN,zh;q=0.9',
  'accept-encoding' => 'gzip, deflate, br',
  'accept' => 'text/html,application/xhtml+xml,application/xml;q=0.9,image/webp,image/apng,*/*;q=0.8',
  'user-agent' => 'Mozilla/5.0 (Windows NT 6.1; Win64; x64) AppleWebKit/537.36 (KHTML, like Gecko) Chrome/64.0.3282.140 Safari/537.36',
  'upgrade-insecure-requests' => '1',
  'cache-control' => 'max-age=0',
  'connection' => 'keep-alive',
  'host' => 'localhost',
  'content-length' => '',
  'content-type' => '',
)
[ info ] [ PARAM ] array (
)
[ info ] [ RUN ] app\admin\controller\Index->index[ E:\nginx\nginx-1.12.2\nginx-1.12.2\html\myo2o\application\admin\controller\Index.php ]
[ info ] [ VIEW ] E:\nginx\nginx-1.12.2\nginx-1.12.2\html\myo2o\public/../application/admin\view\index\index.html [ array (
) ]
[ info ] [ LOG ] INIT File

---------------------------------------------------------------
[ 2018-02-10T23:20:11+08:00 ] 127.0.0.1 127.0.0.1 GET /myo2o/public/index.php?s=admin/index/index
[ log ] localhost/myo2o/public/index.php?s=admin/index/index [运行时间：0.028002s][吞吐率：35.71req/s] [内存消耗：1,328.57kb] [文件加载：40]
[ info ] [ LANG ] E:\nginx\nginx-1.12.2\nginx-1.12.2\html\myo2o\thinkphp\lang\zh-cn.php
[ info ] [ ROUTE ] array (
  'type' => 'module',
  'module' => 
  array (
    0 => 'admin',
    1 => 'index',
    2 => 'index',
  ),
)
[ info ] [ HEADER ] array (
  'cookie' => 'pgv_pvi=1896228864; PHPSESSID=gbg4ptkp6e9a1m4p3srildkr27',
  'accept-language' => 'zh-CN,zh;q=0.9',
  'accept-encoding' => 'gzip, deflate, br',
  'accept' => 'text/html,application/xhtml+xml,application/xml;q=0.9,image/webp,image/apng,*/*;q=0.8',
  'user-agent' => 'Mozilla/5.0 (Windows NT 6.1; Win64; x64) AppleWebKit/537.36 (KHTML, like Gecko) Chrome/64.0.3282.140 Safari/537.36',
  'upgrade-insecure-requests' => '1',
  'cache-control' => 'max-age=0',
  'connection' => 'keep-alive',
  'host' => 'localhost',
  'content-length' => '',
  'content-type' => '',
)
[ info ] [ PARAM ] array (
)
[ info ] [ RUN ] app\admin\controller\Index->index[ E:\nginx\nginx-1.12.2\nginx-1.12.2\html\myo2o\application\admin\controller\Index.php ]
[ info ] [ VIEW ] E:\nginx\nginx-1.12.2\nginx-1.12.2\html\myo2o\public/../application/admin\view\index\index.html [ array (
) ]
[ info ] [ LOG ] INIT File

---------------------------------------------------------------
[ 2018-02-10T23:21:12+08:00 ] 127.0.0.1 127.0.0.1 GET /myo2o/public/index.php?s=admin/index/index
[ log ] localhost/myo2o/public/index.php?s=admin/index/index [运行时间：0.024002s][吞吐率：41.66req/s] [内存消耗：1,328.57kb] [文件加载：40]
[ info ] [ LANG ] E:\nginx\nginx-1.12.2\nginx-1.12.2\html\myo2o\thinkphp\lang\zh-cn.php
[ info ] [ ROUTE ] array (
  'type' => 'module',
  'module' => 
  array (
    0 => 'admin',
    1 => 'index',
    2 => 'index',
  ),
)
[ info ] [ HEADER ] array (
  'cookie' => 'pgv_pvi=1896228864; PHPSESSID=gbg4ptkp6e9a1m4p3srildkr27',
  'accept-language' => 'zh-CN,zh;q=0.9',
  'accept-encoding' => 'gzip, deflate, br',
  'accept' => 'text/html,application/xhtml+xml,application/xml;q=0.9,image/webp,image/apng,*/*;q=0.8',
  'user-agent' => 'Mozilla/5.0 (Windows NT 6.1; Win64; x64) AppleWebKit/537.36 (KHTML, like Gecko) Chrome/64.0.3282.140 Safari/537.36',
  'upgrade-insecure-requests' => '1',
  'cache-control' => 'max-age=0',
  'connection' => 'keep-alive',
  'host' => 'localhost',
  'content-length' => '',
  'content-type' => '',
)
[ info ] [ PARAM ] array (
)
[ info ] [ RUN ] app\admin\controller\Index->index[ E:\nginx\nginx-1.12.2\nginx-1.12.2\html\myo2o\application\admin\controller\Index.php ]
[ info ] [ VIEW ] E:\nginx\nginx-1.12.2\nginx-1.12.2\html\myo2o\public/../application/admin\view\index\index.html [ array (
) ]
[ info ] [ LOG ] INIT File

---------------------------------------------------------------
[ 2018-02-10T23:21:44+08:00 ] 127.0.0.1 127.0.0.1 GET /myo2o/public/index.php?s=admin/index/index
[ log ] localhost/myo2o/public/index.php?s=admin/index/index [运行时间：0.033002s][吞吐率：30.30req/s] [内存消耗：1,328.57kb] [文件加载：40]
[ info ] [ LANG ] E:\nginx\nginx-1.12.2\nginx-1.12.2\html\myo2o\thinkphp\lang\zh-cn.php
[ info ] [ ROUTE ] array (
  'type' => 'module',
  'module' => 
  array (
    0 => 'admin',
    1 => 'index',
    2 => 'index',
  ),
)
[ info ] [ HEADER ] array (
  'cookie' => 'pgv_pvi=1896228864; PHPSESSID=gbg4ptkp6e9a1m4p3srildkr27',
  'accept-language' => 'zh-CN,zh;q=0.9',
  'accept-encoding' => 'gzip, deflate, br',
  'accept' => 'text/html,application/xhtml+xml,application/xml;q=0.9,image/webp,image/apng,*/*;q=0.8',
  'user-agent' => 'Mozilla/5.0 (Windows NT 6.1; Win64; x64) AppleWebKit/537.36 (KHTML, like Gecko) Chrome/64.0.3282.140 Safari/537.36',
  'upgrade-insecure-requests' => '1',
  'cache-control' => 'max-age=0',
  'connection' => 'keep-alive',
  'host' => 'localhost',
  'content-length' => '',
  'content-type' => '',
)
[ info ] [ PARAM ] array (
)
[ info ] [ RUN ] app\admin\controller\Index->index[ E:\nginx\nginx-1.12.2\nginx-1.12.2\html\myo2o\application\admin\controller\Index.php ]
[ info ] [ VIEW ] E:\nginx\nginx-1.12.2\nginx-1.12.2\html\myo2o\public/../application/admin\view\index\index.html [ array (
) ]
[ info ] [ LOG ] INIT File

---------------------------------------------------------------
[ 2018-02-10T23:22:34+08:00 ] 127.0.0.1 127.0.0.1 GET /myo2o/public/index.php?s=admin/index/index
[ log ] localhost/myo2o/public/index.php?s=admin/index/index [运行时间：0.032002s][吞吐率：31.25req/s] [内存消耗：1,328.57kb] [文件加载：40]
[ info ] [ LANG ] E:\nginx\nginx-1.12.2\nginx-1.12.2\html\myo2o\thinkphp\lang\zh-cn.php
[ info ] [ ROUTE ] array (
  'type' => 'module',
  'module' => 
  array (
    0 => 'admin',
    1 => 'index',
    2 => 'index',
  ),
)
[ info ] [ HEADER ] array (
  'cookie' => 'pgv_pvi=1896228864; PHPSESSID=gbg4ptkp6e9a1m4p3srildkr27',
  'accept-language' => 'zh-CN,zh;q=0.9',
  'accept-encoding' => 'gzip, deflate, br',
  'accept' => 'text/html,application/xhtml+xml,application/xml;q=0.9,image/webp,image/apng,*/*;q=0.8',
  'user-agent' => 'Mozilla/5.0 (Windows NT 6.1; Win64; x64) AppleWebKit/537.36 (KHTML, like Gecko) Chrome/64.0.3282.140 Safari/537.36',
  'upgrade-insecure-requests' => '1',
  'cache-control' => 'max-age=0',
  'connection' => 'keep-alive',
  'host' => 'localhost',
  'content-length' => '',
  'content-type' => '',
)
[ info ] [ PARAM ] array (
)
[ info ] [ RUN ] app\admin\controller\Index->index[ E:\nginx\nginx-1.12.2\nginx-1.12.2\html\myo2o\application\admin\controller\Index.php ]
[ info ] [ VIEW ] E:\nginx\nginx-1.12.2\nginx-1.12.2\html\myo2o\public/../application/admin\view\index\index.html [ array (
) ]
[ info ] [ LOG ] INIT File

---------------------------------------------------------------
[ 2018-02-10T23:23:09+08:00 ] 127.0.0.1 127.0.0.1 GET /myo2o/public/index.php?s=admin/index/index
[ log ] localhost/myo2o/public/index.php?s=admin/index/index [运行时间：0.035002s][吞吐率：28.57req/s] [内存消耗：1,328.87kb] [文件加载：40]
[ info ] [ LANG ] E:\nginx\nginx-1.12.2\nginx-1.12.2\html\myo2o\thinkphp\lang\zh-cn.php
[ info ] [ ROUTE ] array (
  'type' => 'module',
  'module' => 
  array (
    0 => 'admin',
    1 => 'index',
    2 => 'index',
  ),
)
[ info ] [ HEADER ] array (
  'cookie' => 'pgv_pvi=1896228864; PHPSESSID=gbg4ptkp6e9a1m4p3srildkr27',
  'accept-language' => 'zh-CN,zh;q=0.9',
  'accept-encoding' => 'gzip, deflate, br',
  'accept' => 'text/html,application/xhtml+xml,application/xml;q=0.9,image/webp,image/apng,*/*;q=0.8',
  'user-agent' => 'Mozilla/5.0 (Windows NT 6.1; Win64; x64) AppleWebKit/537.36 (KHTML, like Gecko) Chrome/64.0.3282.140 Safari/537.36',
  'upgrade-insecure-requests' => '1',
  'cache-control' => 'max-age=0',
  'connection' => 'keep-alive',
  'host' => 'localhost',
  'content-length' => '',
  'content-type' => '',
)
[ info ] [ PARAM ] array (
)
[ info ] [ RUN ] app\admin\controller\Index->index[ E:\nginx\nginx-1.12.2\nginx-1.12.2\html\myo2o\application\admin\controller\Index.php ]
[ info ] [ VIEW ] E:\nginx\nginx-1.12.2\nginx-1.12.2\html\myo2o\public/../application/admin\view\index\index.html [ array (
) ]
[ info ] [ LOG ] INIT File

---------------------------------------------------------------
[ 2018-02-10T23:23:20+08:00 ] 127.0.0.1 127.0.0.1 GET /myo2o/public/index.php?s=admin/index/index
[ log ] localhost/myo2o/public/index.php?s=admin/index/index [运行时间：0.032002s][吞吐率：31.25req/s] [内存消耗：1,328.86kb] [文件加载：40]
[ info ] [ LANG ] E:\nginx\nginx-1.12.2\nginx-1.12.2\html\myo2o\thinkphp\lang\zh-cn.php
[ info ] [ ROUTE ] array (
  'type' => 'module',
  'module' => 
  array (
    0 => 'admin',
    1 => 'index',
    2 => 'index',
  ),
)
[ info ] [ HEADER ] array (
  'cookie' => 'pgv_pvi=1896228864; PHPSESSID=gbg4ptkp6e9a1m4p3srildkr27',
  'accept-language' => 'zh-CN,zh;q=0.9',
  'accept-encoding' => 'gzip, deflate, br',
  'accept' => 'text/html,application/xhtml+xml,application/xml;q=0.9,image/webp,image/apng,*/*;q=0.8',
  'user-agent' => 'Mozilla/5.0 (Windows NT 6.1; Win64; x64) AppleWebKit/537.36 (KHTML, like Gecko) Chrome/64.0.3282.140 Safari/537.36',
  'upgrade-insecure-requests' => '1',
  'cache-control' => 'max-age=0',
  'connection' => 'keep-alive',
  'host' => 'localhost',
  'content-length' => '',
  'content-type' => '',
)
[ info ] [ PARAM ] array (
)
[ info ] [ RUN ] app\admin\controller\Index->index[ E:\nginx\nginx-1.12.2\nginx-1.12.2\html\myo2o\application\admin\controller\Index.php ]
[ info ] [ VIEW ] E:\nginx\nginx-1.12.2\nginx-1.12.2\html\myo2o\public/../application/admin\view\index\index.html [ array (
) ]
[ info ] [ LOG ] INIT File

---------------------------------------------------------------
[ 2018-02-10T23:26:11+08:00 ] 127.0.0.1 127.0.0.1 GET /myo2o/public/index.php?s=admin/index/index
[ log ] localhost/myo2o/public/index.php?s=admin/index/index [运行时间：0.039002s][吞吐率：25.64req/s] [内存消耗：1,183.26kb] [文件加载：38]
[ info ] [ LANG ] E:\nginx\nginx-1.12.2\nginx-1.12.2\html\myo2o\thinkphp\lang\zh-cn.php
[ info ] [ ROUTE ] array (
  'type' => 'module',
  'module' => 
  array (
    0 => 'admin',
    1 => 'index',
    2 => 'index',
  ),
)
[ info ] [ HEADER ] array (
  'cookie' => 'pgv_pvi=1896228864; PHPSESSID=gbg4ptkp6e9a1m4p3srildkr27',
  'accept-language' => 'zh-CN,zh;q=0.9',
  'accept-encoding' => 'gzip, deflate, br',
  'accept' => 'text/html,application/xhtml+xml,application/xml;q=0.9,image/webp,image/apng,*/*;q=0.8',
  'user-agent' => 'Mozilla/5.0 (Windows NT 6.1; Win64; x64) AppleWebKit/537.36 (KHTML, like Gecko) Chrome/64.0.3282.140 Safari/537.36',
  'upgrade-insecure-requests' => '1',
  'cache-control' => 'max-age=0',
  'connection' => 'keep-alive',
  'host' => 'localhost',
  'content-length' => '',
  'content-type' => '',
)
[ info ] [ PARAM ] array (
)
[ info ] [ RUN ] app\admin\controller\Index->index[ E:\nginx\nginx-1.12.2\nginx-1.12.2\html\myo2o\application\admin\controller\Index.php ]
[ info ] [ VIEW ] E:\nginx\nginx-1.12.2\nginx-1.12.2\html\myo2o\public/../application/admin\view\index\index.html [ array (
) ]
[ info ] [ LOG ] INIT File

---------------------------------------------------------------
[ 2018-02-10T23:26:12+08:00 ] 127.0.0.1 127.0.0.1 GET /myo2o/public/index.php/admin/index/welcome.html
[ log ] localhost/myo2o/public/index.php/admin/index/welcome.html [运行时间：0.028001s][吞吐率：35.71req/s] [内存消耗：1,114.06kb] [文件加载：36]
[ info ] [ LANG ] E:\nginx\nginx-1.12.2\nginx-1.12.2\html\myo2o\thinkphp\lang\zh-cn.php
[ info ] [ ROUTE ] array (
  'type' => 'module',
  'module' => 
  array (
    0 => 'admin',
    1 => 'index',
    2 => 'welcome',
  ),
)
[ info ] [ HEADER ] array (
  'cookie' => 'pgv_pvi=1896228864; PHPSESSID=gbg4ptkp6e9a1m4p3srildkr27',
  'accept-language' => 'zh-CN,zh;q=0.9',
  'accept-encoding' => 'gzip, deflate, br',
  'referer' => 'http://localhost/myo2o/public/index.php?s=admin/index/index',
  'accept' => 'text/html,application/xhtml+xml,application/xml;q=0.9,image/webp,image/apng,*/*;q=0.8',
  'user-agent' => 'Mozilla/5.0 (Windows NT 6.1; Win64; x64) AppleWebKit/537.36 (KHTML, like Gecko) Chrome/64.0.3282.140 Safari/537.36',
  'upgrade-insecure-requests' => '1',
  'connection' => 'keep-alive',
  'host' => 'localhost',
  'content-length' => '',
  'content-type' => '',
)
[ info ] [ PARAM ] array (
)
[ info ] [ RUN ] app\admin\controller\Index->welcome[ E:\nginx\nginx-1.12.2\nginx-1.12.2\html\myo2o\application\admin\controller\Index.php ]
[ info ] [ LOG ] INIT File

---------------------------------------------------------------
[ 2018-02-10T23:37:12+08:00 ] 127.0.0.1 127.0.0.1 GET /myo2o/public/index.php?s=admin/index/login
[ log ] localhost/myo2o/public/index.php?s=admin/index/login [运行时间：0.047003s][吞吐率：21.28req/s] [内存消耗：1,160.59kb] [文件加载：39]
[ info ] [ LANG ] E:\nginx\nginx-1.12.2\nginx-1.12.2\html\myo2o\thinkphp\lang\zh-cn.php
[ info ] [ ROUTE ] array (
  'type' => 'module',
  'module' => 
  array (
    0 => 'admin',
    1 => 'index',
    2 => 'login',
  ),
)
[ info ] [ HEADER ] array (
  'cookie' => 'pgv_pvi=1896228864; PHPSESSID=gbg4ptkp6e9a1m4p3srildkr27',
  'accept-language' => 'zh-CN,zh;q=0.9',
  'accept-encoding' => 'gzip, deflate, br',
  'accept' => 'text/html,application/xhtml+xml,application/xml;q=0.9,image/webp,image/apng,*/*;q=0.8',
  'user-agent' => 'Mozilla/5.0 (Windows NT 6.1; Win64; x64) AppleWebKit/537.36 (KHTML, like Gecko) Chrome/64.0.3282.140 Safari/537.36',
  'upgrade-insecure-requests' => '1',
  'connection' => 'keep-alive',
  'host' => 'localhost',
  'content-length' => '',
  'content-type' => '',
)
[ info ] [ PARAM ] array (
)
[ info ] [ LOG ] INIT File

---------------------------------------------------------------
[ 2018-02-10T23:38:24+08:00 ] 127.0.0.1 127.0.0.1 GET /myo2o/public/index.php/admin/index/login
[ log ] localhost/myo2o/public/index.php/admin/index/login [运行时间：0.055003s][吞吐率：18.18req/s] [内存消耗：1,151.91kb] [文件加载：39]
[ info ] [ LANG ] E:\nginx\nginx-1.12.2\nginx-1.12.2\html\myo2o\thinkphp\lang\zh-cn.php
[ info ] [ ROUTE ] array (
  'type' => 'module',
  'module' => 
  array (
    0 => 'admin',
    1 => 'index',
    2 => 'login',
  ),
)
[ info ] [ HEADER ] array (
  'cookie' => 'pgv_pvi=1896228864; PHPSESSID=gbg4ptkp6e9a1m4p3srildkr27',
  'accept-language' => 'zh-CN,zh;q=0.9',
  'accept-encoding' => 'gzip, deflate, br',
  'accept' => 'text/html,application/xhtml+xml,application/xml;q=0.9,image/webp,image/apng,*/*;q=0.8',
  'user-agent' => 'Mozilla/5.0 (Windows NT 6.1; Win64; x64) AppleWebKit/537.36 (KHTML, like Gecko) Chrome/64.0.3282.140 Safari/537.36',
  'upgrade-insecure-requests' => '1',
  'connection' => 'keep-alive',
  'host' => 'localhost',
  'content-length' => '',
  'content-type' => '',
)
[ info ] [ PARAM ] array (
)
[ info ] [ LOG ] INIT File

---------------------------------------------------------------
[ 2018-02-10T23:38:29+08:00 ] 127.0.0.1 127.0.0.1 GET /myo2o/public/index.php/admin/index/index
[ log ] localhost/myo2o/public/index.php/admin/index/index [运行时间：0.035002s][吞吐率：28.57req/s] [内存消耗：1,174.49kb] [文件加载：38]
[ info ] [ LANG ] E:\nginx\nginx-1.12.2\nginx-1.12.2\html\myo2o\thinkphp\lang\zh-cn.php
[ info ] [ ROUTE ] array (
  'type' => 'module',
  'module' => 
  array (
    0 => 'admin',
    1 => 'index',
    2 => 'index',
  ),
)
[ info ] [ HEADER ] array (
  'cookie' => 'pgv_pvi=1896228864; PHPSESSID=gbg4ptkp6e9a1m4p3srildkr27',
  'accept-language' => 'zh-CN,zh;q=0.9',
  'accept-encoding' => 'gzip, deflate, br',
  'accept' => 'text/html,application/xhtml+xml,application/xml;q=0.9,image/webp,image/apng,*/*;q=0.8',
  'user-agent' => 'Mozilla/5.0 (Windows NT 6.1; Win64; x64) AppleWebKit/537.36 (KHTML, like Gecko) Chrome/64.0.3282.140 Safari/537.36',
  'upgrade-insecure-requests' => '1',
  'connection' => 'keep-alive',
  'host' => 'localhost',
  'content-length' => '',
  'content-type' => '',
)
[ info ] [ PARAM ] array (
)
[ info ] [ RUN ] app\admin\controller\Index->index[ E:\nginx\nginx-1.12.2\nginx-1.12.2\html\myo2o\application\admin\controller\Index.php ]
[ info ] [ VIEW ] E:\nginx\nginx-1.12.2\nginx-1.12.2\html\myo2o\public/../application/admin\view\index\index.html [ array (
) ]
[ info ] [ LOG ] INIT File

---------------------------------------------------------------
[ 2018-02-10T23:38:29+08:00 ] 127.0.0.1 127.0.0.1 GET /myo2o/public/index.php/admin/index/welcome.html
[ log ] localhost/myo2o/public/index.php/admin/index/welcome.html [运行时间：0.026001s][吞吐率：38.46req/s] [内存消耗：1,114.06kb] [文件加载：36]
[ info ] [ LANG ] E:\nginx\nginx-1.12.2\nginx-1.12.2\html\myo2o\thinkphp\lang\zh-cn.php
[ info ] [ ROUTE ] array (
  'type' => 'module',
  'module' => 
  array (
    0 => 'admin',
    1 => 'index',
    2 => 'welcome',
  ),
)
[ info ] [ HEADER ] array (
  'cookie' => 'pgv_pvi=1896228864; PHPSESSID=gbg4ptkp6e9a1m4p3srildkr27',
  'accept-language' => 'zh-CN,zh;q=0.9',
  'accept-encoding' => 'gzip, deflate, br',
  'referer' => 'http://localhost/myo2o/public/index.php/admin/index/index',
  'accept' => 'text/html,application/xhtml+xml,application/xml;q=0.9,image/webp,image/apng,*/*;q=0.8',
  'user-agent' => 'Mozilla/5.0 (Windows NT 6.1; Win64; x64) AppleWebKit/537.36 (KHTML, like Gecko) Chrome/64.0.3282.140 Safari/537.36',
  'upgrade-insecure-requests' => '1',
  'connection' => 'keep-alive',
  'host' => 'localhost',
  'content-length' => '',
  'content-type' => '',
)
[ info ] [ PARAM ] array (
)
[ info ] [ RUN ] app\admin\controller\Index->welcome[ E:\nginx\nginx-1.12.2\nginx-1.12.2\html\myo2o\application\admin\controller\Index.php ]
[ info ] [ LOG ] INIT File

---------------------------------------------------------------
[ 2018-02-10T23:44:05+08:00 ] 127.0.0.1 127.0.0.1 GET /myo2o/public/index.php/admin/index/index
[ log ] localhost/myo2o/public/index.php/admin/index/index [运行时间：0.048002s][吞吐率：20.83req/s] [内存消耗：1,320.17kb] [文件加载：40]
[ info ] [ LANG ] E:\nginx\nginx-1.12.2\nginx-1.12.2\html\myo2o\thinkphp\lang\zh-cn.php
[ info ] [ ROUTE ] array (
  'type' => 'module',
  'module' => 
  array (
    0 => 'admin',
    1 => 'index',
    2 => 'index',
  ),
)
[ info ] [ HEADER ] array (
  'cookie' => 'Huiskin=blue; pgv_pvi=1896228864; PHPSESSID=gbg4ptkp6e9a1m4p3srildkr27',
  'accept-language' => 'zh-CN,zh;q=0.9',
  'accept-encoding' => 'gzip, deflate, br',
  'accept' => 'text/html,application/xhtml+xml,application/xml;q=0.9,image/webp,image/apng,*/*;q=0.8',
  'user-agent' => 'Mozilla/5.0 (Windows NT 6.1; Win64; x64) AppleWebKit/537.36 (KHTML, like Gecko) Chrome/64.0.3282.140 Safari/537.36',
  'upgrade-insecure-requests' => '1',
  'cache-control' => 'max-age=0',
  'connection' => 'keep-alive',
  'host' => 'localhost',
  'content-length' => '',
  'content-type' => '',
)
[ info ] [ PARAM ] array (
)
[ info ] [ RUN ] app\admin\controller\Index->index[ E:\nginx\nginx-1.12.2\nginx-1.12.2\html\myo2o\application\admin\controller\Index.php ]
[ info ] [ VIEW ] E:\nginx\nginx-1.12.2\nginx-1.12.2\html\myo2o\public/../application/admin\view\index\index.html [ array (
) ]
[ info ] [ LOG ] INIT File

---------------------------------------------------------------
[ 2018-02-10T23:44:05+08:00 ] 127.0.0.1 127.0.0.1 GET /myo2o/public/index.php/admin/index/welcome.html
[ log ] localhost/myo2o/public/index.php/admin/index/welcome.html [运行时间：0.025002s][吞吐率：40.00req/s] [内存消耗：1,114.06kb] [文件加载：36]
[ info ] [ LANG ] E:\nginx\nginx-1.12.2\nginx-1.12.2\html\myo2o\thinkphp\lang\zh-cn.php
[ info ] [ ROUTE ] array (
  'type' => 'module',
  'module' => 
  array (
    0 => 'admin',
    1 => 'index',
    2 => 'welcome',
  ),
)
[ info ] [ HEADER ] array (
  'cookie' => 'Huiskin=blue; pgv_pvi=1896228864; PHPSESSID=gbg4ptkp6e9a1m4p3srildkr27',
  'accept-language' => 'zh-CN,zh;q=0.9',
  'accept-encoding' => 'gzip, deflate, br',
  'referer' => 'http://localhost/myo2o/public/index.php/admin/index/index',
  'accept' => 'text/html,application/xhtml+xml,application/xml;q=0.9,image/webp,image/apng,*/*;q=0.8',
  'user-agent' => 'Mozilla/5.0 (Windows NT 6.1; Win64; x64) AppleWebKit/537.36 (KHTML, like Gecko) Chrome/64.0.3282.140 Safari/537.36',
  'upgrade-insecure-requests' => '1',
  'connection' => 'keep-alive',
  'host' => 'localhost',
  'content-length' => '',
  'content-type' => '',
)
[ info ] [ PARAM ] array (
)
[ info ] [ RUN ] app\admin\controller\Index->welcome[ E:\nginx\nginx-1.12.2\nginx-1.12.2\html\myo2o\application\admin\controller\Index.php ]
[ info ] [ LOG ] INIT File

---------------------------------------------------------------
[ 2018-02-10T23:45:23+08:00 ] 127.0.0.1 127.0.0.1 GET /myo2o/public/index.php/admin/index/index
[ log ] localhost/myo2o/public/index.php/admin/index/index [运行时间：0.023001s][吞吐率：43.48req/s] [内存消耗：1,174.49kb] [文件加载：38]
[ info ] [ LANG ] E:\nginx\nginx-1.12.2\nginx-1.12.2\html\myo2o\thinkphp\lang\zh-cn.php
[ info ] [ ROUTE ] array (
  'type' => 'module',
  'module' => 
  array (
    0 => 'admin',
    1 => 'index',
    2 => 'index',
  ),
)
[ info ] [ HEADER ] array (
  'cookie' => 'Huiskin=blue; pgv_pvi=1896228864; PHPSESSID=gbg4ptkp6e9a1m4p3srildkr27',
  'accept-language' => 'zh-CN,zh;q=0.9',
  'accept-encoding' => 'gzip, deflate, br',
  'accept' => 'text/html,application/xhtml+xml,application/xml;q=0.9,image/webp,image/apng,*/*;q=0.8',
  'user-agent' => 'Mozilla/5.0 (Windows NT 6.1; Win64; x64) AppleWebKit/537.36 (KHTML, like Gecko) Chrome/64.0.3282.140 Safari/537.36',
  'upgrade-insecure-requests' => '1',
  'connection' => 'keep-alive',
  'host' => 'localhost',
  'content-length' => '',
  'content-type' => '',
)
[ info ] [ PARAM ] array (
)
[ info ] [ RUN ] app\admin\controller\Index->index[ E:\nginx\nginx-1.12.2\nginx-1.12.2\html\myo2o\application\admin\controller\Index.php ]
[ info ] [ VIEW ] E:\nginx\nginx-1.12.2\nginx-1.12.2\html\myo2o\public/../application/admin\view\index\index.html [ array (
) ]
[ info ] [ LOG ] INIT File

---------------------------------------------------------------
[ 2018-02-10T23:45:23+08:00 ] 127.0.0.1 127.0.0.1 GET /myo2o/public/index.php/admin/index/welcome.html
[ log ] localhost/myo2o/public/index.php/admin/index/welcome.html [运行时间：0.028001s][吞吐率：35.71req/s] [内存消耗：1,114.06kb] [文件加载：36]
[ info ] [ LANG ] E:\nginx\nginx-1.12.2\nginx-1.12.2\html\myo2o\thinkphp\lang\zh-cn.php
[ info ] [ ROUTE ] array (
  'type' => 'module',
  'module' => 
  array (
    0 => 'admin',
    1 => 'index',
    2 => 'welcome',
  ),
)
[ info ] [ HEADER ] array (
  'cookie' => 'Huiskin=blue; pgv_pvi=1896228864; PHPSESSID=gbg4ptkp6e9a1m4p3srildkr27',
  'accept-language' => 'zh-CN,zh;q=0.9',
  'accept-encoding' => 'gzip, deflate, br',
  'referer' => 'http://localhost/myo2o/public/index.php/admin/index/index',
  'accept' => 'text/html,application/xhtml+xml,application/xml;q=0.9,image/webp,image/apng,*/*;q=0.8',
  'user-agent' => 'Mozilla/5.0 (Windows NT 6.1; Win64; x64) AppleWebKit/537.36 (KHTML, like Gecko) Chrome/64.0.3282.140 Safari/537.36',
  'upgrade-insecure-requests' => '1',
  'connection' => 'keep-alive',
  'host' => 'localhost',
  'content-length' => '',
  'content-type' => '',
)
[ info ] [ PARAM ] array (
)
[ info ] [ RUN ] app\admin\controller\Index->welcome[ E:\nginx\nginx-1.12.2\nginx-1.12.2\html\myo2o\application\admin\controller\Index.php ]
[ info ] [ LOG ] INIT File

---------------------------------------------------------------
[ 2018-02-10T23:46:23+08:00 ] 127.0.0.1 127.0.0.1 GET /myo2o/public/index.php/admin/index/index
[ log ] localhost/myo2o/public/index.php/admin/index/index [运行时间：0.042003s][吞吐率：23.81req/s] [内存消耗：1,320.17kb] [文件加载：40]
[ info ] [ LANG ] E:\nginx\nginx-1.12.2\nginx-1.12.2\html\myo2o\thinkphp\lang\zh-cn.php
[ info ] [ ROUTE ] array (
  'type' => 'module',
  'module' => 
  array (
    0 => 'admin',
    1 => 'index',
    2 => 'index',
  ),
)
[ info ] [ HEADER ] array (
  'cookie' => 'Huiskin=blue; pgv_pvi=1896228864; PHPSESSID=gbg4ptkp6e9a1m4p3srildkr27',
  'accept-language' => 'zh-CN,zh;q=0.9',
  'accept-encoding' => 'gzip, deflate, br',
  'accept' => 'text/html,application/xhtml+xml,application/xml;q=0.9,image/webp,image/apng,*/*;q=0.8',
  'user-agent' => 'Mozilla/5.0 (Windows NT 6.1; Win64; x64) AppleWebKit/537.36 (KHTML, like Gecko) Chrome/64.0.3282.140 Safari/537.36',
  'upgrade-insecure-requests' => '1',
  'cache-control' => 'max-age=0',
  'connection' => 'keep-alive',
  'host' => 'localhost',
  'content-length' => '',
  'content-type' => '',
)
[ info ] [ PARAM ] array (
)
[ info ] [ RUN ] app\admin\controller\Index->index[ E:\nginx\nginx-1.12.2\nginx-1.12.2\html\myo2o\application\admin\controller\Index.php ]
[ info ] [ VIEW ] E:\nginx\nginx-1.12.2\nginx-1.12.2\html\myo2o\public/../application/admin\view\index\index.html [ array (
) ]
[ info ] [ LOG ] INIT File

---------------------------------------------------------------
[ 2018-02-10T23:46:23+08:00 ] 127.0.0.1 127.0.0.1 GET /myo2o/public/index.php/admin/index/welcome.html
[ log ] localhost/myo2o/public/index.php/admin/index/welcome.html [运行时间：0.023001s][吞吐率：43.48req/s] [内存消耗：1,114.06kb] [文件加载：36]
[ info ] [ LANG ] E:\nginx\nginx-1.12.2\nginx-1.12.2\html\myo2o\thinkphp\lang\zh-cn.php
[ info ] [ ROUTE ] array (
  'type' => 'module',
  'module' => 
  array (
    0 => 'admin',
    1 => 'index',
    2 => 'welcome',
  ),
)
[ info ] [ HEADER ] array (
  'cookie' => 'Huiskin=blue; pgv_pvi=1896228864; PHPSESSID=gbg4ptkp6e9a1m4p3srildkr27',
  'accept-language' => 'zh-CN,zh;q=0.9',
  'accept-encoding' => 'gzip, deflate, br',
  'referer' => 'http://localhost/myo2o/public/index.php/admin/index/index',
  'accept' => 'text/html,application/xhtml+xml,application/xml;q=0.9,image/webp,image/apng,*/*;q=0.8',
  'user-agent' => 'Mozilla/5.0 (Windows NT 6.1; Win64; x64) AppleWebKit/537.36 (KHTML, like Gecko) Chrome/64.0.3282.140 Safari/537.36',
  'upgrade-insecure-requests' => '1',
  'connection' => 'keep-alive',
  'host' => 'localhost',
  'content-length' => '',
  'content-type' => '',
)
[ info ] [ PARAM ] array (
)
[ info ] [ RUN ] app\admin\controller\Index->welcome[ E:\nginx\nginx-1.12.2\nginx-1.12.2\html\myo2o\application\admin\controller\Index.php ]
[ info ] [ LOG ] INIT File

---------------------------------------------------------------
